{"/Users/tarek/development/creating-mcp/color-converter-mcp/src/colorConverter.ts": {"path":"/Users/tarek/development/creating-mcp/color-converter-mcp/src/colorConverter.ts","all":false,"statementMap":{"0":{"start":{"line":1,"column":0},"end":{"line":1,"column":92}},"3":{"start":{"line":4,"column":0},"end":{"line":4,"column":29}},"5":{"start":{"line":6,"column":0},"end":{"line":6,"column":58}},"6":{"start":{"line":7,"column":0},"end":{"line":7,"column":47}},"9":{"start":{"line":10,"column":0},"end":{"line":10,"column":32}},"10":{"start":{"line":11,"column":0},"end":{"line":11,"column":19}},"11":{"start":{"line":12,"column":0},"end":{"line":12,"column":5}},"14":{"start":{"line":15,"column":0},"end":{"line":15,"column":56}},"15":{"start":{"line":16,"column":0},"end":{"line":16,"column":19}},"16":{"start":{"line":17,"column":0},"end":{"line":17,"column":5}},"19":{"start":{"line":20,"column":0},"end":{"line":20,"column":83}},"20":{"start":{"line":21,"column":0},"end":{"line":21,"column":20}},"21":{"start":{"line":22,"column":0},"end":{"line":22,"column":5}},"24":{"start":{"line":25,"column":0},"end":{"line":25,"column":70}},"25":{"start":{"line":26,"column":0},"end":{"line":26,"column":52}},"26":{"start":{"line":27,"column":0},"end":{"line":27,"column":19}},"27":{"start":{"line":28,"column":0},"end":{"line":28,"column":5}},"30":{"start":{"line":31,"column":0},"end":{"line":31,"column":87}},"31":{"start":{"line":32,"column":0},"end":{"line":32,"column":20}},"32":{"start":{"line":33,"column":0},"end":{"line":33,"column":5}},"35":{"start":{"line":36,"column":0},"end":{"line":36,"column":73}},"36":{"start":{"line":37,"column":0},"end":{"line":37,"column":19}},"37":{"start":{"line":38,"column":0},"end":{"line":38,"column":5}},"40":{"start":{"line":41,"column":0},"end":{"line":41,"column":79}},"41":{"start":{"line":42,"column":0},"end":{"line":42,"column":19}},"42":{"start":{"line":43,"column":0},"end":{"line":43,"column":5}},"45":{"start":{"line":46,"column":0},"end":{"line":46,"column":88}},"46":{"start":{"line":47,"column":0},"end":{"line":47,"column":20}},"47":{"start":{"line":48,"column":0},"end":{"line":48,"column":5}},"49":{"start":{"line":50,"column":0},"end":{"line":50,"column":16}},"50":{"start":{"line":51,"column":0},"end":{"line":51,"column":3}},"53":{"start":{"line":54,"column":0},"end":{"line":54,"column":77}},"54":{"start":{"line":55,"column":0},"end":{"line":55,"column":62}},"55":{"start":{"line":56,"column":0},"end":{"line":56,"column":37}},"57":{"start":{"line":58,"column":0},"end":{"line":58,"column":33}},"58":{"start":{"line":59,"column":0},"end":{"line":59,"column":47}},"61":{"start":{"line":62,"column":0},"end":{"line":62,"column":65}},"62":{"start":{"line":63,"column":0},"end":{"line":63,"column":55}},"63":{"start":{"line":64,"column":0},"end":{"line":64,"column":44}},"64":{"start":{"line":65,"column":0},"end":{"line":65,"column":50}},"65":{"start":{"line":66,"column":0},"end":{"line":66,"column":7}},"66":{"start":{"line":67,"column":0},"end":{"line":67,"column":45}},"67":{"start":{"line":68,"column":0},"end":{"line":68,"column":85}},"68":{"start":{"line":69,"column":0},"end":{"line":69,"column":7}},"69":{"start":{"line":70,"column":0},"end":{"line":70,"column":42}},"70":{"start":{"line":71,"column":0},"end":{"line":71,"column":5}},"72":{"start":{"line":73,"column":0},"end":{"line":73,"column":29}},"73":{"start":{"line":74,"column":0},"end":{"line":74,"column":17}},"74":{"start":{"line":75,"column":0},"end":{"line":75,"column":38}},"75":{"start":{"line":76,"column":0},"end":{"line":76,"column":17}},"76":{"start":{"line":77,"column":0},"end":{"line":77,"column":44}},"77":{"start":{"line":78,"column":0},"end":{"line":78,"column":18}},"78":{"start":{"line":79,"column":0},"end":{"line":79,"column":45}},"79":{"start":{"line":80,"column":0},"end":{"line":80,"column":17}},"80":{"start":{"line":81,"column":0},"end":{"line":81,"column":60}},"81":{"start":{"line":82,"column":0},"end":{"line":82,"column":18}},"82":{"start":{"line":83,"column":0},"end":{"line":83,"column":52}},"83":{"start":{"line":84,"column":0},"end":{"line":84,"column":40}},"84":{"start":{"line":85,"column":0},"end":{"line":85,"column":45}},"85":{"start":{"line":86,"column":0},"end":{"line":86,"column":17}},"86":{"start":{"line":87,"column":0},"end":{"line":87,"column":17}},"87":{"start":{"line":88,"column":0},"end":{"line":88,"column":60}},"88":{"start":{"line":89,"column":0},"end":{"line":89,"column":18}},"89":{"start":{"line":90,"column":0},"end":{"line":90,"column":62}},"90":{"start":{"line":91,"column":0},"end":{"line":91,"column":14}},"91":{"start":{"line":92,"column":0},"end":{"line":92,"column":20}},"92":{"start":{"line":93,"column":0},"end":{"line":93,"column":5}},"93":{"start":{"line":94,"column":0},"end":{"line":94,"column":3}},"96":{"start":{"line":97,"column":0},"end":{"line":97,"column":44}},"97":{"start":{"line":98,"column":0},"end":{"line":98,"column":41}},"98":{"start":{"line":99,"column":0},"end":{"line":99,"column":40}},"100":{"start":{"line":101,"column":0},"end":{"line":101,"column":31}},"101":{"start":{"line":102,"column":0},"end":{"line":102,"column":48}},"102":{"start":{"line":103,"column":0},"end":{"line":103,"column":48}},"103":{"start":{"line":104,"column":0},"end":{"line":104,"column":48}},"104":{"start":{"line":105,"column":0},"end":{"line":105,"column":38}},"105":{"start":{"line":106,"column":0},"end":{"line":106,"column":45}},"106":{"start":{"line":107,"column":0},"end":{"line":107,"column":45}},"107":{"start":{"line":108,"column":0},"end":{"line":108,"column":45}},"108":{"start":{"line":109,"column":0},"end":{"line":109,"column":12}},"109":{"start":{"line":110,"column":0},"end":{"line":110,"column":18}},"110":{"start":{"line":111,"column":0},"end":{"line":111,"column":5}},"113":{"start":{"line":114,"column":0},"end":{"line":114,"column":43}},"114":{"start":{"line":115,"column":0},"end":{"line":115,"column":18}},"115":{"start":{"line":116,"column":0},"end":{"line":116,"column":5}},"117":{"start":{"line":118,"column":0},"end":{"line":118,"column":23}},"118":{"start":{"line":119,"column":0},"end":{"line":119,"column":3}},"121":{"start":{"line":122,"column":0},"end":{"line":122,"column":37}},"122":{"start":{"line":123,"column":0},"end":{"line":123,"column":34}},"123":{"start":{"line":124,"column":0},"end":{"line":124,"column":73}},"124":{"start":{"line":125,"column":0},"end":{"line":125,"column":48}},"125":{"start":{"line":126,"column":0},"end":{"line":126,"column":6}},"126":{"start":{"line":127,"column":0},"end":{"line":127,"column":60}},"127":{"start":{"line":128,"column":0},"end":{"line":128,"column":3}},"130":{"start":{"line":131,"column":0},"end":{"line":131,"column":34}},"131":{"start":{"line":132,"column":0},"end":{"line":132,"column":26}},"132":{"start":{"line":133,"column":0},"end":{"line":133,"column":26}},"133":{"start":{"line":134,"column":0},"end":{"line":134,"column":26}},"135":{"start":{"line":136,"column":0},"end":{"line":136,"column":34}},"136":{"start":{"line":137,"column":0},"end":{"line":137,"column":34}},"137":{"start":{"line":138,"column":0},"end":{"line":138,"column":27}},"138":{"start":{"line":139,"column":0},"end":{"line":139,"column":26}},"139":{"start":{"line":140,"column":0},"end":{"line":140,"column":24}},"141":{"start":{"line":142,"column":0},"end":{"line":142,"column":14}},"142":{"start":{"line":143,"column":0},"end":{"line":143,"column":14}},"144":{"start":{"line":145,"column":0},"end":{"line":145,"column":21}},"145":{"start":{"line":146,"column":0},"end":{"line":146,"column":50}},"146":{"start":{"line":147,"column":0},"end":{"line":147,"column":20}},"147":{"start":{"line":148,"column":0},"end":{"line":148,"column":15}},"148":{"start":{"line":149,"column":0},"end":{"line":149,"column":49}},"149":{"start":{"line":150,"column":0},"end":{"line":150,"column":16}},"150":{"start":{"line":151,"column":0},"end":{"line":151,"column":15}},"151":{"start":{"line":152,"column":0},"end":{"line":152,"column":33}},"152":{"start":{"line":153,"column":0},"end":{"line":153,"column":16}},"153":{"start":{"line":154,"column":0},"end":{"line":154,"column":15}},"154":{"start":{"line":155,"column":0},"end":{"line":155,"column":33}},"155":{"start":{"line":156,"column":0},"end":{"line":156,"column":16}},"156":{"start":{"line":157,"column":0},"end":{"line":157,"column":7}},"157":{"start":{"line":158,"column":0},"end":{"line":158,"column":13}},"158":{"start":{"line":159,"column":0},"end":{"line":159,"column":5}},"160":{"start":{"line":161,"column":0},"end":{"line":161,"column":12}},"161":{"start":{"line":162,"column":0},"end":{"line":162,"column":29}},"162":{"start":{"line":163,"column":0},"end":{"line":163,"column":29}},"163":{"start":{"line":164,"column":0},"end":{"line":164,"column":28}},"164":{"start":{"line":165,"column":0},"end":{"line":165,"column":6}},"165":{"start":{"line":166,"column":0},"end":{"line":166,"column":3}},"168":{"start":{"line":169,"column":0},"end":{"line":169,"column":34}},"169":{"start":{"line":170,"column":0},"end":{"line":170,"column":26}},"170":{"start":{"line":171,"column":0},"end":{"line":171,"column":26}},"171":{"start":{"line":172,"column":0},"end":{"line":172,"column":26}},"173":{"start":{"line":174,"column":0},"end":{"line":174,"column":40}},"175":{"start":{"line":176,"column":0},"end":{"line":176,"column":18}},"176":{"start":{"line":177,"column":0},"end":{"line":177,"column":20}},"177":{"start":{"line":178,"column":0},"end":{"line":178,"column":12}},"178":{"start":{"line":179,"column":0},"end":{"line":179,"column":60}},"179":{"start":{"line":180,"column":0},"end":{"line":180,"column":26}},"180":{"start":{"line":181,"column":0},"end":{"line":181,"column":26}},"181":{"start":{"line":182,"column":0},"end":{"line":182,"column":48}},"182":{"start":{"line":183,"column":0},"end":{"line":183,"column":30}},"183":{"start":{"line":184,"column":0},"end":{"line":184,"column":56}},"184":{"start":{"line":185,"column":0},"end":{"line":185,"column":17}},"185":{"start":{"line":186,"column":0},"end":{"line":186,"column":8}},"187":{"start":{"line":188,"column":0},"end":{"line":188,"column":54}},"188":{"start":{"line":189,"column":0},"end":{"line":189,"column":26}},"189":{"start":{"line":190,"column":0},"end":{"line":190,"column":33}},"190":{"start":{"line":191,"column":0},"end":{"line":191,"column":27}},"191":{"start":{"line":192,"column":0},"end":{"line":192,"column":33}},"192":{"start":{"line":193,"column":0},"end":{"line":193,"column":5}},"194":{"start":{"line":195,"column":0},"end":{"line":195,"column":12}},"195":{"start":{"line":196,"column":0},"end":{"line":196,"column":29}},"196":{"start":{"line":197,"column":0},"end":{"line":197,"column":29}},"197":{"start":{"line":198,"column":0},"end":{"line":198,"column":28}},"198":{"start":{"line":199,"column":0},"end":{"line":199,"column":6}},"199":{"start":{"line":200,"column":0},"end":{"line":200,"column":3}},"202":{"start":{"line":203,"column":0},"end":{"line":203,"column":34}},"203":{"start":{"line":204,"column":0},"end":{"line":204,"column":26}},"204":{"start":{"line":205,"column":0},"end":{"line":205,"column":26}},"205":{"start":{"line":206,"column":0},"end":{"line":206,"column":26}},"207":{"start":{"line":208,"column":0},"end":{"line":208,"column":34}},"208":{"start":{"line":209,"column":0},"end":{"line":209,"column":34}},"209":{"start":{"line":210,"column":0},"end":{"line":210,"column":27}},"210":{"start":{"line":211,"column":0},"end":{"line":211,"column":27}},"211":{"start":{"line":212,"column":0},"end":{"line":212,"column":50}},"213":{"start":{"line":214,"column":0},"end":{"line":214,"column":16}},"214":{"start":{"line":215,"column":0},"end":{"line":215,"column":21}},"215":{"start":{"line":216,"column":0},"end":{"line":216,"column":20}},"216":{"start":{"line":217,"column":0},"end":{"line":217,"column":15}},"217":{"start":{"line":218,"column":0},"end":{"line":218,"column":51}},"218":{"start":{"line":219,"column":0},"end":{"line":219,"column":16}},"219":{"start":{"line":220,"column":0},"end":{"line":220,"column":15}},"220":{"start":{"line":221,"column":0},"end":{"line":221,"column":35}},"221":{"start":{"line":222,"column":0},"end":{"line":222,"column":16}},"222":{"start":{"line":223,"column":0},"end":{"line":223,"column":15}},"223":{"start":{"line":224,"column":0},"end":{"line":224,"column":35}},"224":{"start":{"line":225,"column":0},"end":{"line":225,"column":16}},"225":{"start":{"line":226,"column":0},"end":{"line":226,"column":7}},"226":{"start":{"line":227,"column":0},"end":{"line":227,"column":15}},"227":{"start":{"line":228,"column":0},"end":{"line":228,"column":5}},"229":{"start":{"line":230,"column":0},"end":{"line":230,"column":12}},"230":{"start":{"line":231,"column":0},"end":{"line":231,"column":31}},"231":{"start":{"line":232,"column":0},"end":{"line":232,"column":38}},"232":{"start":{"line":233,"column":0},"end":{"line":233,"column":37}},"233":{"start":{"line":234,"column":0},"end":{"line":234,"column":6}},"234":{"start":{"line":235,"column":0},"end":{"line":235,"column":3}},"237":{"start":{"line":238,"column":0},"end":{"line":238,"column":34}},"238":{"start":{"line":239,"column":0},"end":{"line":239,"column":26}},"239":{"start":{"line":240,"column":0},"end":{"line":240,"column":26}},"240":{"start":{"line":241,"column":0},"end":{"line":241,"column":26}},"242":{"start":{"line":243,"column":0},"end":{"line":243,"column":43}},"244":{"start":{"line":245,"column":0},"end":{"line":245,"column":18}},"245":{"start":{"line":246,"column":0},"end":{"line":246,"column":23}},"246":{"start":{"line":247,"column":0},"end":{"line":247,"column":12}},"247":{"start":{"line":248,"column":0},"end":{"line":248,"column":34}},"248":{"start":{"line":249,"column":0},"end":{"line":249,"column":26}},"249":{"start":{"line":250,"column":0},"end":{"line":250,"column":28}},"250":{"start":{"line":251,"column":0},"end":{"line":251,"column":32}},"251":{"start":{"line":252,"column":0},"end":{"line":252,"column":38}},"253":{"start":{"line":254,"column":0},"end":{"line":254,"column":22}},"254":{"start":{"line":255,"column":0},"end":{"line":255,"column":46}},"255":{"start":{"line":256,"column":0},"end":{"line":256,"column":46}},"256":{"start":{"line":257,"column":0},"end":{"line":257,"column":46}},"257":{"start":{"line":258,"column":0},"end":{"line":258,"column":46}},"258":{"start":{"line":259,"column":0},"end":{"line":259,"column":46}},"259":{"start":{"line":260,"column":0},"end":{"line":260,"column":46}},"260":{"start":{"line":261,"column":0},"end":{"line":261,"column":34}},"261":{"start":{"line":262,"column":0},"end":{"line":262,"column":7}},"262":{"start":{"line":263,"column":0},"end":{"line":263,"column":5}},"264":{"start":{"line":265,"column":0},"end":{"line":265,"column":12}},"265":{"start":{"line":266,"column":0},"end":{"line":266,"column":29}},"266":{"start":{"line":267,"column":0},"end":{"line":267,"column":29}},"267":{"start":{"line":268,"column":0},"end":{"line":268,"column":31}},"268":{"start":{"line":269,"column":0},"end":{"line":269,"column":6}},"269":{"start":{"line":270,"column":0},"end":{"line":270,"column":3}},"272":{"start":{"line":273,"column":0},"end":{"line":273,"column":36}},"273":{"start":{"line":274,"column":0},"end":{"line":274,"column":26}},"274":{"start":{"line":275,"column":0},"end":{"line":275,"column":26}},"275":{"start":{"line":276,"column":0},"end":{"line":276,"column":26}},"277":{"start":{"line":278,"column":0},"end":{"line":278,"column":36}},"278":{"start":{"line":279,"column":0},"end":{"line":279,"column":50}},"279":{"start":{"line":280,"column":0},"end":{"line":280,"column":50}},"280":{"start":{"line":281,"column":0},"end":{"line":281,"column":50}},"282":{"start":{"line":283,"column":0},"end":{"line":283,"column":12}},"283":{"start":{"line":284,"column":0},"end":{"line":284,"column":29}},"284":{"start":{"line":285,"column":0},"end":{"line":285,"column":29}},"285":{"start":{"line":286,"column":0},"end":{"line":286,"column":29}},"286":{"start":{"line":287,"column":0},"end":{"line":287,"column":28}},"287":{"start":{"line":288,"column":0},"end":{"line":288,"column":6}},"288":{"start":{"line":289,"column":0},"end":{"line":289,"column":3}},"291":{"start":{"line":292,"column":0},"end":{"line":292,"column":37}},"292":{"start":{"line":293,"column":0},"end":{"line":293,"column":27}},"293":{"start":{"line":294,"column":0},"end":{"line":294,"column":27}},"294":{"start":{"line":295,"column":0},"end":{"line":295,"column":27}},"295":{"start":{"line":296,"column":0},"end":{"line":296,"column":27}},"297":{"start":{"line":298,"column":0},"end":{"line":298,"column":38}},"298":{"start":{"line":299,"column":0},"end":{"line":299,"column":38}},"299":{"start":{"line":300,"column":0},"end":{"line":300,"column":38}},"301":{"start":{"line":302,"column":0},"end":{"line":302,"column":12}},"302":{"start":{"line":303,"column":0},"end":{"line":303,"column":23}},"303":{"start":{"line":304,"column":0},"end":{"line":304,"column":23}},"304":{"start":{"line":305,"column":0},"end":{"line":305,"column":22}},"305":{"start":{"line":306,"column":0},"end":{"line":306,"column":6}},"306":{"start":{"line":307,"column":0},"end":{"line":307,"column":3}},"309":{"start":{"line":310,"column":0},"end":{"line":310,"column":52}},"311":{"start":{"line":312,"column":0},"end":{"line":312,"column":84}},"312":{"start":{"line":313,"column":0},"end":{"line":313,"column":17}},"313":{"start":{"line":314,"column":0},"end":{"line":314,"column":67}},"314":{"start":{"line":315,"column":0},"end":{"line":315,"column":5}},"315":{"start":{"line":316,"column":0},"end":{"line":316,"column":28}},"317":{"start":{"line":318,"column":0},"end":{"line":318,"column":33}},"318":{"start":{"line":319,"column":0},"end":{"line":319,"column":33}},"319":{"start":{"line":320,"column":0},"end":{"line":320,"column":33}},"321":{"start":{"line":322,"column":0},"end":{"line":322,"column":67}},"322":{"start":{"line":323,"column":0},"end":{"line":323,"column":91}},"323":{"start":{"line":324,"column":0},"end":{"line":324,"column":5}},"325":{"start":{"line":326,"column":0},"end":{"line":326,"column":23}},"326":{"start":{"line":327,"column":0},"end":{"line":327,"column":3}},"329":{"start":{"line":330,"column":0},"end":{"line":330,"column":54}},"330":{"start":{"line":331,"column":0},"end":{"line":331,"column":104}},"331":{"start":{"line":332,"column":0},"end":{"line":332,"column":28}},"333":{"start":{"line":334,"column":0},"end":{"line":334,"column":33}},"334":{"start":{"line":335,"column":0},"end":{"line":335,"column":33}},"335":{"start":{"line":336,"column":0},"end":{"line":336,"column":33}},"336":{"start":{"line":337,"column":0},"end":{"line":337,"column":35}},"338":{"start":{"line":339,"column":0},"end":{"line":339,"column":67}},"339":{"start":{"line":340,"column":0},"end":{"line":340,"column":91}},"340":{"start":{"line":341,"column":0},"end":{"line":341,"column":5}},"342":{"start":{"line":343,"column":0},"end":{"line":343,"column":25}},"343":{"start":{"line":344,"column":0},"end":{"line":344,"column":72}},"344":{"start":{"line":345,"column":0},"end":{"line":345,"column":5}},"346":{"start":{"line":347,"column":0},"end":{"line":347,"column":26}},"347":{"start":{"line":348,"column":0},"end":{"line":348,"column":3}},"350":{"start":{"line":351,"column":0},"end":{"line":351,"column":52}},"351":{"start":{"line":352,"column":0},"end":{"line":352,"column":67}},"352":{"start":{"line":353,"column":0},"end":{"line":353,"column":28}},"354":{"start":{"line":355,"column":0},"end":{"line":355,"column":33}},"355":{"start":{"line":356,"column":0},"end":{"line":356,"column":33}},"356":{"start":{"line":357,"column":0},"end":{"line":357,"column":33}},"358":{"start":{"line":359,"column":0},"end":{"line":359,"column":27}},"359":{"start":{"line":360,"column":0},"end":{"line":360,"column":66}},"360":{"start":{"line":361,"column":0},"end":{"line":361,"column":5}},"361":{"start":{"line":362,"column":0},"end":{"line":362,"column":47}},"362":{"start":{"line":363,"column":0},"end":{"line":363,"column":97}},"363":{"start":{"line":364,"column":0},"end":{"line":364,"column":5}},"365":{"start":{"line":366,"column":0},"end":{"line":366,"column":23}},"366":{"start":{"line":367,"column":0},"end":{"line":367,"column":3}},"369":{"start":{"line":370,"column":0},"end":{"line":370,"column":54}},"370":{"start":{"line":371,"column":0},"end":{"line":371,"column":100}},"371":{"start":{"line":372,"column":0},"end":{"line":372,"column":28}},"373":{"start":{"line":374,"column":0},"end":{"line":374,"column":33}},"374":{"start":{"line":375,"column":0},"end":{"line":375,"column":33}},"375":{"start":{"line":376,"column":0},"end":{"line":376,"column":33}},"376":{"start":{"line":377,"column":0},"end":{"line":377,"column":35}},"378":{"start":{"line":379,"column":0},"end":{"line":379,"column":27}},"379":{"start":{"line":380,"column":0},"end":{"line":380,"column":66}},"380":{"start":{"line":381,"column":0},"end":{"line":381,"column":5}},"381":{"start":{"line":382,"column":0},"end":{"line":382,"column":47}},"382":{"start":{"line":383,"column":0},"end":{"line":383,"column":97}},"383":{"start":{"line":384,"column":0},"end":{"line":384,"column":5}},"384":{"start":{"line":385,"column":0},"end":{"line":385,"column":25}},"385":{"start":{"line":386,"column":0},"end":{"line":386,"column":72}},"386":{"start":{"line":387,"column":0},"end":{"line":387,"column":5}},"388":{"start":{"line":389,"column":0},"end":{"line":389,"column":26}},"389":{"start":{"line":390,"column":0},"end":{"line":390,"column":3}},"392":{"start":{"line":393,"column":0},"end":{"line":393,"column":52}},"393":{"start":{"line":394,"column":0},"end":{"line":394,"column":67}},"394":{"start":{"line":395,"column":0},"end":{"line":395,"column":28}},"396":{"start":{"line":397,"column":0},"end":{"line":397,"column":33}},"397":{"start":{"line":398,"column":0},"end":{"line":398,"column":33}},"398":{"start":{"line":399,"column":0},"end":{"line":399,"column":33}},"400":{"start":{"line":401,"column":0},"end":{"line":401,"column":27}},"401":{"start":{"line":402,"column":0},"end":{"line":402,"column":66}},"402":{"start":{"line":403,"column":0},"end":{"line":403,"column":5}},"403":{"start":{"line":404,"column":0},"end":{"line":404,"column":47}},"404":{"start":{"line":405,"column":0},"end":{"line":405,"column":98}},"405":{"start":{"line":406,"column":0},"end":{"line":406,"column":5}},"407":{"start":{"line":408,"column":0},"end":{"line":408,"column":23}},"408":{"start":{"line":409,"column":0},"end":{"line":409,"column":3}},"411":{"start":{"line":412,"column":0},"end":{"line":412,"column":54}},"412":{"start":{"line":413,"column":0},"end":{"line":413,"column":91}},"413":{"start":{"line":414,"column":0},"end":{"line":414,"column":28}},"415":{"start":{"line":416,"column":0},"end":{"line":416,"column":33}},"416":{"start":{"line":417,"column":0},"end":{"line":417,"column":33}},"417":{"start":{"line":418,"column":0},"end":{"line":418,"column":33}},"418":{"start":{"line":419,"column":0},"end":{"line":419,"column":33}},"420":{"start":{"line":421,"column":0},"end":{"line":421,"column":87}},"421":{"start":{"line":422,"column":0},"end":{"line":422,"column":100}},"422":{"start":{"line":423,"column":0},"end":{"line":423,"column":5}},"424":{"start":{"line":425,"column":0},"end":{"line":425,"column":26}},"425":{"start":{"line":426,"column":0},"end":{"line":426,"column":3}},"428":{"start":{"line":429,"column":0},"end":{"line":429,"column":38}},"429":{"start":{"line":430,"column":0},"end":{"line":430,"column":47}},"430":{"start":{"line":431,"column":0},"end":{"line":431,"column":3}},"432":{"start":{"line":433,"column":0},"end":{"line":433,"column":41}},"433":{"start":{"line":434,"column":0},"end":{"line":434,"column":62}},"434":{"start":{"line":435,"column":0},"end":{"line":435,"column":3}},"436":{"start":{"line":437,"column":0},"end":{"line":437,"column":38}},"437":{"start":{"line":438,"column":0},"end":{"line":438,"column":49}},"438":{"start":{"line":439,"column":0},"end":{"line":439,"column":3}},"440":{"start":{"line":441,"column":0},"end":{"line":441,"column":41}},"441":{"start":{"line":442,"column":0},"end":{"line":442,"column":64}},"442":{"start":{"line":443,"column":0},"end":{"line":443,"column":3}},"444":{"start":{"line":445,"column":0},"end":{"line":445,"column":38}},"445":{"start":{"line":446,"column":0},"end":{"line":446,"column":49}},"446":{"start":{"line":447,"column":0},"end":{"line":447,"column":3}},"448":{"start":{"line":449,"column":0},"end":{"line":449,"column":41}},"449":{"start":{"line":450,"column":0},"end":{"line":450,"column":66}},"450":{"start":{"line":451,"column":0},"end":{"line":451,"column":3}},"453":{"start":{"line":454,"column":0},"end":{"line":454,"column":91}},"455":{"start":{"line":456,"column":0},"end":{"line":456,"column":51}},"456":{"start":{"line":457,"column":0},"end":{"line":457,"column":21}},"457":{"start":{"line":458,"column":0},"end":{"line":458,"column":55}},"458":{"start":{"line":459,"column":0},"end":{"line":459,"column":5}},"461":{"start":{"line":462,"column":0},"end":{"line":462,"column":38}},"462":{"start":{"line":463,"column":0},"end":{"line":463,"column":72}},"463":{"start":{"line":464,"column":0},"end":{"line":464,"column":63}},"466":{"start":{"line":467,"column":0},"end":{"line":467,"column":85}},"467":{"start":{"line":468,"column":0},"end":{"line":468,"column":60}},"469":{"start":{"line":470,"column":0},"end":{"line":470,"column":41}},"470":{"start":{"line":471,"column":0},"end":{"line":471,"column":23}},"471":{"start":{"line":472,"column":0},"end":{"line":472,"column":19}},"472":{"start":{"line":473,"column":0},"end":{"line":473,"column":42}},"473":{"start":{"line":474,"column":0},"end":{"line":474,"column":16}},"474":{"start":{"line":475,"column":0},"end":{"line":475,"column":19}},"475":{"start":{"line":476,"column":0},"end":{"line":476,"column":43}},"476":{"start":{"line":477,"column":0},"end":{"line":477,"column":16}},"477":{"start":{"line":478,"column":0},"end":{"line":478,"column":20}},"478":{"start":{"line":479,"column":0},"end":{"line":479,"column":36}},"479":{"start":{"line":480,"column":0},"end":{"line":480,"column":52}},"480":{"start":{"line":481,"column":0},"end":{"line":481,"column":48}},"481":{"start":{"line":482,"column":0},"end":{"line":482,"column":42}},"482":{"start":{"line":483,"column":0},"end":{"line":483,"column":11}},"483":{"start":{"line":484,"column":0},"end":{"line":484,"column":16}},"484":{"start":{"line":485,"column":0},"end":{"line":485,"column":19}},"485":{"start":{"line":486,"column":0},"end":{"line":486,"column":41}},"486":{"start":{"line":487,"column":0},"end":{"line":487,"column":43}},"487":{"start":{"line":488,"column":0},"end":{"line":488,"column":38}},"488":{"start":{"line":489,"column":0},"end":{"line":489,"column":16}},"489":{"start":{"line":490,"column":0},"end":{"line":490,"column":20}},"490":{"start":{"line":491,"column":0},"end":{"line":491,"column":36}},"491":{"start":{"line":492,"column":0},"end":{"line":492,"column":43}},"492":{"start":{"line":493,"column":0},"end":{"line":493,"column":52}},"493":{"start":{"line":494,"column":0},"end":{"line":494,"column":48}},"494":{"start":{"line":495,"column":0},"end":{"line":495,"column":42}},"495":{"start":{"line":496,"column":0},"end":{"line":496,"column":11}},"496":{"start":{"line":497,"column":0},"end":{"line":497,"column":16}},"497":{"start":{"line":498,"column":0},"end":{"line":498,"column":19}},"498":{"start":{"line":499,"column":0},"end":{"line":499,"column":19}},"499":{"start":{"line":500,"column":0},"end":{"line":500,"column":41}},"500":{"start":{"line":501,"column":0},"end":{"line":501,"column":43}},"501":{"start":{"line":502,"column":0},"end":{"line":502,"column":62}},"502":{"start":{"line":503,"column":0},"end":{"line":503,"column":38}},"503":{"start":{"line":504,"column":0},"end":{"line":504,"column":16}},"504":{"start":{"line":505,"column":0},"end":{"line":505,"column":20}},"505":{"start":{"line":506,"column":0},"end":{"line":506,"column":43}},"506":{"start":{"line":507,"column":0},"end":{"line":507,"column":46}},"507":{"start":{"line":508,"column":0},"end":{"line":508,"column":40}},"508":{"start":{"line":509,"column":0},"end":{"line":509,"column":16}},"509":{"start":{"line":510,"column":0},"end":{"line":510,"column":7}},"510":{"start":{"line":511,"column":0},"end":{"line":511,"column":5}},"512":{"start":{"line":513,"column":0},"end":{"line":513,"column":18}},"513":{"start":{"line":514,"column":0},"end":{"line":514,"column":3}},"514":{"start":{"line":515,"column":0},"end":{"line":515,"column":1}}},"s":{"0":1,"3":1,"5":1,"6":145,"9":145,"10":32,"11":32,"14":145,"15":32,"16":32,"19":145,"20":9,"21":9,"24":72,"25":145,"26":23,"27":23,"30":145,"31":6,"32":6,"35":145,"36":15,"37":15,"40":145,"41":9,"42":9,"45":145,"46":8,"47":8,"49":11,"50":145,"53":1,"54":94,"55":94,"57":86,"58":86,"61":94,"62":26,"63":26,"64":2,"65":2,"66":26,"67":2,"68":2,"69":22,"70":22,"72":60,"73":94,"74":25,"75":94,"76":16,"77":94,"78":5,"79":94,"80":6,"81":94,"82":2,"83":2,"84":2,"85":94,"86":94,"87":3,"88":94,"89":3,"90":94,"91":0,"92":94,"93":94,"96":1,"97":60,"98":60,"100":60,"101":5,"102":5,"103":5,"104":60,"105":53,"106":53,"107":53,"108":55,"109":2,"110":2,"113":60,"114":1,"115":1,"117":57,"118":60,"121":1,"122":69,"123":207,"124":207,"125":207,"126":69,"127":69,"130":1,"131":73,"132":73,"133":73,"135":73,"136":73,"137":73,"138":73,"139":73,"141":73,"142":73,"144":73,"145":63,"146":63,"147":63,"148":49,"149":49,"150":63,"151":8,"152":8,"153":63,"154":6,"155":6,"156":63,"157":63,"158":63,"160":73,"161":73,"162":73,"163":73,"164":73,"165":73,"168":1,"169":11,"170":11,"171":11,"173":11,"175":11,"176":1,"177":11,"178":10,"179":30,"180":30,"181":30,"182":30,"183":30,"184":11,"185":30,"187":10,"188":10,"189":10,"190":10,"191":10,"192":10,"194":11,"195":11,"196":11,"197":11,"198":11,"199":11,"202":1,"203":65,"204":65,"205":65,"207":65,"208":65,"209":65,"210":65,"211":65,"213":65,"214":65,"215":56,"216":56,"217":43,"218":43,"219":56,"220":7,"221":7,"222":56,"223":6,"224":6,"225":56,"226":56,"227":56,"229":65,"230":65,"231":65,"232":65,"233":65,"234":65,"237":1,"238":7,"239":7,"240":7,"242":7,"244":7,"245":0,"246":7,"247":7,"248":7,"249":7,"250":7,"251":7,"253":7,"254":7,"255":7,"256":7,"257":7,"258":7,"259":7,"260":7,"261":7,"262":7,"264":7,"265":7,"266":7,"267":7,"268":7,"269":7,"272":1,"273":64,"274":64,"275":64,"277":64,"278":64,"279":64,"280":64,"282":64,"283":64,"284":64,"285":64,"286":64,"287":64,"288":64,"291":1,"292":6,"293":6,"294":6,"295":6,"297":6,"298":6,"299":6,"301":6,"302":6,"303":6,"304":6,"305":6,"306":6,"309":1,"311":22,"312":22,"313":5,"314":5,"315":22,"317":21,"318":21,"319":21,"321":22,"322":4,"323":4,"325":17,"326":22,"329":1,"330":9,"331":9,"333":9,"334":9,"335":9,"336":9,"338":9,"339":0,"340":0,"342":9,"343":2,"344":2,"346":7,"347":9,"350":1,"351":11,"352":11,"354":11,"355":11,"356":11,"358":11,"359":3,"360":3,"361":11,"362":1,"363":1,"365":7,"366":11,"369":1,"370":6,"371":6,"373":6,"374":6,"375":6,"376":6,"378":6,"379":0,"380":0,"381":6,"382":1,"383":1,"384":6,"385":1,"386":1,"388":4,"389":6,"392":1,"393":8,"394":8,"396":8,"397":8,"398":8,"400":8,"401":1,"402":1,"403":8,"404":1,"405":1,"407":6,"408":8,"411":1,"412":8,"413":8,"415":8,"416":8,"417":8,"418":8,"420":8,"421":2,"422":2,"424":6,"425":8,"428":1,"429":63,"430":63,"432":1,"433":8,"434":8,"436":1,"437":62,"438":62,"440":1,"441":8,"442":8,"444":1,"445":63,"446":63,"448":1,"449":62,"450":62,"453":1,"455":78,"456":78,"457":8,"458":8,"461":65,"462":65,"463":78,"466":78,"467":78,"469":78,"470":429,"471":429,"472":63,"473":63,"474":429,"475":62,"476":62,"477":429,"478":60,"479":7,"480":7,"481":7,"482":7,"483":60,"484":429,"485":61,"486":61,"487":61,"488":61,"489":429,"490":60,"491":7,"492":7,"493":7,"494":7,"495":7,"496":60,"497":429,"498":429,"499":62,"500":62,"501":62,"502":62,"503":62,"504":429,"505":61,"506":61,"507":61,"508":61,"509":429,"510":429,"512":65,"513":78,"514":1},"branchMap":{"0":{"type":"branch","line":6,"loc":{"start":{"line":6,"column":9},"end":{"line":51,"column":3}},"locations":[{"start":{"line":6,"column":9},"end":{"line":51,"column":3}}]},"1":{"type":"branch","line":10,"loc":{"start":{"line":10,"column":31},"end":{"line":12,"column":5}},"locations":[{"start":{"line":10,"column":31},"end":{"line":12,"column":5}}]},"2":{"type":"branch","line":12,"loc":{"start":{"line":12,"column":4},"end":{"line":15,"column":55}},"locations":[{"start":{"line":12,"column":4},"end":{"line":15,"column":55}}]},"3":{"type":"branch","line":15,"loc":{"start":{"line":15,"column":55},"end":{"line":17,"column":5}},"locations":[{"start":{"line":15,"column":55},"end":{"line":17,"column":5}}]},"4":{"type":"branch","line":17,"loc":{"start":{"line":17,"column":4},"end":{"line":20,"column":82}},"locations":[{"start":{"line":17,"column":4},"end":{"line":20,"column":82}}]},"5":{"type":"branch","line":20,"loc":{"start":{"line":20,"column":82},"end":{"line":22,"column":5}},"locations":[{"start":{"line":20,"column":82},"end":{"line":22,"column":5}}]},"6":{"type":"branch","line":22,"loc":{"start":{"line":22,"column":4},"end":{"line":25,"column":70}},"locations":[{"start":{"line":22,"column":4},"end":{"line":25,"column":70}}]},"7":{"type":"branch","line":25,"loc":{"start":{"line":25,"column":65},"end":{"line":26,"column":51}},"locations":[{"start":{"line":25,"column":65},"end":{"line":26,"column":51}}]},"8":{"type":"branch","line":26,"loc":{"start":{"line":26,"column":51},"end":{"line":28,"column":5}},"locations":[{"start":{"line":26,"column":51},"end":{"line":28,"column":5}}]},"9":{"type":"branch","line":28,"loc":{"start":{"line":28,"column":4},"end":{"line":31,"column":86}},"locations":[{"start":{"line":28,"column":4},"end":{"line":31,"column":86}}]},"10":{"type":"branch","line":31,"loc":{"start":{"line":31,"column":86},"end":{"line":33,"column":5}},"locations":[{"start":{"line":31,"column":86},"end":{"line":33,"column":5}}]},"11":{"type":"branch","line":33,"loc":{"start":{"line":33,"column":4},"end":{"line":36,"column":72}},"locations":[{"start":{"line":33,"column":4},"end":{"line":36,"column":72}}]},"12":{"type":"branch","line":36,"loc":{"start":{"line":36,"column":72},"end":{"line":38,"column":5}},"locations":[{"start":{"line":36,"column":72},"end":{"line":38,"column":5}}]},"13":{"type":"branch","line":38,"loc":{"start":{"line":38,"column":4},"end":{"line":41,"column":78}},"locations":[{"start":{"line":38,"column":4},"end":{"line":41,"column":78}}]},"14":{"type":"branch","line":41,"loc":{"start":{"line":41,"column":78},"end":{"line":43,"column":5}},"locations":[{"start":{"line":41,"column":78},"end":{"line":43,"column":5}}]},"15":{"type":"branch","line":43,"loc":{"start":{"line":43,"column":4},"end":{"line":46,"column":87}},"locations":[{"start":{"line":43,"column":4},"end":{"line":46,"column":87}}]},"16":{"type":"branch","line":46,"loc":{"start":{"line":46,"column":87},"end":{"line":50,"column":16}},"locations":[{"start":{"line":46,"column":87},"end":{"line":50,"column":16}}]},"17":{"type":"branch","line":46,"loc":{"start":{"line":46,"column":87},"end":{"line":48,"column":5}},"locations":[{"start":{"line":46,"column":87},"end":{"line":48,"column":5}}]},"18":{"type":"branch","line":48,"loc":{"start":{"line":48,"column":4},"end":{"line":50,"column":16}},"locations":[{"start":{"line":48,"column":4},"end":{"line":50,"column":16}}]},"19":{"type":"branch","line":54,"loc":{"start":{"line":54,"column":9},"end":{"line":94,"column":3}},"locations":[{"start":{"line":54,"column":9},"end":{"line":94,"column":3}}]},"20":{"type":"branch","line":56,"loc":{"start":{"line":56,"column":25},"end":{"line":56,"column":37}},"locations":[{"start":{"line":56,"column":25},"end":{"line":56,"column":37}}]},"21":{"type":"branch","line":56,"loc":{"start":{"line":56,"column":32},"end":{"line":62,"column":38}},"locations":[{"start":{"line":56,"column":32},"end":{"line":62,"column":38}}]},"22":{"type":"branch","line":62,"loc":{"start":{"line":62,"column":33},"end":{"line":62,"column":64}},"locations":[{"start":{"line":62,"column":33},"end":{"line":62,"column":64}}]},"23":{"type":"branch","line":62,"loc":{"start":{"line":62,"column":64},"end":{"line":71,"column":5}},"locations":[{"start":{"line":62,"column":64},"end":{"line":71,"column":5}}]},"24":{"type":"branch","line":64,"loc":{"start":{"line":64,"column":43},"end":{"line":66,"column":7}},"locations":[{"start":{"line":64,"column":43},"end":{"line":66,"column":7}}]},"25":{"type":"branch","line":66,"loc":{"start":{"line":66,"column":6},"end":{"line":67,"column":44}},"locations":[{"start":{"line":66,"column":6},"end":{"line":67,"column":44}}]},"26":{"type":"branch","line":67,"loc":{"start":{"line":67,"column":44},"end":{"line":69,"column":7}},"locations":[{"start":{"line":67,"column":44},"end":{"line":69,"column":7}}]},"27":{"type":"branch","line":69,"loc":{"start":{"line":69,"column":6},"end":{"line":71,"column":5}},"locations":[{"start":{"line":69,"column":6},"end":{"line":71,"column":5}}]},"28":{"type":"branch","line":71,"loc":{"start":{"line":71,"column":4},"end":{"line":73,"column":29}},"locations":[{"start":{"line":71,"column":4},"end":{"line":73,"column":29}}]},"29":{"type":"branch","line":74,"loc":{"start":{"line":74,"column":6},"end":{"line":75,"column":38}},"locations":[{"start":{"line":74,"column":6},"end":{"line":75,"column":38}}]},"30":{"type":"branch","line":76,"loc":{"start":{"line":76,"column":6},"end":{"line":77,"column":44}},"locations":[{"start":{"line":76,"column":6},"end":{"line":77,"column":44}}]},"31":{"type":"branch","line":78,"loc":{"start":{"line":78,"column":6},"end":{"line":79,"column":45}},"locations":[{"start":{"line":78,"column":6},"end":{"line":79,"column":45}}]},"32":{"type":"branch","line":80,"loc":{"start":{"line":80,"column":6},"end":{"line":81,"column":60}},"locations":[{"start":{"line":80,"column":6},"end":{"line":81,"column":60}}]},"33":{"type":"branch","line":82,"loc":{"start":{"line":82,"column":6},"end":{"line":85,"column":45}},"locations":[{"start":{"line":82,"column":6},"end":{"line":85,"column":45}}]},"34":{"type":"branch","line":86,"loc":{"start":{"line":86,"column":6},"end":{"line":86,"column":17}},"locations":[{"start":{"line":86,"column":6},"end":{"line":86,"column":17}}]},"35":{"type":"branch","line":87,"loc":{"start":{"line":87,"column":6},"end":{"line":88,"column":60}},"locations":[{"start":{"line":87,"column":6},"end":{"line":88,"column":60}}]},"36":{"type":"branch","line":89,"loc":{"start":{"line":89,"column":6},"end":{"line":90,"column":62}},"locations":[{"start":{"line":89,"column":6},"end":{"line":90,"column":62}}]},"37":{"type":"branch","line":91,"loc":{"start":{"line":91,"column":6},"end":{"line":92,"column":20}},"locations":[{"start":{"line":91,"column":6},"end":{"line":92,"column":20}}]},"38":{"type":"branch","line":93,"loc":{"start":{"line":93,"column":4},"end":{"line":93,"column":5}},"locations":[{"start":{"line":93,"column":4},"end":{"line":93,"column":5}}]},"39":{"type":"branch","line":97,"loc":{"start":{"line":97,"column":9},"end":{"line":119,"column":3}},"locations":[{"start":{"line":97,"column":9},"end":{"line":119,"column":3}}]},"40":{"type":"branch","line":101,"loc":{"start":{"line":101,"column":30},"end":{"line":105,"column":15}},"locations":[{"start":{"line":101,"column":30},"end":{"line":105,"column":15}}]},"41":{"type":"branch","line":105,"loc":{"start":{"line":105,"column":4},"end":{"line":111,"column":5}},"locations":[{"start":{"line":105,"column":4},"end":{"line":111,"column":5}}]},"42":{"type":"branch","line":105,"loc":{"start":{"line":105,"column":37},"end":{"line":109,"column":11}},"locations":[{"start":{"line":105,"column":37},"end":{"line":109,"column":11}}]},"43":{"type":"branch","line":109,"loc":{"start":{"line":109,"column":4},"end":{"line":111,"column":5}},"locations":[{"start":{"line":109,"column":4},"end":{"line":111,"column":5}}]},"44":{"type":"branch","line":111,"loc":{"start":{"line":111,"column":4},"end":{"line":114,"column":20}},"locations":[{"start":{"line":111,"column":4},"end":{"line":114,"column":20}}]},"45":{"type":"branch","line":114,"loc":{"start":{"line":114,"column":15},"end":{"line":114,"column":32}},"locations":[{"start":{"line":114,"column":15},"end":{"line":114,"column":32}}]},"46":{"type":"branch","line":114,"loc":{"start":{"line":114,"column":27},"end":{"line":114,"column":42}},"locations":[{"start":{"line":114,"column":27},"end":{"line":114,"column":42}}]},"47":{"type":"branch","line":114,"loc":{"start":{"line":114,"column":42},"end":{"line":116,"column":5}},"locations":[{"start":{"line":114,"column":42},"end":{"line":116,"column":5}}]},"48":{"type":"branch","line":116,"loc":{"start":{"line":116,"column":4},"end":{"line":118,"column":23}},"locations":[{"start":{"line":116,"column":4},"end":{"line":118,"column":23}}]},"49":{"type":"branch","line":122,"loc":{"start":{"line":122,"column":9},"end":{"line":128,"column":3}},"locations":[{"start":{"line":122,"column":9},"end":{"line":128,"column":3}}]},"50":{"type":"branch","line":123,"loc":{"start":{"line":123,"column":18},"end":{"line":126,"column":6}},"locations":[{"start":{"line":123,"column":18},"end":{"line":126,"column":6}}]},"51":{"type":"branch","line":125,"loc":{"start":{"line":125,"column":28},"end":{"line":125,"column":44}},"locations":[{"start":{"line":125,"column":28},"end":{"line":125,"column":44}}]},"52":{"type":"branch","line":125,"loc":{"start":{"line":125,"column":38},"end":{"line":125,"column":48}},"locations":[{"start":{"line":125,"column":38},"end":{"line":125,"column":48}}]},"53":{"type":"branch","line":131,"loc":{"start":{"line":131,"column":9},"end":{"line":166,"column":3}},"locations":[{"start":{"line":131,"column":9},"end":{"line":166,"column":3}}]},"54":{"type":"branch","line":145,"loc":{"start":{"line":145,"column":20},"end":{"line":159,"column":5}},"locations":[{"start":{"line":145,"column":20},"end":{"line":159,"column":5}}]},"55":{"type":"branch","line":146,"loc":{"start":{"line":146,"column":14},"end":{"line":146,"column":33}},"locations":[{"start":{"line":146,"column":14},"end":{"line":146,"column":33}}]},"56":{"type":"branch","line":146,"loc":{"start":{"line":146,"column":27},"end":{"line":146,"column":50}},"locations":[{"start":{"line":146,"column":27},"end":{"line":146,"column":50}}]},"57":{"type":"branch","line":148,"loc":{"start":{"line":148,"column":8},"end":{"line":150,"column":16}},"locations":[{"start":{"line":148,"column":8},"end":{"line":150,"column":16}}]},"58":{"type":"branch","line":149,"loc":{"start":{"line":149,"column":38},"end":{"line":149,"column":46}},"locations":[{"start":{"line":149,"column":38},"end":{"line":149,"column":46}}]},"59":{"type":"branch","line":149,"loc":{"start":{"line":149,"column":42},"end":{"line":149,"column":49}},"locations":[{"start":{"line":149,"column":42},"end":{"line":149,"column":49}}]},"60":{"type":"branch","line":151,"loc":{"start":{"line":151,"column":8},"end":{"line":153,"column":16}},"locations":[{"start":{"line":151,"column":8},"end":{"line":153,"column":16}}]},"61":{"type":"branch","line":154,"loc":{"start":{"line":154,"column":8},"end":{"line":156,"column":16}},"locations":[{"start":{"line":154,"column":8},"end":{"line":156,"column":16}}]},"62":{"type":"branch","line":169,"loc":{"start":{"line":169,"column":9},"end":{"line":200,"column":3}},"locations":[{"start":{"line":169,"column":9},"end":{"line":200,"column":3}}]},"63":{"type":"branch","line":176,"loc":{"start":{"line":176,"column":17},"end":{"line":178,"column":11}},"locations":[{"start":{"line":176,"column":17},"end":{"line":178,"column":11}}]},"64":{"type":"branch","line":178,"loc":{"start":{"line":178,"column":4},"end":{"line":193,"column":5}},"locations":[{"start":{"line":178,"column":4},"end":{"line":193,"column":5}}]},"65":{"type":"branch","line":188,"loc":{"start":{"line":188,"column":20},"end":{"line":188,"column":40}},"locations":[{"start":{"line":188,"column":20},"end":{"line":188,"column":40}}]},"66":{"type":"branch","line":179,"loc":{"start":{"line":179,"column":22},"end":{"line":186,"column":8}},"locations":[{"start":{"line":179,"column":22},"end":{"line":186,"column":8}}]},"67":{"type":"branch","line":180,"loc":{"start":{"line":180,"column":19},"end":{"line":180,"column":26}},"locations":[{"start":{"line":180,"column":19},"end":{"line":180,"column":26}}]},"68":{"type":"branch","line":181,"loc":{"start":{"line":181,"column":19},"end":{"line":181,"column":26}},"locations":[{"start":{"line":181,"column":19},"end":{"line":181,"column":26}}]},"69":{"type":"branch","line":182,"loc":{"start":{"line":182,"column":21},"end":{"line":182,"column":48}},"locations":[{"start":{"line":182,"column":21},"end":{"line":182,"column":48}}]},"70":{"type":"branch","line":182,"loc":{"start":{"line":182,"column":46},"end":{"line":183,"column":28}},"locations":[{"start":{"line":182,"column":46},"end":{"line":183,"column":28}}]},"71":{"type":"branch","line":183,"loc":{"start":{"line":183,"column":21},"end":{"line":184,"column":28}},"locations":[{"start":{"line":183,"column":21},"end":{"line":184,"column":28}}]},"72":{"type":"branch","line":183,"loc":{"start":{"line":183,"column":21},"end":{"line":183,"column":30}},"locations":[{"start":{"line":183,"column":21},"end":{"line":183,"column":30}}]},"73":{"type":"branch","line":183,"loc":{"start":{"line":183,"column":28},"end":{"line":184,"column":28}},"locations":[{"start":{"line":183,"column":28},"end":{"line":184,"column":28}}]},"74":{"type":"branch","line":184,"loc":{"start":{"line":184,"column":21},"end":{"line":184,"column":56}},"locations":[{"start":{"line":184,"column":21},"end":{"line":184,"column":56}}]},"75":{"type":"branch","line":184,"loc":{"start":{"line":184,"column":54},"end":{"line":185,"column":17}},"locations":[{"start":{"line":184,"column":54},"end":{"line":185,"column":17}}]},"76":{"type":"branch","line":203,"loc":{"start":{"line":203,"column":9},"end":{"line":235,"column":3}},"locations":[{"start":{"line":203,"column":9},"end":{"line":235,"column":3}}]},"77":{"type":"branch","line":212,"loc":{"start":{"line":212,"column":31},"end":{"line":212,"column":39}},"locations":[{"start":{"line":212,"column":31},"end":{"line":212,"column":39}}]},"78":{"type":"branch","line":212,"loc":{"start":{"line":212,"column":35},"end":{"line":212,"column":50}},"locations":[{"start":{"line":212,"column":35},"end":{"line":212,"column":50}}]},"79":{"type":"branch","line":215,"loc":{"start":{"line":215,"column":20},"end":{"line":228,"column":5}},"locations":[{"start":{"line":215,"column":20},"end":{"line":228,"column":5}}]},"80":{"type":"branch","line":217,"loc":{"start":{"line":217,"column":8},"end":{"line":219,"column":16}},"locations":[{"start":{"line":217,"column":8},"end":{"line":219,"column":16}}]},"81":{"type":"branch","line":218,"loc":{"start":{"line":218,"column":40},"end":{"line":218,"column":48}},"locations":[{"start":{"line":218,"column":40},"end":{"line":218,"column":48}}]},"82":{"type":"branch","line":218,"loc":{"start":{"line":218,"column":44},"end":{"line":218,"column":51}},"locations":[{"start":{"line":218,"column":44},"end":{"line":218,"column":51}}]},"83":{"type":"branch","line":220,"loc":{"start":{"line":220,"column":8},"end":{"line":222,"column":16}},"locations":[{"start":{"line":220,"column":8},"end":{"line":222,"column":16}}]},"84":{"type":"branch","line":223,"loc":{"start":{"line":223,"column":8},"end":{"line":225,"column":16}},"locations":[{"start":{"line":223,"column":8},"end":{"line":225,"column":16}}]},"85":{"type":"branch","line":238,"loc":{"start":{"line":238,"column":9},"end":{"line":270,"column":3}},"locations":[{"start":{"line":238,"column":9},"end":{"line":270,"column":3}}]},"86":{"type":"branch","line":245,"loc":{"start":{"line":245,"column":17},"end":{"line":247,"column":11}},"locations":[{"start":{"line":245,"column":17},"end":{"line":247,"column":11}}]},"87":{"type":"branch","line":255,"loc":{"start":{"line":255,"column":8},"end":{"line":255,"column":46}},"locations":[{"start":{"line":255,"column":8},"end":{"line":255,"column":46}}]},"88":{"type":"branch","line":256,"loc":{"start":{"line":256,"column":8},"end":{"line":256,"column":46}},"locations":[{"start":{"line":256,"column":8},"end":{"line":256,"column":46}}]},"89":{"type":"branch","line":257,"loc":{"start":{"line":257,"column":8},"end":{"line":257,"column":46}},"locations":[{"start":{"line":257,"column":8},"end":{"line":257,"column":46}}]},"90":{"type":"branch","line":258,"loc":{"start":{"line":258,"column":8},"end":{"line":258,"column":46}},"locations":[{"start":{"line":258,"column":8},"end":{"line":258,"column":46}}]},"91":{"type":"branch","line":259,"loc":{"start":{"line":259,"column":8},"end":{"line":259,"column":46}},"locations":[{"start":{"line":259,"column":8},"end":{"line":259,"column":46}}]},"92":{"type":"branch","line":260,"loc":{"start":{"line":260,"column":8},"end":{"line":260,"column":46}},"locations":[{"start":{"line":260,"column":8},"end":{"line":260,"column":46}}]},"93":{"type":"branch","line":261,"loc":{"start":{"line":261,"column":8},"end":{"line":261,"column":34}},"locations":[{"start":{"line":261,"column":8},"end":{"line":261,"column":34}}]},"94":{"type":"branch","line":273,"loc":{"start":{"line":273,"column":9},"end":{"line":289,"column":3}},"locations":[{"start":{"line":273,"column":9},"end":{"line":289,"column":3}}]},"95":{"type":"branch","line":279,"loc":{"start":{"line":279,"column":20},"end":{"line":279,"column":29}},"locations":[{"start":{"line":279,"column":20},"end":{"line":279,"column":29}}]},"96":{"type":"branch","line":279,"loc":{"start":{"line":279,"column":24},"end":{"line":279,"column":50}},"locations":[{"start":{"line":279,"column":24},"end":{"line":279,"column":50}}]},"97":{"type":"branch","line":280,"loc":{"start":{"line":280,"column":20},"end":{"line":280,"column":29}},"locations":[{"start":{"line":280,"column":20},"end":{"line":280,"column":29}}]},"98":{"type":"branch","line":280,"loc":{"start":{"line":280,"column":24},"end":{"line":280,"column":50}},"locations":[{"start":{"line":280,"column":24},"end":{"line":280,"column":50}}]},"99":{"type":"branch","line":281,"loc":{"start":{"line":281,"column":20},"end":{"line":281,"column":29}},"locations":[{"start":{"line":281,"column":20},"end":{"line":281,"column":29}}]},"100":{"type":"branch","line":281,"loc":{"start":{"line":281,"column":24},"end":{"line":281,"column":50}},"locations":[{"start":{"line":281,"column":24},"end":{"line":281,"column":50}}]},"101":{"type":"branch","line":292,"loc":{"start":{"line":292,"column":9},"end":{"line":307,"column":3}},"locations":[{"start":{"line":292,"column":9},"end":{"line":307,"column":3}}]},"102":{"type":"branch","line":310,"loc":{"start":{"line":310,"column":9},"end":{"line":327,"column":3}},"locations":[{"start":{"line":310,"column":9},"end":{"line":327,"column":3}}]},"103":{"type":"branch","line":313,"loc":{"start":{"line":313,"column":16},"end":{"line":315,"column":5}},"locations":[{"start":{"line":313,"column":16},"end":{"line":315,"column":5}}]},"104":{"type":"branch","line":316,"loc":{"start":{"line":316,"column":16},"end":{"line":316,"column":28}},"locations":[{"start":{"line":316,"column":16},"end":{"line":316,"column":28}}]},"105":{"type":"branch","line":316,"loc":{"start":{"line":316,"column":23},"end":{"line":322,"column":19}},"locations":[{"start":{"line":316,"column":23},"end":{"line":322,"column":19}}]},"106":{"type":"branch","line":322,"loc":{"start":{"line":322,"column":12},"end":{"line":322,"column":30}},"locations":[{"start":{"line":322,"column":12},"end":{"line":322,"column":30}}]},"107":{"type":"branch","line":322,"loc":{"start":{"line":322,"column":23},"end":{"line":322,"column":41}},"locations":[{"start":{"line":322,"column":23},"end":{"line":322,"column":41}}]},"108":{"type":"branch","line":322,"loc":{"start":{"line":322,"column":34},"end":{"line":322,"column":50}},"locations":[{"start":{"line":322,"column":34},"end":{"line":322,"column":50}}]},"109":{"type":"branch","line":322,"loc":{"start":{"line":322,"column":45},"end":{"line":322,"column":59}},"locations":[{"start":{"line":322,"column":45},"end":{"line":322,"column":59}}]},"110":{"type":"branch","line":322,"loc":{"start":{"line":322,"column":54},"end":{"line":322,"column":66}},"locations":[{"start":{"line":322,"column":54},"end":{"line":322,"column":66}}]},"111":{"type":"branch","line":322,"loc":{"start":{"line":322,"column":66},"end":{"line":324,"column":5}},"locations":[{"start":{"line":322,"column":66},"end":{"line":324,"column":5}}]},"112":{"type":"branch","line":324,"loc":{"start":{"line":324,"column":4},"end":{"line":326,"column":23}},"locations":[{"start":{"line":324,"column":4},"end":{"line":326,"column":23}}]},"113":{"type":"branch","line":330,"loc":{"start":{"line":330,"column":9},"end":{"line":348,"column":3}},"locations":[{"start":{"line":330,"column":9},"end":{"line":348,"column":3}}]},"114":{"type":"branch","line":332,"loc":{"start":{"line":332,"column":16},"end":{"line":332,"column":28}},"locations":[{"start":{"line":332,"column":16},"end":{"line":332,"column":28}}]},"115":{"type":"branch","line":339,"loc":{"start":{"line":339,"column":66},"end":{"line":341,"column":5}},"locations":[{"start":{"line":339,"column":66},"end":{"line":341,"column":5}}]},"116":{"type":"branch","line":343,"loc":{"start":{"line":343,"column":12},"end":{"line":343,"column":24}},"locations":[{"start":{"line":343,"column":12},"end":{"line":343,"column":24}}]},"117":{"type":"branch","line":343,"loc":{"start":{"line":343,"column":24},"end":{"line":345,"column":5}},"locations":[{"start":{"line":343,"column":24},"end":{"line":345,"column":5}}]},"118":{"type":"branch","line":345,"loc":{"start":{"line":345,"column":4},"end":{"line":347,"column":26}},"locations":[{"start":{"line":345,"column":4},"end":{"line":347,"column":26}}]},"119":{"type":"branch","line":351,"loc":{"start":{"line":351,"column":9},"end":{"line":367,"column":3}},"locations":[{"start":{"line":351,"column":9},"end":{"line":367,"column":3}}]},"120":{"type":"branch","line":353,"loc":{"start":{"line":353,"column":16},"end":{"line":353,"column":28}},"locations":[{"start":{"line":353,"column":16},"end":{"line":353,"column":28}}]},"121":{"type":"branch","line":359,"loc":{"start":{"line":359,"column":12},"end":{"line":359,"column":26}},"locations":[{"start":{"line":359,"column":12},"end":{"line":359,"column":26}}]},"122":{"type":"branch","line":359,"loc":{"start":{"line":359,"column":26},"end":{"line":362,"column":28}},"locations":[{"start":{"line":359,"column":26},"end":{"line":362,"column":28}}]},"123":{"type":"branch","line":359,"loc":{"start":{"line":359,"column":26},"end":{"line":361,"column":5}},"locations":[{"start":{"line":359,"column":26},"end":{"line":361,"column":5}}]},"124":{"type":"branch","line":361,"loc":{"start":{"line":361,"column":4},"end":{"line":362,"column":28}},"locations":[{"start":{"line":361,"column":4},"end":{"line":362,"column":28}}]},"125":{"type":"branch","line":361,"loc":{"start":{"line":361,"column":4},"end":{"line":362,"column":19}},"locations":[{"start":{"line":361,"column":4},"end":{"line":362,"column":19}}]},"126":{"type":"branch","line":362,"loc":{"start":{"line":362,"column":12},"end":{"line":362,"column":28}},"locations":[{"start":{"line":362,"column":12},"end":{"line":362,"column":28}}]},"127":{"type":"branch","line":362,"loc":{"start":{"line":362,"column":23},"end":{"line":362,"column":39}},"locations":[{"start":{"line":362,"column":23},"end":{"line":362,"column":39}}]},"128":{"type":"branch","line":362,"loc":{"start":{"line":362,"column":32},"end":{"line":362,"column":46}},"locations":[{"start":{"line":362,"column":32},"end":{"line":362,"column":46}}]},"129":{"type":"branch","line":362,"loc":{"start":{"line":362,"column":46},"end":{"line":364,"column":5}},"locations":[{"start":{"line":362,"column":46},"end":{"line":364,"column":5}}]},"130":{"type":"branch","line":364,"loc":{"start":{"line":364,"column":4},"end":{"line":366,"column":23}},"locations":[{"start":{"line":364,"column":4},"end":{"line":366,"column":23}}]},"131":{"type":"branch","line":370,"loc":{"start":{"line":370,"column":9},"end":{"line":390,"column":3}},"locations":[{"start":{"line":370,"column":9},"end":{"line":390,"column":3}}]},"132":{"type":"branch","line":372,"loc":{"start":{"line":372,"column":16},"end":{"line":372,"column":28}},"locations":[{"start":{"line":372,"column":16},"end":{"line":372,"column":28}}]},"133":{"type":"branch","line":379,"loc":{"start":{"line":379,"column":26},"end":{"line":381,"column":5}},"locations":[{"start":{"line":379,"column":26},"end":{"line":381,"column":5}}]},"134":{"type":"branch","line":382,"loc":{"start":{"line":382,"column":12},"end":{"line":382,"column":28}},"locations":[{"start":{"line":382,"column":12},"end":{"line":382,"column":28}}]},"135":{"type":"branch","line":382,"loc":{"start":{"line":382,"column":23},"end":{"line":382,"column":39}},"locations":[{"start":{"line":382,"column":23},"end":{"line":382,"column":39}}]},"136":{"type":"branch","line":382,"loc":{"start":{"line":382,"column":32},"end":{"line":382,"column":46}},"locations":[{"start":{"line":382,"column":32},"end":{"line":382,"column":46}}]},"137":{"type":"branch","line":382,"loc":{"start":{"line":382,"column":46},"end":{"line":384,"column":5}},"locations":[{"start":{"line":382,"column":46},"end":{"line":384,"column":5}}]},"138":{"type":"branch","line":384,"loc":{"start":{"line":384,"column":4},"end":{"line":385,"column":17}},"locations":[{"start":{"line":384,"column":4},"end":{"line":385,"column":17}}]},"139":{"type":"branch","line":385,"loc":{"start":{"line":385,"column":12},"end":{"line":385,"column":24}},"locations":[{"start":{"line":385,"column":12},"end":{"line":385,"column":24}}]},"140":{"type":"branch","line":385,"loc":{"start":{"line":385,"column":24},"end":{"line":387,"column":5}},"locations":[{"start":{"line":385,"column":24},"end":{"line":387,"column":5}}]},"141":{"type":"branch","line":387,"loc":{"start":{"line":387,"column":4},"end":{"line":389,"column":26}},"locations":[{"start":{"line":387,"column":4},"end":{"line":389,"column":26}}]},"142":{"type":"branch","line":393,"loc":{"start":{"line":393,"column":9},"end":{"line":409,"column":3}},"locations":[{"start":{"line":393,"column":9},"end":{"line":409,"column":3}}]},"143":{"type":"branch","line":395,"loc":{"start":{"line":395,"column":16},"end":{"line":395,"column":28}},"locations":[{"start":{"line":395,"column":16},"end":{"line":395,"column":28}}]},"144":{"type":"branch","line":401,"loc":{"start":{"line":401,"column":12},"end":{"line":401,"column":26}},"locations":[{"start":{"line":401,"column":12},"end":{"line":401,"column":26}}]},"145":{"type":"branch","line":401,"loc":{"start":{"line":401,"column":26},"end":{"line":403,"column":5}},"locations":[{"start":{"line":401,"column":26},"end":{"line":403,"column":5}}]},"146":{"type":"branch","line":403,"loc":{"start":{"line":403,"column":4},"end":{"line":404,"column":19}},"locations":[{"start":{"line":403,"column":4},"end":{"line":404,"column":19}}]},"147":{"type":"branch","line":404,"loc":{"start":{"line":404,"column":12},"end":{"line":404,"column":28}},"locations":[{"start":{"line":404,"column":12},"end":{"line":404,"column":28}}]},"148":{"type":"branch","line":404,"loc":{"start":{"line":404,"column":23},"end":{"line":404,"column":39}},"locations":[{"start":{"line":404,"column":23},"end":{"line":404,"column":39}}]},"149":{"type":"branch","line":404,"loc":{"start":{"line":404,"column":32},"end":{"line":404,"column":46}},"locations":[{"start":{"line":404,"column":32},"end":{"line":404,"column":46}}]},"150":{"type":"branch","line":404,"loc":{"start":{"line":404,"column":46},"end":{"line":406,"column":5}},"locations":[{"start":{"line":404,"column":46},"end":{"line":406,"column":5}}]},"151":{"type":"branch","line":406,"loc":{"start":{"line":406,"column":4},"end":{"line":408,"column":23}},"locations":[{"start":{"line":406,"column":4},"end":{"line":408,"column":23}}]},"152":{"type":"branch","line":412,"loc":{"start":{"line":412,"column":9},"end":{"line":426,"column":3}},"locations":[{"start":{"line":412,"column":9},"end":{"line":426,"column":3}}]},"153":{"type":"branch","line":414,"loc":{"start":{"line":414,"column":16},"end":{"line":414,"column":28}},"locations":[{"start":{"line":414,"column":16},"end":{"line":414,"column":28}}]},"154":{"type":"branch","line":421,"loc":{"start":{"line":421,"column":12},"end":{"line":421,"column":28}},"locations":[{"start":{"line":421,"column":12},"end":{"line":421,"column":28}}]},"155":{"type":"branch","line":421,"loc":{"start":{"line":421,"column":23},"end":{"line":421,"column":39}},"locations":[{"start":{"line":421,"column":23},"end":{"line":421,"column":39}}]},"156":{"type":"branch","line":421,"loc":{"start":{"line":421,"column":32},"end":{"line":421,"column":48}},"locations":[{"start":{"line":421,"column":32},"end":{"line":421,"column":48}}]},"157":{"type":"branch","line":421,"loc":{"start":{"line":421,"column":43},"end":{"line":421,"column":59}},"locations":[{"start":{"line":421,"column":43},"end":{"line":421,"column":59}}]},"158":{"type":"branch","line":421,"loc":{"start":{"line":421,"column":52},"end":{"line":421,"column":68}},"locations":[{"start":{"line":421,"column":52},"end":{"line":421,"column":68}}]},"159":{"type":"branch","line":421,"loc":{"start":{"line":421,"column":63},"end":{"line":421,"column":79}},"locations":[{"start":{"line":421,"column":63},"end":{"line":421,"column":79}}]},"160":{"type":"branch","line":421,"loc":{"start":{"line":421,"column":72},"end":{"line":421,"column":86}},"locations":[{"start":{"line":421,"column":72},"end":{"line":421,"column":86}}]},"161":{"type":"branch","line":421,"loc":{"start":{"line":421,"column":86},"end":{"line":423,"column":5}},"locations":[{"start":{"line":421,"column":86},"end":{"line":423,"column":5}}]},"162":{"type":"branch","line":423,"loc":{"start":{"line":423,"column":4},"end":{"line":425,"column":26}},"locations":[{"start":{"line":423,"column":4},"end":{"line":425,"column":26}}]},"163":{"type":"branch","line":429,"loc":{"start":{"line":429,"column":9},"end":{"line":431,"column":3}},"locations":[{"start":{"line":429,"column":9},"end":{"line":431,"column":3}}]},"164":{"type":"branch","line":433,"loc":{"start":{"line":433,"column":9},"end":{"line":435,"column":3}},"locations":[{"start":{"line":433,"column":9},"end":{"line":435,"column":3}}]},"165":{"type":"branch","line":437,"loc":{"start":{"line":437,"column":9},"end":{"line":439,"column":3}},"locations":[{"start":{"line":437,"column":9},"end":{"line":439,"column":3}}]},"166":{"type":"branch","line":441,"loc":{"start":{"line":441,"column":9},"end":{"line":443,"column":3}},"locations":[{"start":{"line":441,"column":9},"end":{"line":443,"column":3}}]},"167":{"type":"branch","line":445,"loc":{"start":{"line":445,"column":9},"end":{"line":447,"column":3}},"locations":[{"start":{"line":445,"column":9},"end":{"line":447,"column":3}}]},"168":{"type":"branch","line":449,"loc":{"start":{"line":449,"column":9},"end":{"line":451,"column":3}},"locations":[{"start":{"line":449,"column":9},"end":{"line":451,"column":3}}]},"169":{"type":"branch","line":454,"loc":{"start":{"line":454,"column":9},"end":{"line":514,"column":3}},"locations":[{"start":{"line":454,"column":9},"end":{"line":514,"column":3}}]},"170":{"type":"branch","line":457,"loc":{"start":{"line":457,"column":20},"end":{"line":459,"column":5}},"locations":[{"start":{"line":457,"column":20},"end":{"line":459,"column":5}}]},"171":{"type":"branch","line":459,"loc":{"start":{"line":459,"column":4},"end":{"line":464,"column":30}},"locations":[{"start":{"line":459,"column":4},"end":{"line":464,"column":30}}]},"172":{"type":"branch","line":464,"loc":{"start":{"line":464,"column":18},"end":{"line":464,"column":53}},"locations":[{"start":{"line":464,"column":18},"end":{"line":464,"column":53}}]},"173":{"type":"branch","line":464,"loc":{"start":{"line":464,"column":49},"end":{"line":464,"column":63}},"locations":[{"start":{"line":464,"column":49},"end":{"line":464,"column":63}}]},"174":{"type":"branch","line":467,"loc":{"start":{"line":467,"column":26},"end":{"line":467,"column":85}},"locations":[{"start":{"line":467,"column":26},"end":{"line":467,"column":85}}]},"175":{"type":"branch","line":470,"loc":{"start":{"line":470,"column":40},"end":{"line":511,"column":5}},"locations":[{"start":{"line":470,"column":40},"end":{"line":511,"column":5}}]},"176":{"type":"branch","line":472,"loc":{"start":{"line":472,"column":8},"end":{"line":474,"column":16}},"locations":[{"start":{"line":472,"column":8},"end":{"line":474,"column":16}}]},"177":{"type":"branch","line":475,"loc":{"start":{"line":475,"column":8},"end":{"line":477,"column":16}},"locations":[{"start":{"line":475,"column":8},"end":{"line":477,"column":16}}]},"178":{"type":"branch","line":478,"loc":{"start":{"line":478,"column":8},"end":{"line":484,"column":16}},"locations":[{"start":{"line":478,"column":8},"end":{"line":484,"column":16}}]},"179":{"type":"branch","line":479,"loc":{"start":{"line":479,"column":35},"end":{"line":483,"column":11}},"locations":[{"start":{"line":479,"column":35},"end":{"line":483,"column":11}}]},"180":{"type":"branch","line":485,"loc":{"start":{"line":485,"column":8},"end":{"line":489,"column":16}},"locations":[{"start":{"line":485,"column":8},"end":{"line":489,"column":16}}]},"181":{"type":"branch","line":490,"loc":{"start":{"line":490,"column":8},"end":{"line":497,"column":16}},"locations":[{"start":{"line":490,"column":8},"end":{"line":497,"column":16}}]},"182":{"type":"branch","line":491,"loc":{"start":{"line":491,"column":35},"end":{"line":496,"column":11}},"locations":[{"start":{"line":491,"column":35},"end":{"line":496,"column":11}}]},"183":{"type":"branch","line":498,"loc":{"start":{"line":498,"column":8},"end":{"line":498,"column":19}},"locations":[{"start":{"line":498,"column":8},"end":{"line":498,"column":19}}]},"184":{"type":"branch","line":499,"loc":{"start":{"line":499,"column":8},"end":{"line":504,"column":16}},"locations":[{"start":{"line":499,"column":8},"end":{"line":504,"column":16}}]},"185":{"type":"branch","line":505,"loc":{"start":{"line":505,"column":8},"end":{"line":509,"column":16}},"locations":[{"start":{"line":505,"column":8},"end":{"line":509,"column":16}}]},"186":{"type":"branch","line":511,"loc":{"start":{"line":511,"column":4},"end":{"line":513,"column":18}},"locations":[{"start":{"line":511,"column":4},"end":{"line":513,"column":18}}]}},"b":{"0":[145],"1":[32],"2":[113],"3":[32],"4":[81],"5":[9],"6":[72],"7":[54],"8":[23],"9":[49],"10":[6],"11":[43],"12":[15],"13":[28],"14":[9],"15":[19],"16":[78],"17":[8],"18":[11],"19":[94],"20":[8],"21":[86],"22":[26],"23":[26],"24":[2],"25":[24],"26":[2],"27":[22],"28":[60],"29":[25],"30":[16],"31":[5],"32":[6],"33":[2],"34":[3],"35":[3],"36":[3],"37":[0],"38":[0],"39":[60],"40":[5],"41":[55],"42":[53],"43":[2],"44":[58],"45":[57],"46":[57],"47":[1],"48":[57],"49":[69],"50":[207],"51":[94],"52":[113],"53":[73],"54":[63],"55":[2],"56":[61],"57":[49],"58":[15],"59":[34],"60":[8],"61":[6],"62":[11],"63":[1],"64":[10],"65":[0],"66":[30],"67":[4],"68":[3],"69":[6],"70":[24],"71":[26],"72":[10],"73":[14],"74":[3],"75":[11],"76":[65],"77":[2],"78":[63],"79":[56],"80":[43],"81":[13],"82":[30],"83":[7],"84":[6],"85":[7],"86":[0],"87":[2],"88":[0],"89":[1],"90":[0],"91":[2],"92":[2],"93":[0],"94":[64],"95":[3],"96":[61],"97":[3],"98":[61],"99":[3],"100":[61],"101":[6],"102":[22],"103":[5],"104":[1],"105":[21],"106":[18],"107":[18],"108":[18],"109":[17],"110":[17],"111":[4],"112":[17],"113":[9],"114":[0],"115":[0],"116":[8],"117":[2],"118":[7],"119":[11],"120":[0],"121":[8],"122":[10],"123":[3],"124":[9],"125":[8],"126":[7],"127":[7],"128":[7],"129":[1],"130":[7],"131":[6],"132":[0],"133":[0],"134":[5],"135":[5],"136":[5],"137":[1],"138":[5],"139":[4],"140":[1],"141":[4],"142":[8],"143":[0],"144":[7],"145":[1],"146":[7],"147":[6],"148":[6],"149":[6],"150":[1],"151":[6],"152":[8],"153":[0],"154":[7],"155":[6],"156":[6],"157":[6],"158":[6],"159":[6],"160":[6],"161":[2],"162":[6],"163":[63],"164":[8],"165":[62],"166":[8],"167":[63],"168":[62],"169":[78],"170":[8],"171":[65],"172":[7],"173":[58],"174":[60],"175":[429],"176":[63],"177":[62],"178":[60],"179":[7],"180":[61],"181":[60],"182":[7],"183":[61],"184":[62],"185":[61],"186":[65]},"fnMap":{"0":{"name":"detectFormat","decl":{"start":{"line":6,"column":9},"end":{"line":51,"column":3}},"loc":{"start":{"line":6,"column":9},"end":{"line":51,"column":3}},"line":6},"1":{"name":"parseToRGB","decl":{"start":{"line":54,"column":9},"end":{"line":94,"column":3}},"loc":{"start":{"line":54,"column":9},"end":{"line":94,"column":3}},"line":54},"2":{"name":"hexToRGB","decl":{"start":{"line":97,"column":9},"end":{"line":119,"column":3}},"loc":{"start":{"line":97,"column":9},"end":{"line":119,"column":3}},"line":97},"3":{"name":"rgbToHex","decl":{"start":{"line":122,"column":9},"end":{"line":128,"column":3}},"loc":{"start":{"line":122,"column":9},"end":{"line":128,"column":3}},"line":122},"4":{"name":"toHex","decl":{"start":{"line":123,"column":18},"end":{"line":126,"column":6}},"loc":{"start":{"line":123,"column":18},"end":{"line":126,"column":6}},"line":123},"5":{"name":"rgbToHSL","decl":{"start":{"line":131,"column":9},"end":{"line":166,"column":3}},"loc":{"start":{"line":131,"column":9},"end":{"line":166,"column":3}},"line":131},"6":{"name":"hslToRGB","decl":{"start":{"line":169,"column":9},"end":{"line":200,"column":3}},"loc":{"start":{"line":169,"column":9},"end":{"line":200,"column":3}},"line":169},"7":{"name":"hue2rgb","decl":{"start":{"line":179,"column":22},"end":{"line":186,"column":8}},"loc":{"start":{"line":179,"column":22},"end":{"line":186,"column":8}},"line":179},"8":{"name":"rgbToHSB","decl":{"start":{"line":203,"column":9},"end":{"line":235,"column":3}},"loc":{"start":{"line":203,"column":9},"end":{"line":235,"column":3}},"line":203},"9":{"name":"hsbToRGB","decl":{"start":{"line":238,"column":9},"end":{"line":270,"column":3}},"loc":{"start":{"line":238,"column":9},"end":{"line":270,"column":3}},"line":238},"10":{"name":"rgbToCMYK","decl":{"start":{"line":273,"column":9},"end":{"line":289,"column":3}},"loc":{"start":{"line":273,"column":9},"end":{"line":289,"column":3}},"line":273},"11":{"name":"cmykToRGB","decl":{"start":{"line":292,"column":9},"end":{"line":307,"column":3}},"loc":{"start":{"line":292,"column":9},"end":{"line":307,"column":3}},"line":292},"12":{"name":"parseRGBString","decl":{"start":{"line":310,"column":9},"end":{"line":327,"column":3}},"loc":{"start":{"line":310,"column":9},"end":{"line":327,"column":3}},"line":310},"13":{"name":"parseRGBAString","decl":{"start":{"line":330,"column":9},"end":{"line":348,"column":3}},"loc":{"start":{"line":330,"column":9},"end":{"line":348,"column":3}},"line":330},"14":{"name":"parseHSLString","decl":{"start":{"line":351,"column":9},"end":{"line":367,"column":3}},"loc":{"start":{"line":351,"column":9},"end":{"line":367,"column":3}},"line":351},"15":{"name":"parseHSLAString","decl":{"start":{"line":370,"column":9},"end":{"line":390,"column":3}},"loc":{"start":{"line":370,"column":9},"end":{"line":390,"column":3}},"line":370},"16":{"name":"parseHSBString","decl":{"start":{"line":393,"column":9},"end":{"line":409,"column":3}},"loc":{"start":{"line":393,"column":9},"end":{"line":409,"column":3}},"line":393},"17":{"name":"parseCMYKString","decl":{"start":{"line":412,"column":9},"end":{"line":426,"column":3}},"loc":{"start":{"line":412,"column":9},"end":{"line":426,"column":3}},"line":412},"18":{"name":"formatRGB","decl":{"start":{"line":429,"column":9},"end":{"line":431,"column":3}},"loc":{"start":{"line":429,"column":9},"end":{"line":431,"column":3}},"line":429},"19":{"name":"formatRGBA","decl":{"start":{"line":433,"column":9},"end":{"line":435,"column":3}},"loc":{"start":{"line":433,"column":9},"end":{"line":435,"column":3}},"line":433},"20":{"name":"formatHSL","decl":{"start":{"line":437,"column":9},"end":{"line":439,"column":3}},"loc":{"start":{"line":437,"column":9},"end":{"line":439,"column":3}},"line":437},"21":{"name":"formatHSLA","decl":{"start":{"line":441,"column":9},"end":{"line":443,"column":3}},"loc":{"start":{"line":441,"column":9},"end":{"line":443,"column":3}},"line":441},"22":{"name":"formatHSB","decl":{"start":{"line":445,"column":9},"end":{"line":447,"column":3}},"loc":{"start":{"line":445,"column":9},"end":{"line":447,"column":3}},"line":445},"23":{"name":"formatCMYK","decl":{"start":{"line":449,"column":9},"end":{"line":451,"column":3}},"loc":{"start":{"line":449,"column":9},"end":{"line":451,"column":3}},"line":449},"24":{"name":"convert","decl":{"start":{"line":454,"column":9},"end":{"line":514,"column":3}},"loc":{"start":{"line":454,"column":9},"end":{"line":514,"column":3}},"line":454}},"f":{"0":145,"1":94,"2":60,"3":69,"4":207,"5":73,"6":11,"7":30,"8":65,"9":7,"10":64,"11":6,"12":22,"13":9,"14":11,"15":6,"16":8,"17":8,"18":63,"19":8,"20":62,"21":8,"22":63,"23":62,"24":78}}
,"/Users/tarek/development/creating-mcp/color-converter-mcp/src/namedColors.ts": {"path":"/Users/tarek/development/creating-mcp/color-converter-mcp/src/namedColors.ts","all":false,"statementMap":{"1":{"start":{"line":2,"column":0},"end":{"line":2,"column":53}},"3":{"start":{"line":4,"column":0},"end":{"line":4,"column":19}},"4":{"start":{"line":5,"column":0},"end":{"line":5,"column":19}},"5":{"start":{"line":6,"column":0},"end":{"line":6,"column":17}},"6":{"start":{"line":7,"column":0},"end":{"line":7,"column":19}},"7":{"start":{"line":8,"column":0},"end":{"line":8,"column":18}},"8":{"start":{"line":9,"column":0},"end":{"line":9,"column":20}},"9":{"start":{"line":10,"column":0},"end":{"line":10,"column":18}},"10":{"start":{"line":11,"column":0},"end":{"line":11,"column":21}},"13":{"start":{"line":14,"column":0},"end":{"line":14,"column":18}},"14":{"start":{"line":15,"column":0},"end":{"line":15,"column":18}},"15":{"start":{"line":16,"column":0},"end":{"line":16,"column":22}},"16":{"start":{"line":17,"column":0},"end":{"line":17,"column":22}},"17":{"start":{"line":18,"column":0},"end":{"line":18,"column":23}},"18":{"start":{"line":19,"column":0},"end":{"line":19,"column":23}},"19":{"start":{"line":20,"column":0},"end":{"line":20,"column":21}},"20":{"start":{"line":21,"column":0},"end":{"line":21,"column":21}},"23":{"start":{"line":24,"column":0},"end":{"line":24,"column":20}},"24":{"start":{"line":25,"column":0},"end":{"line":25,"column":20}},"25":{"start":{"line":26,"column":0},"end":{"line":26,"column":19}},"26":{"start":{"line":27,"column":0},"end":{"line":27,"column":18}},"27":{"start":{"line":28,"column":0},"end":{"line":28,"column":18}},"28":{"start":{"line":29,"column":0},"end":{"line":29,"column":18}},"29":{"start":{"line":30,"column":0},"end":{"line":30,"column":18}},"30":{"start":{"line":31,"column":0},"end":{"line":31,"column":19}},"31":{"start":{"line":32,"column":0},"end":{"line":32,"column":20}},"32":{"start":{"line":33,"column":0},"end":{"line":33,"column":18}},"33":{"start":{"line":34,"column":0},"end":{"line":34,"column":21}},"34":{"start":{"line":35,"column":0},"end":{"line":35,"column":20}},"37":{"start":{"line":38,"column":0},"end":{"line":38,"column":23}},"38":{"start":{"line":39,"column":0},"end":{"line":39,"column":26}},"39":{"start":{"line":40,"column":0},"end":{"line":40,"column":24}},"40":{"start":{"line":41,"column":0},"end":{"line":41,"column":19}},"41":{"start":{"line":42,"column":0},"end":{"line":42,"column":19}},"42":{"start":{"line":43,"column":0},"end":{"line":43,"column":20}},"43":{"start":{"line":44,"column":0},"end":{"line":44,"column":28}},"44":{"start":{"line":45,"column":0},"end":{"line":45,"column":24}},"45":{"start":{"line":46,"column":0},"end":{"line":46,"column":23}},"46":{"start":{"line":47,"column":0},"end":{"line":47,"column":23}},"47":{"start":{"line":48,"column":0},"end":{"line":48,"column":24}},"48":{"start":{"line":49,"column":0},"end":{"line":49,"column":23}},"49":{"start":{"line":50,"column":0},"end":{"line":50,"column":19}},"50":{"start":{"line":51,"column":0},"end":{"line":51,"column":28}},"51":{"start":{"line":52,"column":0},"end":{"line":52,"column":22}},"52":{"start":{"line":53,"column":0},"end":{"line":53,"column":21}},"53":{"start":{"line":54,"column":0},"end":{"line":54,"column":22}},"54":{"start":{"line":55,"column":0},"end":{"line":55,"column":22}},"55":{"start":{"line":56,"column":0},"end":{"line":56,"column":27}},"56":{"start":{"line":57,"column":0},"end":{"line":57,"column":23}},"57":{"start":{"line":58,"column":0},"end":{"line":58,"column":23}},"58":{"start":{"line":59,"column":0},"end":{"line":59,"column":25}},"59":{"start":{"line":60,"column":0},"end":{"line":60,"column":28}},"60":{"start":{"line":61,"column":0},"end":{"line":61,"column":24}},"61":{"start":{"line":62,"column":0},"end":{"line":62,"column":24}},"62":{"start":{"line":63,"column":0},"end":{"line":63,"column":21}},"63":{"start":{"line":64,"column":0},"end":{"line":64,"column":24}},"64":{"start":{"line":65,"column":0},"end":{"line":65,"column":26}},"65":{"start":{"line":66,"column":0},"end":{"line":66,"column":27}},"66":{"start":{"line":67,"column":0},"end":{"line":67,"column":27}},"67":{"start":{"line":68,"column":0},"end":{"line":68,"column":27}},"68":{"start":{"line":69,"column":0},"end":{"line":69,"column":27}},"69":{"start":{"line":70,"column":0},"end":{"line":70,"column":24}},"70":{"start":{"line":71,"column":0},"end":{"line":71,"column":22}},"71":{"start":{"line":72,"column":0},"end":{"line":72,"column":25}},"72":{"start":{"line":73,"column":0},"end":{"line":73,"column":24}},"73":{"start":{"line":74,"column":0},"end":{"line":74,"column":23}},"74":{"start":{"line":75,"column":0},"end":{"line":75,"column":25}},"75":{"start":{"line":76,"column":0},"end":{"line":76,"column":25}},"76":{"start":{"line":77,"column":0},"end":{"line":77,"column":23}},"77":{"start":{"line":78,"column":0},"end":{"line":78,"column":24}},"78":{"start":{"line":79,"column":0},"end":{"line":79,"column":18}},"79":{"start":{"line":80,"column":0},"end":{"line":80,"column":23}},"80":{"start":{"line":81,"column":0},"end":{"line":81,"column":25}},"81":{"start":{"line":82,"column":0},"end":{"line":82,"column":22}},"82":{"start":{"line":83,"column":0},"end":{"line":83,"column":21}},"83":{"start":{"line":84,"column":0},"end":{"line":84,"column":23}},"84":{"start":{"line":85,"column":0},"end":{"line":85,"column":20}},"85":{"start":{"line":86,"column":0},"end":{"line":86,"column":19}},"86":{"start":{"line":87,"column":0},"end":{"line":87,"column":19}},"87":{"start":{"line":88,"column":0},"end":{"line":88,"column":22}},"88":{"start":{"line":89,"column":0},"end":{"line":89,"column":27}},"89":{"start":{"line":90,"column":0},"end":{"line":90,"column":23}},"90":{"start":{"line":91,"column":0},"end":{"line":91,"column":26}},"91":{"start":{"line":92,"column":0},"end":{"line":92,"column":23}},"92":{"start":{"line":93,"column":0},"end":{"line":93,"column":24}},"93":{"start":{"line":94,"column":0},"end":{"line":94,"column":23}},"94":{"start":{"line":95,"column":0},"end":{"line":95,"column":34}},"95":{"start":{"line":96,"column":0},"end":{"line":96,"column":24}},"96":{"start":{"line":97,"column":0},"end":{"line":97,"column":23}},"97":{"start":{"line":98,"column":0},"end":{"line":98,"column":25}},"98":{"start":{"line":99,"column":0},"end":{"line":99,"column":27}},"99":{"start":{"line":100,"column":0},"end":{"line":100,"column":26}},"100":{"start":{"line":101,"column":0},"end":{"line":101,"column":28}},"101":{"start":{"line":102,"column":0},"end":{"line":102,"column":28}},"102":{"start":{"line":103,"column":0},"end":{"line":103,"column":28}},"103":{"start":{"line":104,"column":0},"end":{"line":104,"column":25}},"104":{"start":{"line":105,"column":0},"end":{"line":105,"column":23}},"105":{"start":{"line":106,"column":0},"end":{"line":106,"column":19}},"106":{"start":{"line":107,"column":0},"end":{"line":107,"column":30}},"107":{"start":{"line":108,"column":0},"end":{"line":108,"column":24}},"108":{"start":{"line":109,"column":0},"end":{"line":109,"column":26}},"109":{"start":{"line":110,"column":0},"end":{"line":110,"column":26}},"110":{"start":{"line":111,"column":0},"end":{"line":111,"column":28}},"111":{"start":{"line":112,"column":0}
[...]
8,"column":59}},"58":{"start":{"line":59,"column":0},"end":{"line":59,"column":44}},"61":{"start":{"line":62,"column":0},"end":{"line":62,"column":41}},"62":{"start":{"line":63,"column":0},"end":{"line":63,"column":51}},"63":{"start":{"line":64,"column":0},"end":{"line":64,"column":39}},"64":{"start":{"line":65,"column":0},"end":{"line":65,"column":39}},"65":{"start":{"line":66,"column":0},"end":{"line":66,"column":40}},"66":{"start":{"line":67,"column":0},"end":{"line":67,"column":7}},"67":{"start":{"line":68,"column":0},"end":{"line":68,"column":5}},"69":{"start":{"line":70,"column":0},"end":{"line":70,"column":46}},"70":{"start":{"line":71,"column":0},"end":{"line":71,"column":23}},"71":{"start":{"line":72,"column":0},"end":{"line":72,"column":69}},"72":{"start":{"line":73,"column":0},"end":{"line":73,"column":72}},"73":{"start":{"line":74,"column":0},"end":{"line":74,"column":72}},"74":{"start":{"line":75,"column":0},"end":{"line":75,"column":90}},"75":{"start":{"line":76,"column":0},"end":{"line":76,"column":88}},"76":{"start":{"line":77,"column":0},"end":{"line":77,"column":81}},"77":{"start":{"line":78,"column":0},"end":{"line":78,"column":76}},"78":{"start":{"line":79,"column":0},"end":{"line":79,"column":84}},"79":{"start":{"line":80,"column":0},"end":{"line":80,"column":77}},"80":{"start":{"line":81,"column":0},"end":{"line":81,"column":77}},"81":{"start":{"line":82,"column":0},"end":{"line":82,"column":81}},"82":{"start":{"line":83,"column":0},"end":{"line":83,"column":6}},"84":{"start":{"line":85,"column":0},"end":{"line":85,"column":61}},"85":{"start":{"line":86,"column":0},"end":{"line":86,"column":53}},"86":{"start":{"line":87,"column":0},"end":{"line":87,"column":60}},"87":{"start":{"line":88,"column":0},"end":{"line":88,"column":40}},"90":{"start":{"line":91,"column":0},"end":{"line":91,"column":53}},"91":{"start":{"line":92,"column":0},"end":{"line":92,"column":41}},"92":{"start":{"line":93,"column":0},"end":{"line":93,"column":41}},"93":{"start":{"line":94,"column":0},"end":{"line":94,"column":9}},"94":{"start":{"line":95,"column":0},"end":{"line":95,"column":7}},"95":{"start":{"line":96,"column":0},"end":{"line":96,"column":5}},"97":{"start":{"line":98,"column":0},"end":{"line":98,"column":45}},"98":{"start":{"line":99,"column":0},"end":{"line":99,"column":25}},"99":{"start":{"line":100,"column":0},"end":{"line":100,"column":67}},"100":{"start":{"line":101,"column":0},"end":{"line":101,"column":68}},"101":{"start":{"line":102,"column":0},"end":{"line":102,"column":68}},"102":{"start":{"line":103,"column":0},"end":{"line":103,"column":72}},"103":{"start":{"line":104,"column":0},"end":{"line":104,"column":70}},"104":{"start":{"line":105,"column":0},"end":{"line":105,"column":73}},"105":{"start":{"line":106,"column":0},"end":{"line":106,"column":67}},"106":{"start":{"line":107,"column":0},"end":{"line":107,"column":73}},"107":{"start":{"line":108,"column":0},"end":{"line":108,"column":72}},"108":{"start":{"line":109,"column":0},"end":{"line":109,"column":78}},"109":{"start":{"line":110,"column":0},"end":{"line":110,"column":6}},"111":{"start":{"line":112,"column":0},"end":{"line":112,"column":49}},"112":{"start":{"line":113,"column":0},"end":{"line":113,"column":66}},"113":{"start":{"line":114,"column":0},"end":{"line":114,"column":52}},"114":{"start":{"line":115,"column":0},"end":{"line":115,"column":37}},"115":{"start":{"line":116,"column":0},"end":{"line":116,"column":51}},"116":{"start":{"line":117,"column":0},"end":{"line":117,"column":9}},"117":{"start":{"line":118,"column":0},"end":{"line":118,"column":7}},"119":{"start":{"line":120,"column":0},"end":{"line":120,"column":59}},"120":{"start":{"line":121,"column":0},"end":{"line":121,"column":62}},"121":{"start":{"line":122,"column":0},"end":{"line":122,"column":57}},"122":{"start":{"line":123,"column":0},"end":{"line":123,"column":7}},"124":{"start":{"line":125,"column":0},"end":{"line":125,"column":53}},"125":{"start":{"line":126,"column":0},"end":{"line":126,"column":104}},"126":{"start":{"line":127,"column":0},"end":{"line":127,"column":7}},"127":{"start":{"line":128,"column":0},"end":{"line":128,"column":5}},"129":{"start":{"line":130,"column":0},"end":{"line":130,"column":51}},"130":{"start":{"line":131,"column":0},"end":{"line":131,"column":53}},"131":{"start":{"line":132,"column":0},"end":{"line":132,"column":60}},"132":{"start":{"line":133,"column":0},"end":{"line":133,"column":41}},"133":{"start":{"line":134,"column":0},"end":{"line":134,"column":46}},"134":{"start":{"line":135,"column":0},"end":{"line":135,"column":7}},"136":{"start":{"line":137,"column":0},"end":{"line":137,"column":46}},"137":{"start":{"line":138,"column":0},"end":{"line":138,"column":66}},"138":{"start":{"line":139,"column":0},"end":{"line":139,"column":41}},"139":{"start":{"line":140,"column":0},"end":{"line":140,"column":50}},"140":{"start":{"line":141,"column":0},"end":{"line":141,"column":50}},"141":{"start":{"line":142,"column":0},"end":{"line":142,"column":55}},"142":{"start":{"line":143,"column":0},"end":{"line":143,"column":7}},"144":{"start":{"line":145,"column":0},"end":{"line":145,"column":43}},"146":{"start":{"line":147,"column":0},"end":{"line":147,"column":52}},"147":{"start":{"line":148,"column":0},"end":{"line":148,"column":48}},"148":{"start":{"line":149,"column":0},"end":{"line":149,"column":49}},"149":{"start":{"line":150,"column":0},"end":{"line":150,"column":56}},"152":{"start":{"line":153,"column":0},"end":{"line":153,"column":54}},"153":{"start":{"line":154,"column":0},"end":{"line":154,"column":52}},"154":{"start":{"line":155,"column":0},"end":{"line":155,"column":53}},"155":{"start":{"line":156,"column":0},"end":{"line":156,"column":58}},"158":{"start":{"line":159,"column":0},"end":{"line":159,"column":53}},"159":{"start":{"line":160,"column":0},"end":{"line":160,"column":51}},"160":{"start":{"line":161,"column":0},"end":{"line":161,"column":52}},"161":{"start":{"line":162,"column":0},"end":{"line":162,"column":57}},"162":{"start":{"line":163,"column":0},"end":{"line":163,"column":7}},"164":{"start":{"line":165,"column":0},"end":{"line":165,"column":57}},"165":{"start":{"line":166,"column":0},"end":{"line":166,"column":88}},"166":{"start":{"line":167,"column":0},"end":{"line":167,"column":97}},"167":{"start":{"line":168,"column":0},"end":{"line":168,"column":95}},"168":{"start":{"line":169,"column":0},"end":{"line":169,"column":109}},"169":{"start":{"line":170,"column":0},"end":{"line":170,"column":107}},"170":{"start":{"line":171,"column":0},"end":{"line":171,"column":7}},"171":{"start":{"line":172,"column":0},"end":{"line":172,"column":5}},"173":{"start":{"line":174,"column":0},"end":{"line":174,"column":49}},"174":{"start":{"line":175,"column":0},"end":{"line":175,"column":58}},"175":{"start":{"line":176,"column":0},"end":{"line":176,"column":90}},"178":{"start":{"line":179,"column":0},"end":{"line":179,"column":41}},"179":{"start":{"line":180,"column":0},"end":{"line":180,"column":51}},"180":{"start":{"line":181,"column":0},"end":{"line":181,"column":59}},"183":{"start":{"line":184,"column":0},"end":{"line":184,"column":41}},"184":{"start":{"line":185,"column":0},"end":{"line":185,"column":41}},"185":{"start":{"line":186,"column":0},"end":{"line":186,"column":7}},"187":{"start":{"line":188,"column":0},"end":{"line":188,"column":58}},"188":{"start":{"line":189,"column":0},"end":{"line":189,"column":70}},"191":{"start":{"line":192,"column":0},"end":{"line":192,"column":68}},"192":{"start":{"line":193,"column":0},"end":{"line":193,"column":41}},"193":{"start":{"line":194,"column":0},"end":{"line":194,"column":41}},"194":{"start":{"line":195,"column":0},"end":{"line":195,"column":41}},"195":{"start":{"line":196,"column":0},"end":{"line":196,"column":7}},"196":{"start":{"line":197,"column":0},"end":{"line":197,"column":5}},"198":{"start":{"line":199,"column":0},"end":{"line":199,"column":39}},"199":{"start":{"line":200,"column":0},"end":{"line":200,"column":53}},"200":{"start":{"line":201,"column":0},"end":{"line":201,"column":26}},"201":{"start":{"line":202,"column":0},"end":{"line":202,"column":28}},"202":{"start":{"line":203,"column":0},"end":{"line":203,"column":28}},"203":{"start":{"line":204,"column":0},"end":{"line":204,"column":32}},"204":{"start":{"line":205,"column":0},"end":{"line":205,"column":23}},"205":{"start":{"line":206,"column":0},"end":{"line":206,"column":21}},"206":{"start":{"line":207,"column":0},"end":{"line":207,"column":8}},"208":{"start":{"line":209,"column":0},"end":{"line":209,"column":35}},"209":{"start":{"line":210,"column":0},"end":{"line":210,"column":56}},"210":{"start":{"line":211,"column":0},"end":{"line":211,"column":58}},"211":{"start":{"line":212,"column":0},"end":{"line":212,"column":9}},"212":{"start":{"line":213,"column":0},"end":{"line":213,"column":7}},"214":{"start":{"line":215,"column":0},"end":{"line":215,"column":53}},"215":{"start":{"line":216,"column":0},"end":{"line":216,"column":26}},"216":{"start":{"line":217,"column":0},"end":{"line":217,"column":29}},"217":{"start":{"line":218,"column":0},"end":{"line":218,"column":29}},"218":{"start":{"line":219,"column":0},"end":{"line":219,"column":33}},"219":{"start":{"line":220,"column":0},"end":{"line":220,"column":27}},"220":{"start":{"line":221,"column":0},"end":{"line":221,"column":8}},"222":{"start":{"line":223,"column":0},"end":{"line":223,"column":35}},"223":{"start":{"line":224,"column":0},"end":{"line":224,"column":58}},"224":{"start":{"line":225,"column":0},"end":{"line":225,"column":35}},"225":{"start":{"line":226,"column":0},"end":{"line":226,"column":9}},"226":{"start":{"line":227,"column":0},"end":{"line":227,"column":7}},"228":{"start":{"line":229,"column":0},"end":{"line":229,"column":61}},"229":{"start":{"line":230,"column":0},"end":{"line":230,"column":54}},"231":{"start":{"line":232,"column":0},"end":{"line":232,"column":35}},"232":{"start":{"line":233,"column":0},"end":{"line":233,"column":53}},"233":{"start":{"line":234,"column":0},"end":{"line":234,"column":43}},"234":{"start":{"line":235,"column":0},"end":{"line":235,"column":9}},"235":{"start":{"line":236,"column":0},"end":{"line":236,"column":7}},"236":{"start":{"line":237,"column":0},"end":{"line":237,"column":5}},"238":{"start":{"line":239,"column":0},"end":{"line":239,"column":48}},"239":{"start":{"line":240,"column":0},"end":{"line":240,"column":61}},"240":{"start":{"line":241,"column":0},"end":{"line":241,"column":22}},"241":{"start":{"line":242,"column":0},"end":{"line":242,"column":73}},"242":{"start":{"line":243,"column":0},"end":{"line":243,"column":77}},"243":{"start":{"line":244,"column":0},"end":{"line":244,"column":8}},"245":{"start":{"line":246,"column":0},"end":{"line":246,"column":38}},"246":{"start":{"line":247,"column":0},"end":{"line":247,"column":31}},"247":{"start":{"line":248,"column":0},"end":{"line":248,"column":38}},"248":{"start":{"line":249,"column":0},"end":{"line":249,"column":9}},"249":{"start":{"line":250,"column":0},"end":{"line":250,"column":49}},"252":{"start":{"line":253,"column":0},"end":{"line":253,"column":66}},"253":{"start":{"line":254,"column":0},"end":{"line":254,"column":7}},"254":{"start":{"line":255,"column":0},"end":{"line":255,"column":5}},"255":{"start":{"line":256,"column":0},"end":{"line":256,"column":3}}},"s":{"0":1,"1":1,"3":1,"4":1,"5":1,"6":1,"7":1,"10":1,"11":1,"12":1,"13":1,"14":1,"17":1,"18":1,"19":1,"20":1,"21":1,"23":1,"25":1,"28":1,"29":1,"30":1,"31":1,"34":1,"35":1,"36":1,"37":1,"40":1,"41":1,"42":1,"43":1,"44":1,"45":1,"46":1,"47":1,"48":1,"49":1,"50":1,"52":1,"53":1,"54":1,"57":1,"58":1,"61":1,"62":1,"63":1,"64":1,"65":1,"66":1,"67":1,"69":1,"70":1,"71":1,"72":1,"73":1,"74":1,"75":1,"76":1,"77":1,"78":1,"79":1,"80":1,"81":1,"82":1,"84":1,"85":11,"86":11,"87":11,"90":11,"91":11,"92":11,"93":11,"94":1,"95":1,"97":1,"98":1,"99":1,"100":1,"101":1,"102":1,"103":1,"104":1,"105":1,"106":1,"107":1,"108":1,"109":1,"111":1,"112":10,"113":10,"114":10,"115":10,"116":10,"117":1,"119":1,"120":1,"121":1,"122":1,"124":1,"125":1,"126":1,"127":1,"129":1,"130":1,"131":1,"132":1,"133":1,"134":1,"136":1,"137":1,"138":1,"139":1,"140":1,"141":1,"142":1,"144":1,"146":1,"147":1,"148":1,"149":1,"152":1,"153":1,"154":1,"155":1,"158":1,"159":1,"160":1,"161":1,"162":1,"164":1,"165":1,"166":1,"167":1,"168":1,"169":1,"170":1,"171":1,"173":1,"174":1,"175":1,"178":1,"179":1,"180":1,"183":1,"184":1,"185":1,"187":1,"188":1,"191":1,"192":1,"193":1,"194":1,"195":1,"196":1,"198":1,"199":1,"200":1,"201":1,"202":1,"203":1,"204":1,"205":1,"206":1,"208":1,"209":5,"210":5,"211":1,"212":1,"214":1,"215":1,"216":1,"217":1,"218":1,"219":1,"220":1,"222":1,"223":4,"224":4,"225":1,"226":1,"228":1,"229":1,"231":1,"232":4,"233":4,"234":1,"235":1,"236":1,"238":1,"239":1,"240":1,"241":1,"242":1,"243":1,"245":1,"246":1,"247":9,"248":1,"249":1,"252":1,"253":1,"254":1,"255":1},"branchMap":{"0":{"type":"branch","line":4,"loc":{"start":{"line":4,"column":46},"end":{"line":256,"column":3}},"locations":[{"start":{"line":4,"column":46},"end":{"line":256,"column":3}}]},"1":{"type":"branch","line":5,"loc":{"start":{"line":5,"column":50},"end":{"line":68,"column":3}},"locations":[{"start":{"line":5,"column":50},"end":{"line":68,"column":3}}]},"2":{"type":"branch","line":6,"loc":{"start":{"line":6,"column":68},"end":{"line":22,"column":5}},"locations":[{"start":{"line":6,"column":68},"end":{"line":22,"column":5}}]},"3":{"type":"branch","line":24,"loc":{"start":{"line":24,"column":70},"end":{"line":51,"column":5}},"locations":[{"start":{"line":24,"column":70},"end":{"line":51,"column":5}}]},"4":{"type":"branch","line":53,"loc":{"start":{"line":53,"column":69},"end":{"line":67,"column":5}},"locations":[{"start":{"line":53,"column":69},"end":{"line":67,"column":5}}]},"5":{"type":"branch","line":70,"loc":{"start":{"line":70,"column":39},"end":{"line":96,"column":3}},"locations":[{"start":{"line":70,"column":39},"end":{"line":96,"column":3}}]},"6":{"type":"branch","line":85,"loc":{"start":{"line":85,"column":22},"end":{"line":95,"column":5}},"locations":[{"start":{"line":85,"column":22},"end":{"line":95,"column":5}}]},"7":{"type":"branch","line":86,"loc":{"start":{"line":86,"column":46},"end":{"line":94,"column":7}},"locations":[{"start":{"line":86,"column":46},"end":{"line":94,"column":7}}]},"8":{"type":"branch","line":98,"loc":{"start":{"line":98,"column":38},"end":{"line":128,"column":3}},"locations":[{"start":{"line":98,"column":38},"end":{"line":128,"column":3}}]},"9":{"type":"branch","line":112,"loc":{"start":{"line":112,"column":24},"end":{"line":118,"column":5}},"locations":[{"start":{"line":112,"column":24},"end":{"line":118,"column":5}}]},"10":{"type":"branch","line":113,"loc":{"start":{"line":113,"column":59},"end":{"line":117,"column":7}},"locations":[{"start":{"line":113,"column":59},"end":{"line":117,"column":7}}]},"11":{"type":"branch","line":120,"loc":{"start":{"line":120,"column":52},"end":{"line":123,"column":5}},"locations":[{"start":{"line":120,"column":52},"end":{"line":123,"column":5}}]},"12":{"type":"branch","line":125,"loc":{"start":{"line":125,"column":46},"end":{"line":127,"column":5}},"locations":[{"start":{"line":125,"column":46},"end":{"line":127,"column":5}}]},"13":{"type":"branch","line":126,"loc":{"start":{"line":126,"column":13},"end":{"line":126,"column":57}},"locations":[{"start":{"line":126,"column":13},"end":{"line":126,"column":57}}]},"14":{"type":"branch","line":130,"loc":{"start":{"line":130,"column":44},"end":{"line":172,"column":3}},"locations":[{"start":{"line":130,"column":44},"end":{"line":172,"column":3}}]},"15":{"type":"branch","line":131,"loc":{"start":{"line":131,"column":46},"end":{"line":135,"column":5}},"locations":[{"start":{"line":131,"column":46},"end":{"line":135,"column":5}}]},"16":{"type":"branch","line":137,"loc":{"start":{"line":137,"column":39},"end":{"line":143,"column":5}},"locations":[{"start":{"line":137,"column":39},"end":{"line":143,"column":5}}]},"17":{"type":"branch","line":145,"loc":{"start":{"line":145,"column":36},"end":{"line":163,"column":5}},"locations":[{"start":{"line":145,"column":36},"end":{"line":163,"column":5}}]},"18":{"type":"branch","line":165,"loc":{"start":{"line":165,"column":50},"end":{"line":171,"column":5}},"locations":[{"start":{"line":165,"column":50},"end":{"line":171,"column":5}}]},"19":{"type":"branch","line":166,"loc":{"start":{"line":166,"column":13},"end":{"line":166,"column":45}},"locations":[{"start":{"line":166,"column":13},"end":{"line":166,"column":45}}]},"20":{"type":"branch","line":167,"loc":{"start":{"line":167,"column":13},"end":{"line":167,"column":54}},"locations":[{"start":{"line":167,"column":13},"end":{"line":167,"column":54}}]},"21":{"type":"branch","line":168,"loc":{"start":{"line":168,"column":13},"end":{"line":168,"column":52}},"locations":[{"start":{"line":168,"column":13},"end":{"line":168,"column":52}}]},"22":{"type":"branch","line":169,"loc":{"start":{"line":169,"column":13},"end":{"line":169,"column":59}},"locations":[{"start":{"line":169,"column":13},"end":{"line":169,"column":59}}]},"23":{"type":"branch","line":170,"loc":{"start":{"line":170,"column":13},"end":{"line":170,"column":64}},"locations":[{"start":{"line":170,"column":13},"end":{"line":170,"column":64}}]},"24":{"type":"branch","line":174,"loc":{"start":{"line":174,"column":42},"end":{"line":197,"column":3}},"locations":[{"start":{"line":174,"column":42},"end":{"line":197,"column":3}}]},"25":{"type":"branch","line":175,"loc":{"start":{"line":175,"column":51},"end":{"line":186,"column":5}},"locations":[{"start":{"line":175,"column":51},"end":{"line":186,"column":5}}]},"26":{"type":"branch","line":188,"loc":{"start":{"line":188,"column":51},"end":{"line":196,"column":5}},"locations":[{"start":{"line":188,"column":51},"end":{"line":196,"column":5}}]},"27":{"type":"branch","line":199,"loc":{"start":{"line":199,"column":32},"end":{"line":237,"column":3}},"locations":[{"start":{"line":199,"column":32},"end":{"line":237,"column":3}}]},"28":{"type":"branch","line":200,"loc":{"start":{"line":200,"column":46},"end":{"line":213,"column":5}},"locations":[{"start":{"line":200,"column":46},"end":{"line":213,"column":5}}]},"29":{"type":"branch","line":209,"loc":{"start":{"line":209,"column":25},"end":{"line":212,"column":7}},"locations":[{"start":{"line":209,"column":25},"end":{"line":212,"column":7}}]},"30":{"type":"branch","line":215,"loc":{"start":{"line":215,"column":46},"end":{"line":227,"column":5}},"locations":[{"start":{"line":215,"column":46},"end":{"line":227,"column":5}}]},"31":{"type":"branch","line":223,"loc":{"start":{"line":223,"column":25},"end":{"line":226,"column":7}},"locations":[{"start":{"line":223,"column":25},"end":{"line":226,"column":7}}]},"32":{"type":"branch","line":229,"loc":{"start":{"line":229,"column":54},"end":{"line":236,"column":5}},"locations":[{"start":{"line":229,"column":54},"end":{"line":236,"column":5}}]},"33":{"type":"branch","line":232,"loc":{"start":{"line":232,"column":25},"end":{"line":235,"column":7}},"locations":[{"start":{"line":232,"column":25},"end":{"line":235,"column":7}}]},"34":{"type":"branch","line":239,"loc":{"start":{"line":239,"column":41},"end":{"line":255,"column":3}},"locations":[{"start":{"line":239,"column":41},"end":{"line":255,"column":3}}]},"35":{"type":"branch","line":240,"loc":{"start":{"line":240,"column":54},"end":{"line":254,"column":5}},"locations":[{"start":{"line":240,"column":54},"end":{"line":254,"column":5}}]},"36":{"type":"branch","line":247,"loc":{"start":{"line":247,"column":21},"end":{"line":249,"column":7}},"locations":[{"start":{"line":247,"column":21},"end":{"line":249,"column":7}}]}},"b":{"0":[1],"1":[1],"2":[1],"3":[1],"4":[1],"5":[1],"6":[11],"7":[11],"8":[1],"9":[10],"10":[10],"11":[1],"12":[1],"13":[1],"14":[1],"15":[1],"16":[1],"17":[1],"18":[1],"19":[1],"20":[1],"21":[1],"22":[1],"23":[1],"24":[1],"25":[1],"26":[1],"27":[1],"28":[1],"29":[5],"30":[1],"31":[4],"32":[1],"33":[4],"34":[1],"35":[1],"36":[9]},"fnMap":{},"f":{}}
}
