{"/Users/tarek/development/creating-mcp/color-tools/src/colorAccessibility.ts": {"path":"/Users/tarek/development/creating-mcp/color-tools/src/colorAccessibility.ts","all":false,"statementMap":{"0":{"start":{"line":1,"column":0},"end":{"line":1,"column":33}},"41":{"start":{"line":42,"column":0},"end":{"line":42,"column":62}},"43":{"start":{"line":44,"column":0},"end":{"line":44,"column":24}},"44":{"start":{"line":45,"column":0},"end":{"line":45,"column":24}},"45":{"start":{"line":46,"column":0},"end":{"line":46,"column":24}},"48":{"start":{"line":49,"column":0},"end":{"line":49,"column":80}},"49":{"start":{"line":50,"column":0},"end":{"line":50,"column":80}},"50":{"start":{"line":51,"column":0},"end":{"line":51,"column":80}},"53":{"start":{"line":54,"column":0},"end":{"line":54,"column":64}},"54":{"start":{"line":55,"column":0},"end":{"line":55,"column":1}},"62":{"start":{"line":63,"column":0},"end":{"line":63,"column":74}},"63":{"start":{"line":64,"column":0},"end":{"line":64,"column":50}},"64":{"start":{"line":65,"column":0},"end":{"line":65,"column":50}},"66":{"start":{"line":67,"column":0},"end":{"line":67,"column":39}},"67":{"start":{"line":68,"column":0},"end":{"line":68,"column":38}},"69":{"start":{"line":70,"column":0},"end":{"line":70,"column":44}},"70":{"start":{"line":71,"column":0},"end":{"line":71,"column":1}},"75":{"start":{"line":76,"column":0},"end":{"line":76,"column":99}},"77":{"start":{"line":78,"column":0},"end":{"line":78,"column":47}},"78":{"start":{"line":79,"column":0},"end":{"line":79,"column":67}},"79":{"start":{"line":80,"column":0},"end":{"line":80,"column":17}},"81":{"start":{"line":82,"column":0},"end":{"line":82,"column":46}},"82":{"start":{"line":83,"column":0},"end":{"line":83,"column":67}},"83":{"start":{"line":84,"column":0},"end":{"line":84,"column":17}},"85":{"start":{"line":86,"column":0},"end":{"line":86,"column":53}},"88":{"start":{"line":89,"column":0},"end":{"line":89,"column":53}},"90":{"start":{"line":91,"column":0},"end":{"line":91,"column":34}},"91":{"start":{"line":92,"column":0},"end":{"line":92,"column":24}},"92":{"start":{"line":93,"column":0},"end":{"line":93,"column":13}},"93":{"start":{"line":94,"column":0},"end":{"line":94,"column":11}},"94":{"start":{"line":95,"column":0},"end":{"line":95,"column":29}},"95":{"start":{"line":96,"column":0},"end":{"line":96,"column":25}},"96":{"start":{"line":97,"column":0},"end":{"line":97,"column":8}},"97":{"start":{"line":98,"column":0},"end":{"line":98,"column":12}},"98":{"start":{"line":99,"column":0},"end":{"line":99,"column":27}},"99":{"start":{"line":100,"column":0},"end":{"line":100,"column":27}},"100":{"start":{"line":101,"column":0},"end":{"line":101,"column":7}},"101":{"start":{"line":102,"column":0},"end":{"line":102,"column":6}},"102":{"start":{"line":103,"column":0},"end":{"line":103,"column":22}},"103":{"start":{"line":104,"column":0},"end":{"line":104,"column":4}},"106":{"start":{"line":107,"column":0},"end":{"line":107,"column":33}},"107":{"start":{"line":108,"column":0},"end":{"line":108,"column":77}},"108":{"start":{"line":109,"column":0},"end":{"line":109,"column":39}},"109":{"start":{"line":110,"column":0},"end":{"line":110,"column":80}},"110":{"start":{"line":111,"column":0},"end":{"line":111,"column":38}},"111":{"start":{"line":112,"column":0},"end":{"line":112,"column":91}},"112":{"start":{"line":113,"column":0},"end":{"line":113,"column":39}},"113":{"start":{"line":114,"column":0},"end":{"line":114,"column":87}},"114":{"start":{"line":115,"column":0},"end":{"line":115,"column":10}},"115":{"start":{"line":116,"column":0},"end":{"line":116,"column":75}},"116":{"start":{"line":117,"column":0},"end":{"line":117,"column":3}},"118":{"start":{"line":119,"column":0},"end":{"line":119,"column":16}},"119":{"start":{"line":120,"column":0},"end":{"line":120,"column":1}},"125":{"start":{"line":126,"column":0},"end":{"line":126,"column":36}},"126":{"start":{"line":127,"column":0},"end":{"line":127,"column":28}},"127":{"start":{"line":128,"column":0},"end":{"line":128,"column":32}},"128":{"start":{"line":129,"column":0},"end":{"line":129,"column":36}},"129":{"start":{"line":130,"column":0},"end":{"line":130,"column":57}},"130":{"start":{"line":131,"column":0},"end":{"line":131,"column":9}},"131":{"start":{"line":132,"column":0},"end":{"line":132,"column":67}},"132":{"start":{"line":133,"column":0},"end":{"line":133,"column":23}},"133":{"start":{"line":134,"column":0},"end":{"line":134,"column":23}},"134":{"start":{"line":135,"column":0},"end":{"line":135,"column":14}},"137":{"start":{"line":138,"column":0},"end":{"line":138,"column":51}},"138":{"start":{"line":139,"column":0},"end":{"line":139,"column":68}},"139":{"start":{"line":140,"column":0},"end":{"line":140,"column":18}},"141":{"start":{"line":142,"column":0},"end":{"line":142,"column":51}},"142":{"start":{"line":143,"column":0},"end":{"line":143,"column":72}},"143":{"start":{"line":144,"column":0},"end":{"line":144,"column":22}},"146":{"start":{"line":147,"column":0},"end":{"line":147,"column":67}},"147":{"start":{"line":148,"column":0},"end":{"line":148,"column":42}},"148":{"start":{"line":149,"column":0},"end":{"line":149,"column":12}},"149":{"start":{"line":150,"column":0},"end":{"line":150,"column":23}},"150":{"start":{"line":151,"column":0},"end":{"line":151,"column":46}},"151":{"start":{"line":152,"column":0},"end":{"line":152,"column":31}},"152":{"start":{"line":153,"column":0},"end":{"line":153,"column":6}},"153":{"start":{"line":154,"column":0},"end":{"line":154,"column":3}},"156":{"start":{"line":157,"column":0},"end":{"line":157,"column":56}},"157":{"start":{"line":158,"column":0},"end":{"line":158,"column":80}},"159":{"start":{"line":160,"column":0},"end":{"line":160,"column":20}},"161":{"start":{"line":162,"column":0},"end":{"line":162,"column":57}},"162":{"start":{"line":163,"column":0},"end":{"line":163,"column":37}},"163":{"start":{"line":164,"column":0},"end":{"line":164,"column":25}},"166":{"start":{"line":167,"column":0},"end":{"line":167,"column":39}},"167":{"start":{"line":168,"column":0},"end":{"line":168,"column":59}},"168":{"start":{"line":169,"column":0},"end":{"line":169,"column":39}},"170":{"start":{"line":171,"column":0},"end":{"line":171,"column":72}},"171":{"start":{"line":172,"column":0},"end":{"line":172,"column":42}},"172":{"start":{"line":173,"column":0},"end":{"line":173,"column":55}},"173":{"start":{"line":174,"column":0},"end":{"line":174,"column":62}},"175":{"start":{"line":176,"column":0},"end":{"line":176,"column":39}},"176":{"start":{"line":177,"column":0},"end":{"line":177,"column":16}},"177":{"start":{"line":178,"column":0},"end":{"line":178,"column":25}},"178":{"start":{"line":179,"column":0},"end":{"line":179,"column":48}},"179":{"start":{"line":180,"column":0},"end":{"line":180,"column":18}},"180":{"start":{"line":181,"column":0},"end":{"line":181,"column":10}},"181":{"start":{"line":182,"column":0},"end":{"line":182,"column":7}},"183":{"start":{"line":184,"column":0},"end":{"line":184,"column":36}},"184":{"start":{"line":185,"column":0},"end":{"line":185,"column":32}},"185":{"start":{"line":186,"column":0},"end":{"line":186,"column":28}},"186":{"start":{"line":187,"column":0},"end":{"line":187,"column":7}},"187":{"start":{"line":188,"column":0},"end":{"line":188,"column":5}},"190":{"start":{"line":191,"column":0},"end":{"line":191,"column":20}},"191":{"start":{"line":192,"column":0},"end":{"line":192,"column":14}},"192":{"start":{"line":193,"column":0},"end":{"line":193,"column":25}},"193":{"start":{"line":194,"column":0},"end":{"line":194,"column":48}},"194":{"start":{"line":195,"column":0},"end":{"line":195,"column":30}},"195":{"start":{"line":196,"column":0},"end":{"line":196,"column":8}},"196":{"start":{"line":197,"column":0},"end":{"line":197,"column":5}},"197":{"start":{"line":198,"column":0},"end":{"line":198,"column":10}},"199":{"start":{"line":200,"column":0},"end":{"line":200,"column":44}},"200":{"start":{"line":201,"column":0},"end":{"line":201,"column":50}},"202":{"start":{"line":203,"column":0},"end":{"line":203,"column":63}},"203":{"start":{"line":204,"column":0},"end":{"line":204,"column":63}},"205":{"start":{"line":206,"column":0},"end":{"line":206,"column":58}},"206":{"start":{"line":207,"column":0},"end":{"line":207,"column":14}},"207":{"start":{"line":208,"column":0},"end":{"line":208,"column":21}},"208":{"start":{"line":209,"column":0},"end":{"line":209,"column":23}},"209":{"start":{"line":210,"column":0},"end":{"line":210,"column":31}},"210":{"start":{"line":211,"column":0},"end":{"line":211,"column":8}},"211":{"start":{"line":212,"column":0},"end":{"line":212,"column":66}},"212":{"start":{"line":213,"column":0},"end":{"line":213,"column":14}},"213":{"start":{"line":214,"column":0},"end":{"line":214,"column":21}},"214":{"start":{"line":215,"column":0},"end":{"line":215,"column":23}},"215":{"start":{"line":216,"column":0},"end":{"line":216,"column":31}},"216":{"start":{"line":217,"column":0},"end":{"line":217,"column":8}},"217":{"start":{"line":218,"column":0},"end":{"line":218,"column":5}},"220":{"start":{"line":221,"column":0},"end":{"line":221,"column":40}},"221":{"start":{"line":222,"column":0},"end":{"line":222,"column":14}},"222":{"start":{"line":223,"column":0},"end":{"line":223,"column":21}},"223":{"start":{"line":224,"column":0},"end":{"line":224,"column":23}},"224":{"start":{"line":225,"column":0},"end":{"line":225,"column":31}},"225":{"start":{"line":226,"column":0},"end":{"line":226,"column":8}},"226":{"start":{"line":227,"column":0},"end":{"line":227,"column":12}},"227":{"start":{"line":228,"column":0},"end":{"line":228,"column":14}},"228":{"start":{"line":229,"column":0},"end":{"line":229,"column":21}},"229":{"start":{"line":230,"column":0},"end":{"line":230,"column":23}},"230":{"start":{"line":231,"column":0},"end":{"line":231,"column":31}},"231":{"start":{"line":232,"column":0},"end":{"line":232,"column":8}},"232":{"start":{"line":233,"column":0},"end":{"line":233,"column":5}},"233":{"start":{"line":234,"column":0},"end":{"line":234,"column":3}},"235":{"start":{"line":236,"column":0},"end":{"line":236,"column":14}},"236":{"start":{"line":237,"column":0},"end":{"line":237,"column":1}},"241":{"start":{"line":242,"column":0},"end":{"line":242,"column":57}},"245":{"start":{"line":246,"column":0},"end":{"line":246,"column":3}},"246":{"start":{"line":247,"column":0},"end":{"line":247,"column":48}},"247":{"start":{"line":248,"column":0},"end":{"line":248,"column":42}},"248":{"start":{"line":249,"column":0},"end":{"line":249,"column":47}},"250":{"start":{"line":251,"column":0},"end":{"line":251,"column":10}},"251":{"start":{"line":252,"column":0},"end":{"line":252,"column":39}},"252":{"start":{"line":253,"column":0},"end":{"line":253,"column":39}},"253":{"start":{"line":254,"column":0},"end":{"line":254,"column":36}},"254":{"start":{"line":255,"column":0},"end":{"line":255,"column":4}},"255":{"start":{"line":256,"column":0},"end":{"line":256,"column":1}},"260":{"start":{"line":261,"column":0},"end":{"line":261,"column":91}},"265":{"start":{"line":266,"column":0},"end":{"line":266,"column":4}},"266":{"start":{"line":267,"column":0},"end":{"line":267,"column":47}},"267":{"start":{"line":268,"column":0},"end":{"line":268,"column":66}},"268":{"start":{"line":269,"column":0},"end":{"line":269,"column":16}},"270":{"start":{"line":271,"column":0},"end":{"line":271,"column":51}},"271":{"start":{"line":272,"column":0},"end":{"line":272,"column":28}},"276":{"start":{"line":277,"column":0},"end":{"line":277,"column":10}},"279":{"start":{"line":280,"column":0},"end":{"line":280,"column":70}},"280":{"start":{"line":281,"column":0},"end":{"line":281,"column":60}},"282":{"start":{"line":283,"column":0},"end":{"line":283,"column":41}},"283":{"start":{"line":284,"column":0},"end":{"line":284,"column":43}},"284":{"start":{"line":285,"column":0},"end":{"line":285,"column":76}},"286":{"start":{"line":287,"column":0},"end":{"line":287,"column":68}},"287":{"start":{"line":288,"column":0},"end":{"line":288,"column":68}},"289":{"start":{"line":290,"column":0},"end":{"line":290,"column":51}},"292":{"start":{"line":293,"column":0},"end":{"line":293,"column":35}},"293":{"start":{"line":294,"column":0},"end":{"line":294,"column":56}},"294":{"start":{"line":295,"column":0},"end":{"line":295,"column":56}},"296":{"start":{"line":297,"column":0},"end":{"line":297,"column":26}},"297":{"start":{"line":298,"column":0},"end":{"line":298,"column":23}},"298":{"start":{"line":299,"column":0},"end":{"line":299,"column":49}},"299":{"start":{"line":300,"column":0},"end":{"line":300,"column":71}},"300":{"start":{"line":301,"column":0},"end":{"line":301,"column":12}},"301":{"start":{"line":302,"column":0},"end":{"line":302,"column":23}},"302":{"start":{"line":303,"column":0},"end":{"line":303,"column":50}},"303":{"start":{"line":304,"column":0},"end":{"line":304,"column":72}},"304":{"start":{"line":305,"column":0},"end":{"line":305,"column":12}},"305":{"start":{"line":306,"column":0},"end":{"line":306,"column":33}},"306":{"start":{"line":307,"column":0},"end":{"line":307,"column":31}},"307":{"start":{"line":308,"column":0},"end":{"line":308,"column":11}},"308":{"start":{"line":309,"column":0},"end":{"line":309,"column":7}},"309":{"start":{"line":310,"column":0},"end":{"line":310,"column":5}},"310":{"start":{"line":311,"column":0},"end":{"line":311,"column":3}},"313":{"start":{"line":314,"column":0},"end":{"line":314,"column":20}},"314":{"start":{"line":315,"column":0},"end":{"line":315,"column":44}},"315":{"start":{"line":316,"column":0},"end":{"line":316,"column":21}},"316":{"start":{"line":317,"column":0},"end":{"line":317,"column":1}}},"s":{"0":1,"41":1,"43":1415,"44":1415,"45":1415,"48":1415,"49":1415,"50":1415,"53":1415,"54":1415,"62":1,"63":482,"64":482,"66":482,"67":482,"69":482,"70":482,"75":1,"77":297,"78":17,"79":280,"81":297,"82":11,"83":286,"85":297,"88":297,"90":297,"91":297,"92":297,"93":297,"94":297,"95":297,"96":297,"97":297,"98":297,"99":297,"100":297,"101":297,"102":297,"103":297,"106":297,"107":81,"108":297,"109":69,"110":216,"111":80,"112":147,"113":0,"114":67,"115":67,"116":67,"118":297,"119":297,"125":1,"126":12,"127":12,"128":12,"129":12,"130":12,"131":12,"132":12,"133":12,"134":12,"137":12,"138":12,"139":0,"141":12,"142":12,"143":0,"146":12,"147":12,"148":4,"149":4,"150":4,"151":4,"152":4,"153":4,"156":8,"157":12,"159":12,"161":6,"162":6,"163":6,"166":6,"167":6,"168":6,"170":6,"171":165,"172":165,"173":165,"175":165,"176":5,"177":5,"178":5,"179":5,"180":5,"181":5,"183":160,"184":160,"185":160,"186":160,"187":165,"190":1,"191":1,"192":1,"193":1,"194":1,"195":1,"196":1,"197":12,"199":2,"200":2,"202":2,"203":2,"205":2,"206":1,"207":1,"208":1,"209":1,"210":1,"211":1,"212":0,"213":0,"214":0,"215":0,"216":0,"217":0,"220":1,"221":1,"222":1,"223":1,"224":1,"225":1,"226":1,"227":0,"228":0,"229":0,"230":0,"231":0,"232":0,"233":2,"235":0,"236":0,"241":1,"245":2,"246":2,"247":2,"248":2,"250":2,"251":2,"252":2,"253":2,"254":2,"255":2,"260":1,"265":5,"266":5,"267":4,"268":1,"270":5,"271":5,"276":5,"279":5,"280":5,"282":5,"283":50,"284":500,"286":280,"287":280,"289":280,"292":500,"293":216,"294":216,"296":216,"297":216,"298":216,"299":216,"300":216,"301":216,"302":216,"303":216,"304":216,"305":216,"306":216,"307":216,"308":216,"309":500,"310":50,"313":5,"314":5,"315":5,"316":5},"branchMap":{"0":{"type":"branch","line":42,"loc":{"start":{"line":42,"column":7},"end":{"line":55,"column":1}},"locations":[{"start":{"line":42,"column":7},"end":{"line":55,"column":1}}]},"1":{"type":"branch","line":49,"loc":{"start":{"line":49,"column":23},"end":{"line":49,"column":45}},"locations":[{"start":{"line":49,"column":23},"end":{"line":49,"column":45}}]},"2":{"type":"branch","line":49,"loc":{"start":{"line":49,"column":37},"end":{"line":49,"column":80}},"locations":[{"start":{"line":49,"column":37},"end":{"line":49,"column":80}}]},"3":{"type":"branch","line":50,"loc":{"start":{"line":50,"column":23},"end":{"line":50,"column":45}},"locations":[{"start":{"line":50,"column":23},"end":{"line":50,"column":45}}]},"4":{"type":"branch","line":50,"loc":{"start":{"line":50,"column":37},"end":{"line":50,"column":80}},"locations":[{"start":{"line":50,"column":37},"end":{"line":50,"column":80}}]},"5":{"type":"branch","line":51,"loc":{"start":{"line":51,"column":23},"end":{"line":51,"column":45}},"locations":[{"start":{"line":51,"column":23},"end":{"line":51,"column":45}}]},"6":{"type":"branch","line":51,"loc":{"start":{"line":51,"column":37},"end":{"line":51,"column":80}},"locations":[{"start":{"line":51,"column":37},"end":{"line":51,"column":80}}]},"7":{"type":"branch","line":63,"loc":{"start":{"line":63,"column":7},"end":{"line":71,"column":1}},"locations":[{"start":{"line":63,"column":7},"end":{"line":71,"column":1}}]},"8":{"type":"branch","line":76,"loc":{"start":{"line":76,"column":7},"end":{"line":120,"column":1}},"locations":[{"start":{"line":76,"column":7},"end":{"line":120,"column":1}}]},"9":{"type":"branch","line":78,"loc":{"start":{"line":78,"column":38},"end":{"line":79,"column":67}},"locations":[{"start":{"line":78,"column":38},"end":{"line":79,"column":67}}]},"10":{"type":"branch","line":79,"loc":{"start":{"line":79,"column":42},"end":{"line":79,"column":67}},"locations":[{"start":{"line":79,"column":42},"end":{"line":79,"column":67}}]},"11":{"type":"branch","line":79,"loc":{"start":{"line":79,"column":66},"end":{"line":80,"column":17}},"locations":[{"start":{"line":79,"column":66},"end":{"line":80,"column":17}}]},"12":{"type":"branch","line":82,"loc":{"start":{"line":82,"column":38},"end":{"line":83,"column":67}},"locations":[{"start":{"line":82,"column":38},"end":{"line":83,"column":67}}]},"13":{"type":"branch","line":83,"loc":{"start":{"line":83,"column":42},"end":{"line":83,"column":67}},"locations":[{"start":{"line":83,"column":42},"end":{"line":83,"column":67}}]},"14":{"type":"branch","line":83,"loc":{"start":{"line":83,"column":66},"end":{"line":84,"column":17}},"locations":[{"start":{"line":83,"column":66},"end":{"line":84,"column":17}}]},"15":{"type":"branch","line":107,"loc":{"start":{"line":107,"column":32},"end":{"line":109,"column":13}},"locations":[{"start":{"line":107,"column":32},"end":{"line":109,"column":13}}]},"16":{"type":"branch","line":109,"loc":{"start":{"line":109,"column":2},"end":{"line":117,"column":3}},"locations":[{"start":{"line":109,"column":2},"end":{"line":117,"column":3}}]},"17":{"type":"branch","line":109,"loc":{"start":{"line":109,"column":38},"end":{"line":111,"column":13}},"locations":[{"start":{"line":109,"column":38},"end":{"line":111,"column":13}}]},"18":{"type":"branch","line":111,"loc":{"start":{"line":111,"column":2},"end":{"line":117,"column":3}},"locations":[{"start":{"line":111,"column":2},"end":{"line":117,"column":3}}]},"19":{"type":"branch","line":111,"loc":{"start":{"line":111,"column":37},"end":{"line":113,"column":13}},"locations":[{"start":{"line":111,"column":37},"end":{"line":113,"column":13}}]},"20":{"type":"branch","line":113,"loc":{"start":{"line":113,"column":2},"end":{"line":117,"column":3}},"locations":[{"start":{"line":113,"column":2},"end":{"line":117,"column":3}}]},"21":{"type":"branch","line":113,"loc":{"start":{"line":113,"column":38},"end":{"line":115,"column":9}},"locations":[{"start":{"line":113,"column":38},"end":{"line":115,"column":9}}]},"22":{"type":"branch","line":126,"loc":{"start":{"line":126,"column":7},"end":{"line":237,"column":1}},"locations":[{"start":{"line":126,"column":7},"end":{"line":237,"column":1}}]},"23":{"type":"branch","line":139,"loc":{"start":{"line":139,"column":43},"end":{"line":139,"column":68}},"locations":[{"start":{"line":139,"column":43},"end":{"line":139,"column":68}}]},"24":{"type":"branch","line":139,"loc":{"start":{"line":139,"column":67},"end":{"line":140,"column":18}},"locations":[{"start":{"line":139,"column":67},"end":{"line":140,"column":18}}]},"25":{"type":"branch","line":143,"loc":{"start":{"line":143,"column":47},"end":{"line":143,"column":72}},"locations":[{"start":{"line":143,"column":47},"end":{"line":143,"column":72}}]},"26":{"type":"branch","line":143,"loc":{"start":{"line":143,"column":71},"end":{"line":144,"column":22}},"locations":[{"start":{"line":143,"column":71},"end":{"line":144,"column":22}}]},"27":{"type":"branch","line":148,"loc":{"start":{"line":148,"column":41},"end":{"line":154,"column":3}},"locations":[{"start":{"line":148,"column":41},"end":{"line":154,"column":3}}]},"28":{"type":"branch","line":154,"loc":{"start":{"line":154,"column":2},"end":{"line":158,"column":47}},"locations":[{"start":{"line":154,"column":2},"end":{"line":158,"column":47}}]},"29":{"type":"branch","line":158,"loc":{"start":{"line":158,"column":40},"end":{"line":158,"column":62}},"locations":[{"start":{"line":158,"column":40},"end":{"line":158,"column":62}}]},"30":{"type":"branch","line":158,"loc":{"start":{"line":158,"column":47},"end":{"line":158,"column":80}},"locations":[{"start":{"line":158,"column":47},"end":{"line":158,"column":80}}]},"31":{"type":"branch","line":160,"loc":{"start":{"line":160,"column":19},"end":{"line":198,"column":9}},"locations":[{"start":{"line":160,"column":19},"end":{"line":198,"column":9}}]},"32":{"type":"branch","line":167,"loc":{"start":{"line":167,"column":17},"end":{"line":167,"column":37}},"locations":[{"start":{"line":167,"column":17},"end":{"line":167,"column":37}}]},"33":{"type":"branch","line":167,"loc":{"start":{"line":167,"column":32},"end":{"line":167,"column":39}},"locations":[{"start":{"line":167,"column":32},"end":{"line":167,"column":39}}]},"34":{"type":"branch","line":168,"loc":{"start":{"line":168,"column":18},"end":{"line":168,"column":47}},"locations":[{"start":{"line":168,"column":18},"end":{"line":168,"column":47}}]},"35":{"type":"branch","line":168,"loc":{"start":{"line":168,"column":43},"end":{"line":168,"column":59}},"locations":[{"start":{"line":168,"column":43},"end":{"line":168,"column":59}}]},"36":{"type":"branch","line":169,"loc":{"start":{"line":169,"column":16},"end":{"line":169,"column":35}},"locations":[{"start":{"line":169,"column":16},"end":{"line":169,"column":35}}]},"37":{"type":"branch","line":169,"loc":{"start":{"line":169,"column":31},"end":{"line":169,"column":39}},"locations":[{"start":{"line":169,"column":31},"end":{"line":169,"column":39}}]},"38":{"type":"branch","line":171,"loc":{"start":{"line":171,"column":24},"end":{"line":171,"column":50}},"locations":[{"start":{"line":171,"column":24},"end":{"line":171,"column":50}}]},"39":{"type":"branch","line":171,"loc":{"start":{"line":171,"column":44},"end":{"line":171,"column":60}},"locations":[{"start":{"line":171,"column":44},"end":{"line":171,"column":60}}]},"40":{"type":"branch","line":171,"loc":{"start":{"line":171,"column":71},"end":{"line":188,"column":5}},"locations":[{"start":{"line":171,"column":71},"end":{"line":188,"column":5}}]},"41":{"type":"branch","line":176,"loc":{"start":{"line":176,"column":38},"end":{"line":182,"column":7}},"locations":[{"start":{"line":176,"column":38},"end":{"line":182,"column":7}}]},"42":{"type":"branch","line":182,"loc":{"start":{"line":182,"column":6},"end":{"line":187,"column":7}},"locations":[{"start":{"line":182,"column":6},"end":{"line":187,"column":7}}]},"43":{"type":"branch","line":188,"loc":{"start":{"line":188,"column":4},"end":{"line":197,"column":5}},"locations":[{"start":{"line":188,"column":4},"end":{"line":197,"column":5}}]},"44":{"type":"branch","line":198,"loc":{"start":{"line":198,"column":2},"end":{"line":237,"column":1}},"locations":[{"start":{"line":198,"column":2},"end":{"line":237,"column":1}}]},"45":{"type":"branch","line":198,"loc":{"start":{"line":198,"column":2},"end":{"line":234,"column":3}},"locations":[{"start":{"line":198,"column":2},"end":{"line":234,"column":3}}]},"46":{"type":"branch","line":206,"loc":{"start":{"line":206,"column":8},"end":{"line":206,"column":57}},"locations":[{"start":{"line":206,"column":8},"end":{"line":206,"column":57}}]},"47":{"type":"branch","line":206,"loc":{"start":{"line":206,"column":57},"end":{"line":233,"column":5}},"locations":[{"start":{"line":206,"column":57},"end":{"line":233,"column":5}}]},"48":{"type":"branch","line":212,"loc":{"start":{"line":212,"column":65},"end":{"line":218,"column":5}},"locations":[{"start":{"line":212,"column":65},"end":{"line":218,"column":5}}]},"49":{"type":"branch","line":227,"loc":{"start":{"line":227,"column":4},"end":{"line":233,"column":5}},"locations":[{"start":{"line":227,"column":4},"end":{"line":233,"column":5}}]},"50":{"type":"branch","line":234,"loc":{"start":{"line":234,"column":2},"end":{"line":237,"column":1}},"locations":[{"start":{"line":234,"column":2},"end":{"line":237,"column":1}}]},"51":{"type":"branch","line":242,"loc":{"start":{"line":242,"column":7},"end":{"line":256,"column":1}},"locations":[{"start":{"line":242,"column":7},"end":{"line":256,"column":1}}]},"52":{"type":"branch","line":261,"loc":{"start":{"line":261,"column":7},"end":{"line":317,"column":1}},"locations":[{"start":{"line":261,"column":7},"end":{"line":317,"column":1}}]},"53":{"type":"branch","line":267,"loc":{"start":{"line":267,"column":39},"end":{"line":268,"column":66}},"locations":[{"start":{"line":267,"column":39},"end":{"line":268,"column":66}}]},"54":{"type":"branch","line":268,"loc":{"start":{"line":268,"column":41},"end":{"line":268,"column":66}},"locations":[{"start":{"line":268,"column":41},"end":{"line":268,"column":66}}]},"55":{"type":"branch","line":268,"loc":{"start":{"line":268,"column":65},"end":{"line":269,"column":16}},"locations":[{"start":{"line":268,"column":65},"end":{"line":269,"column":16}}]},"56":{"type":"branch","line":283,"loc":{"start":{"line":283,"column":40},"end":{"line":311,"column":3}},"locations":[{"start":{"line":283,"column":40},"end":{"line":311,"column":3}}]},"57":{"type":"branch","line":284,"loc":{"start":{"line":284,"column":42},"end":{"line":310,"column":5}},"locations":[{"start":{"line":284,"column":42},"end":{"line":310,"column":5}}]},"58":{"type":"branch","line":285,"loc":{"start":{"line":285,"column":34},"end":{"line":285,"column":76}},"locations":[{"start":{"line":285,"column":34},"end":{"line":285,"column":76}}]},"59":{"type":"branch","line":285,"loc":{"start":{"line":285,"column":34},"end":{"line":293,"column":34}},"locations":[{"start":{"line":285,"column":34},"end":{"line":293,"column":34}}]},"60":{"type":"branch","line":293,"loc":{"start":{"line":293,"column":34},"end":{"line":309,"column":7}},"locations":[{"start":{"line":293,"column":34},"end":{"line":309,"column":7}}]},"61":{"type":"branch","line":299,"loc":{"start":{"line":299,"column":26},"end":{"line":299,"column":42}},"locations":[{"start":{"line":299,"column":26},"end":{"line":299,"column":42}}]},"62":{"type":"branch","line":299,"loc":{"start":{"line":299,"column":33},"end":{"line":299,"column":49}},"locations":[{"start":{"line":299,"column":33},"end":{"line":299,"column":49}}]},"63":{"type":"branch","line":300,"loc":{"start":{"line":300,"column":48},"end":{"line":300,"column":64}},"locations":[{"start":{"line":300,"column":48},"end":{"line":300,"column":64}}]},"64":{"type":"branch","line":300,"loc":{"start":{"line":300,"column":55},"end":{"line":300,"column":70}},"locations":[{"start":{"line":300,"column":55},"end":{"line":300,"column":70}}]},"65":{"type":"branch","line":303,"loc":{"start":{"line":303,"column":27},"end":{"line":303,"column":43}},"locations":[{"start":{"line":303,"column":27},"end":{"line":303,"column":43}}]},"66":{"type":"branch","line":303,"loc":{"start":{"line":303,"column":34},"end":{"line":303,"column":50}},"locations":[{"start":{"line":303,"column":34},"end":{"line":303,"column":50}}]},"67":{"type":"branch","line":304,"loc":{"start":{"line":304,"column":49},"end":{"line":304,"column":65}},"locations":[{"start":{"line":304,"column":49},"end":{"line":304,"column":65}}]},"68":{"type":"branch","line":304,"loc":{"start":{"line":304,"column":56},"end":{"line":304,"column":71}},"locations":[{"start":{"line":304,"column":56},"end":{"line":304,"column":71}}]},"69":{"type":"branch","line":315,"loc":{"start":{"line":315,"column":10},"end":{"line":315,"column":43}},"locations":[{"start":{"line":315,"column":10},"end":{"line":315,"column":43}}]}},"b":{"0":[1415],"1":[97],"2":[1318],"3":[260],"4":[1155],"5":[260],"6":[1155],"7":[482],"8":[297],"9":[17],"10":[0],"11":[280],"12":[11],"13":[0],"14":[286],"15":[81],"16":[216],"17":[69],"18":[147],"19":[80],"20":[67],"21":[0],"22":[12],"23":[0],"24":[0],"25":[0],"26":[0],"27":[4],"28":[8],"29":[1],"30":[7],"31":[6],"32":[4],"33":[2],"34":[4],"35":[2],"36":[4],"37":[2],"38":[87],"39":[79],"40":[165],"41":[5],"42":[160],"43":[1],"44":[11],"45":[2],"46":[1],"47":[1],"48":[0],"49":[0],"50":[0],"51":[2],"52":[5],"53":[4],"54":[0],"55":[1],"56":[50],"57":[500],"58":[220],"59":[280],"60":[216],"61":[108],"62":[108],"63":[108],"64":[108],"65":[108],"66":[108],"67":[108],"68":[108],"69":[862]},"fnMap":{"0":{"name":"calculateRelativeLuminance","decl":{"start":{"line":42,"column":7},"end":{"line":55,"column":1}},"loc":{"start":{"line":42,"column":7},"end":{"line":55,"column":1}},"line":42},"1":{"name":"calculateContrastRatio","decl":{"start":{"line":63,"column":7},"end":{"line":71,"column":1}},"loc":{"start":{"line":63,"column":7},"end":{"line":71,"column":1}},"line":63},"2":{"name":"checkContrast","decl":{"start":{"line":76,"column":7},"end":{"line":120,"column":1}},"loc":{"start":{"line":76,"column":7},"end":{"line":120,"column":1}},"line":76},"3":{"name":"findAccessibleColor","decl":{"start":{"line":126,"column":7},"end":{"line":237,"column":1}},"loc":{"start":{"line":126,"column":7},"end":{"line":237,"column":1}},"line":126},"4":{"name":"getContrastReport","decl":{"start":{"line":242,"column":7},"end":{"line":256,"column":1}},"loc":{"start":{"line":242,"column":7},"end":{"line":256,"column":1}},"line":242},"5":{"name":"suggestAccessiblePairs","decl":{"start":{"line":261,"column":7},"end":{"line":317,"column":1}},"loc":{"start":{"line":261,"column":7},"end":{"line":317,"column":1}},"line":261}},"f":{"0":1415,"1":482,"2":297,"3":12,"4":2,"5":5}}
,"/Users/tarek/development/creating-mcp/color-tools/src/colorBlindness.ts": {"path":"/Users/tarek/development/creating-mcp/color-tools/src/colorBlindness.ts","all":false,"statementMap":{"0":{"start":{"line":1,"column":0},"end":{"line":1,"column":33}},"35":{"start":{"line":36,"column":0},"end":{"line":36,"column":83}},"36":{"start":{"line":37,"column":0},"end":{"line":37,"column":15}},"37":{"start":{"line":38,"column":0},"end":{"line":38,"column":23}},"38":{"start":{"line":39,"column":0},"end":{"line":39,"column":23}},"39":{"start":{"line":40,"column":0},"end":{"line":40,"column":68}},"40":{"start":{"line":41,"column":0},"end":{"line":41,"column":50}},"41":{"start":{"line":42,"column":0},"end":{"line":42,"column":22}},"42":{"start":{"line":43,"column":0},"end":{"line":43,"column":4}},"43":{"start":{"line":44,"column":0},"end":{"line":44,"column":16}},"44":{"start":{"line":45,"column":0},"end":{"line":45,"column":24}},"45":{"start":{"line":46,"column":0},"end":{"line":46,"column":24}},"46":{"start":{"line":47,"column":0},"end":{"line":47,"column":70}},"47":{"start":{"line":48,"column":0},"end":{"line":48,"column":50}},"48":{"start":{"line":49,"column":0},"end":{"line":49,"column":24}},"49":{"start":{"line":50,"column":0},"end":{"line":50,"column":4}},"50":{"start":{"line":51,"column":0},"end":{"line":51,"column":17}},"51":{"start":{"line":52,"column":0},"end":{"line":52,"column":25}},"52":{"start":{"line":53,"column":0},"end":{"line":53,"column":25}},"53":{"start":{"line":54,"column":0},"end":{"line":54,"column":70}},"54":{"start":{"line":55,"column":0},"end":{"line":55,"column":50}},"55":{"start":{"line":56,"column":0},"end":{"line":56,"column":22}},"56":{"start":{"line":57,"column":0},"end":{"line":57,"column":4}},"57":{"start":{"line":58,"column":0},"end":{"line":58,"column":18}},"58":{"start":{"line":59,"column":0},"end":{"line":59,"column":26}},"59":{"start":{"line":60,"column":0},"end":{"line":60,"column":26}},"60":{"start":{"line":61,"column":0},"end":{"line":61,"column":72}},"61":{"start":{"line":62,"column":0},"end":{"line":62,"column":47}},"62":{"start":{"line":63,"column":0},"end":{"line":63,"column":24}},"63":{"start":{"line":64,"column":0},"end":{"line":64,"column":4}},"64":{"start":{"line":65,"column":0},"end":{"line":65,"column":15}},"65":{"start":{"line":66,"column":0},"end":{"line":66,"column":23}},"66":{"start":{"line":67,"column":0},"end":{"line":67,"column":23}},"67":{"start":{"line":68,"column":0},"end":{"line":68,"column":69}},"68":{"start":{"line":69,"column":0},"end":{"line":69,"column":37}},"69":{"start":{"line":70,"column":0},"end":{"line":70,"column":22}},"70":{"start":{"line":71,"column":0},"end":{"line":71,"column":4}},"71":{"start":{"line":72,"column":0},"end":{"line":72,"column":16}},"72":{"start":{"line":73,"column":0},"end":{"line":73,"column":24}},"73":{"start":{"line":74,"column":0},"end":{"line":74,"column":24}},"74":{"start":{"line":75,"column":0},"end":{"line":75,"column":71}},"75":{"start":{"line":76,"column":0},"end":{"line":76,"column":31}},"76":{"start":{"line":77,"column":0},"end":{"line":77,"column":20}},"77":{"start":{"line":78,"column":0},"end":{"line":78,"column":4}},"78":{"start":{"line":79,"column":0},"end":{"line":79,"column":18}},"79":{"start":{"line":80,"column":0},"end":{"line":80,"column":26}},"80":{"start":{"line":81,"column":0},"end":{"line":81,"column":26}},"81":{"start":{"line":82,"column":0},"end":{"line":82,"column":70}},"82":{"start":{"line":83,"column":0},"end":{"line":83,"column":42}},"83":{"start":{"line":84,"column":0},"end":{"line":84,"column":22}},"84":{"start":{"line":85,"column":0},"end":{"line":85,"column":4}},"85":{"start":{"line":86,"column":0},"end":{"line":86,"column":18}},"86":{"start":{"line":87,"column":0},"end":{"line":87,"column":26}},"87":{"start":{"line":88,"column":0},"end":{"line":88,"column":26}},"88":{"start":{"line":89,"column":0},"end":{"line":89,"column":86}},"89":{"start":{"line":90,"column":0},"end":{"line":90,"column":28}},"90":{"start":{"line":91,"column":0},"end":{"line":91,"column":24}},"91":{"start":{"line":92,"column":0},"end":{"line":92,"column":3}},"92":{"start":{"line":93,"column":0},"end":{"line":93,"column":2}},"98":{"start":{"line":99,"column":0},"end":{"line":99,"column":72}},"100":{"start":{"line":101,"column":0},"end":{"line":101,"column":15}},"101":{"start":{"line":102,"column":0},"end":{"line":102,"column":26}},"102":{"start":{"line":103,"column":0},"end":{"line":103,"column":26}},"103":{"start":{"line":104,"column":0},"end":{"line":104,"column":25}},"104":{"start":{"line":105,"column":0},"end":{"line":105,"column":4}},"107":{"start":{"line":108,"column":0},"end":{"line":108,"column":16}},"108":{"start":{"line":109,"column":0},"end":{"line":109,"column":26}},"109":{"start":{"line":110,"column":0},"end":{"line":110,"column":26}},"110":{"start":{"line":111,"column":0},"end":{"line":111,"column":25}},"111":{"start":{"line":112,"column":0},"end":{"line":112,"column":4}},"114":{"start":{"line":115,"column":0},"end":{"line":115,"column":17}},"115":{"start":{"line":116,"column":0},"end":{"line":116,"column":26}},"116":{"start":{"line":117,"column":0},"end":{"line":117,"column":26}},"117":{"start":{"line":118,"column":0},"end":{"line":118,"column":25}},"118":{"start":{"line":119,"column":0},"end":{"line":119,"column":4}},"121":{"start":{"line":122,"column":0},"end":{"line":122,"column":18}},"122":{"start":{"line":123,"column":0},"end":{"line":123,"column":26}},"123":{"start":{"line":124,"column":0},"end":{"line":124,"column":26}},"124":{"start":{"line":125,"column":0},"end":{"line":125,"column":25}},"125":{"start":{"line":126,"column":0},"end":{"line":126,"column":4}},"128":{"start":{"line":129,"column":0},"end":{"line":129,"column":15}},"129":{"start":{"line":130,"column":0},"end":{"line":130,"column":26}},"130":{"start":{"line":131,"column":0},"end":{"line":131,"column":26}},"131":{"start":{"line":132,"column":0},"end":{"line":132,"column":25}},"132":{"start":{"line":133,"column":0},"end":{"line":133,"column":4}},"135":{"start":{"line":136,"column":0},"end":{"line":136,"column":16}},"136":{"start":{"line":137,"column":0},"end":{"line":137,"column":26}},"137":{"start":{"line":138,"column":0},"end":{"line":138,"column":26}},"138":{"start":{"line":139,"column":0},"end":{"line":139,"column":25}},"139":{"start":{"line":140,"column":0},"end":{"line":140,"column":4}},"142":{"start":{"line":143,"column":0},"end":{"line":143,"column":18}},"143":{"start":{"line":144,"column":0},"end":{"line":144,"column":26}},"144":{"start":{"line":145,"column":0},"end":{"line":145,"column":26}},"145":{"start":{"line":146,"column":0},"end":{"line":146,"column":25}},"146":{"start":{"line":147,"column":0},"end":{"line":147,"column":4}},"149":{"start":{"line":150,"column":0},"end":{"line":150,"column":18}},"150":{"start":{"line":151,"column":0},"end":{"line":151,"column":26}},"151":{"start":{"line":152,"column":0},"end":{"line":152,"column":26}},"152":{"start":{"line":153,"column":0},"end":{"line":153,"column":25}},"153":{"start":{"line":154,"column":0},"end":{"line":154,"column":3}},"154":{"start":{"line":155,"column":0},"end":{"line":155,"column":2}},"159":{"start":{"line":160,"column":0},"end":{"line":160,"column":53}},"160":{"start":{"line":161,"column":0},"end":{"line":161,"column":33}},"161":{"start":{"line":162,"column":0},"end":{"line":162,"column":30}},"162":{"start":{"line":163,"column":0},"end":{"line":163,"column":30}},"163":{"start":{"line":164,"column":0},"end":{"line":164,"column":3}},"164":{"start":{"line":165,"column":0},"end":{"line":165,"column":53}},"165":{"start":{"line":166,"column":0},"end":{"line":166,"column":1}},"170":{"start":{"line":171,"column":0},"end":{"line":171,"column":55}},"171":{"start":{"line":172,"column":0},"end":{"line":172,"column":27}},"172":{"start":{"line":173,"column":0},"end":{"line":173,"column":43}},"173":{"start":{"line":174,"column":0},"end":{"line":174,"column":3}},"174":{"start":{"line":175,"column":0},"end":{"line":175,"column":70}},"175":{"start":{"line":176,"column":0},"end":{"line":176,"column":1}},"180":{"start":{"line":181,"column":0},"end":{"line":181,"column":39}},"181":{"start":{"line":182,"column":0},"end":{"line":182,"column":22}},"182":{"start":{"line":183,"column":0},"end":{"line":183,"column":26}},"183":{"start":{"line":184,"column":0},"end":{"line":184,"column":8}},"185":{"start":{"line":186,"column":0},"end":{"line":186,"column":39}},"186":{"start":{"line":187,"column":0},"end":{"line":187,"column":62}},"187":{"start":{"line":188,"column":0},"end":{"line":188,"column":12}},"190":{"start":{"line":191,"column":0},"end":{"line":191,"column":46}},"193":{"start":{"line":194,"column":0},"end":{"line":194,"column":45}},"194":{"start":{"line":195,"column":0},"end":{"line":195,"column":45}},"195":{"start":{"line":196,"column":0},"end":{"line":196,"column":45}},"198":{"start":{"line":199,"column":0},"end":{"line":199,"column":96}},"199":{"start":{"line":200,"column":0},"end":{"line":200,"column":96}},"200":{"start":{"line":201,"column":0},"end":{"line":201,"column":96}},"203":{"start":{"line":204,"column":0},"end":{"line":204,"column":10}},"204":{"start":{"line":205,"column":0},"end":{"line":205,"column":71}},"205":{"start":{"line":206,"column":0},"end":{"line":206,"column":71}},"206":{"start":{"line":207,"column":0},"end":{"line":207,"column":70}},"207":{"start":{"line":208,"column":0},"end":{"line":208,"column":4}},"208":{"start":{"line":209,"column":0},"end":{"line":209,"column":1}},"213":{"start":{"line":214,"column":0},"end":{"line":214,"column":92}},"217":{"start":{"line":218,"column":0},"end":{"line":218,"column":4}},"218":{"start":{"line":219,"column":0},"end":{"line":219,"column":44}},"222":{"start":{"line":223,"column":0},"end":{"line":223,"column":17}},"224":{"start":{"line":225,"column":0},"end":{"line":225,"column":79}},"225":{"start":{"line":226,"column":0},"end":{"line":226,"column":58}},"226":{"start":{"line":227,"column":0},"end":{"line":227,"column":20}},"227":{"start":{"line":228,"column":0},"end":{"line":228,"column":16}},"228":{"start":{"line":229,"column":0},"end":{"line":229,"column":46}},"229":{"start":{"line":230,"column":0},"end":{"line":230,"column":36}},"230":{"start":{"line":231,"column":0},"end":{"line":231,"column":6}},"231":{"start":{"line":232,"column":0},"end":{"line":232,"column":3}},"233":{"start":{"line":234,"column":0},"end":{"line":234,"column":16}},"234":{"start":{"line":235,"column":0},"end":{"line":235,"column":1}},"239":{"start":{"line":240,"column":0},"end":{"line":240,"column":41}},"240":{"start":{"line":241,"column":0},"end":{"line":241,"column":23}},"241":{"start":{"line":242,"column":0},"end":{"line":242,"column":23}},"242":{"start":{"line":243,"column":0},"end":{"line":243,"column":27}},"243":{"start":{"line":244,"column":0},"end":{"line":244,"column":59}},"244":{"start":{"line":245,"column":0},"end":{"line":245,"column":12}},"245":{"start":{"line":246,"column":0},"end":{"line":246,"column":58}},"246":{"start":{"line":247,"column":0},"end":{"line":247,"column":58}},"249":{"start":{"line":250,"column":0},"end":{"line":250,"column":29}},"250":{"start":{"line":251,"column":0},"end":{"line":251,"column":46}},"251":{"start":{"line":252,"column":0},"end":{"line":252,"column":46}},"252":{"start":{"line":253,"column":0},"end":{"line":253,"column":44}},"253":{"start":{"line":254,"column":0},"end":{"line":254,"column":4}},"255":{"start":{"line":256,"column":0},"end":{"line":256,"column":31}},"256":{"start":{"line":257,"column":0},"end":{"line":257,"column":1}},"261":{"start":{"line":262,"column":0},"end":{"line":262,"column":46}},"262":{"start":{"line":263,"column":0},"end":{"line":263,"column":30}},"263":{"start":{"line":264,"column":0},"end":{"line":264,"column":39}},"264":{"start":{"line":265,"column":0},"end":{"line":265,"column":76}},"265":{"start":{"line":266,"column":0},"end":{"line":266,"column":15}},"266":{"start":{"line":267,"column":0},"end":{"line":267,"column":52}},"267":{"start":{"line":268,"column":0},"end":{"line":268,"column":70}},"268":{"start":{"line":269,"column":0},"end":{"line":269,"column":20}},"271":{"start":{"line":272,"column":0},"end":{"line":272,"column":56}},"274":{"start":{"line":275,"column":0},"end":{"line":275,"column":78}},"275":{"start":{"line":276,"column":0},"end":{"line":276,"column":48}},"277":{"start":{"line":278,"column":0},"end":{"line":278,"column":37}},"278":{"start":{"line":279,"column":0},"end":{"line":279,"column":51}},"279":{"start":{"line":280,"column":0},"end":{"line":280,"column":23}},"280":{"start":{"line":281,"column":0},"end":{"line":281,"column":50}},"281":{"start":{"line":282,"column":0},"end":{"line":282,"column":25}},"282":{"start":{"line":283,"column":0},"end":{"line":283,"column":69}},"283":{"start":{"line":284,"column":0},"end":{"line":284,"column":8}},"285":{"start":{"line":286,"column":0},"end":{"line":286,"column":55}},"286":{"start":{"line":287,"column":0},"end":{"line":287,"column":35}},"290":{"start":{"line":291,"column":0},"end":{"line":291,"column":47}},"291":{"start":{"line":292,"column":0},"end":{"line":292,"column":35}},"292":{"start":{"line":293,"column":0},"end":{"line":293,"column":67}},"293":{"start":{"line":294,"column":0},"end":{"line":294,"column":38}},"294":{"start":{"line":295,"column":0},"end":{"line":295,"column":18}},"295":{"start":{"line":296,"column":0},"end":{"line":296,"column":11}},"296":{"start":{"line":297,"column":0},"end":{"line":297,"column":9}},"297":{"start":{"line":298,"column":0},"end":{"line":298,"column":38}},"298":{"start":{"line":299,"column":0},"end":{"line":299,"column":7}},"300":{"start":{"line":301,"column":0},"end":{"line":301,"column":30}},"301":{"start":{"line":302,"column":0},"end":{"line":302,"column":23}},"302":{"start":{"line":303,"column":0},"end":{"line":303,"column":7}},"303":{"start":{"line":304,"column":0},"end":{"line":304,"column":5}},"304":{"start":{"line":305,"column":0},"end":{"line":305,"column":3}},"306":{"start":{"line":307,"column":0},"end":{"line":307,"column":14}},"307":{"start":{"line":308,"column":0},"end":{"line":308,"column":1}},"312":{"start":{"line":313,"column":0},"end":{"line":313,"column":46}},"313":{"start":{"line":314,"column":0},"end":{"line":314,"column":34}},"314":{"start":{"line":315,"column":0},"end":{"line":315,"column":19}},"315":{"start":{"line":316,"column":0},"end":{"line":316,"column":10}},"316":{"start":{"line":317,"column":0},"end":{"line":317,"column":28}},"317":{"start":{"line":318,"column":0},"end":{"line":318,"column":83}},"320":{"start":{"line":321,"column":0},"end":{"line":321,"column":54}},"321":{"start":{"line":322,"column":0},"end":{"line":322,"column":70}},"322":{"start":{"line":323,"column":0},"end":{"line":323,"column":20}},"323":{"start":{"line":324,"column":0},"end":{"line":324,"column":27}},"326":{"start":{"line":327,"column":0},"end":{"line":327,"column":34}},"327":{"start":{"line":328,"column":0},"end":{"line":328,"column":41}},"328":{"start":{"line":329,"column":0},"end":{"line":329,"column":28}},"331":{"start":{"line":332,"column":0},"end":{"line":332,"column":35}},"333":{"start":{"line":334,"column":0},"end":{"line":334,"column":38}},"334":{"start":{"line":335,"column":0},"end":{"line":335,"column":60}},"335":{"start":{"line":336,"column":0},"end":{"line":336,"column":58}},"337":{"start":{"line":338,"column":0},"end":{"line":338,"column":67}},"338":{"start":{"line":339,"column":0},"end":{"line":339,"column":65}},"341":{"start":{"line":342,"column":0},"end":{"line":342,"column":33}},"342":{"start":{"line":343,"column":0},"end":{"line":343,"column":35}},"344":{"start":{"line":345,"column":0},"end":{"line":345,"column":44}},"345":{"start":{"line":346,"column":0},"end":{"line":346,"column":35}},"346":{"start":{"line":347,"column":0},"end":{"line":347,"column":81}},"347":{"start":{"line":348,"column":0},"end":{"line":348,"column":38}},"348":{"start":{"line":349,"column":0},"end":{"line":349,"column":18}},"349":{"start":{"line":350,"column":0},"end":{"line":350,"column":11}},"351":{"start":{"line":352,"column":0},"end":{"line":352,"column":66}},"352":{"start":{"line":353,"column":0},"end":{"line":353,"column":67}},"353":{"start":{"line":354,"column":0},"end":{"line":354,"column":37}},"354":{"start":{"line":355,"column":0},"end":{"line":355,"column":42}},"355":{"start":{"line":356,"column":0},"end":{"line":356,"column":42}},"356":{"start":{"line":357,"column":0},"end":{"line":357,"column":40}},"357":{"start":{"line":358,"column":0},"end":{"line":358,"column":12}},"359":{"start":{"line":360,"column":0},"end":{"line":360,"column":56}},"360":{"start":{"line":361,"column":0},"end":{"line":361,"column":9}},"362":{"start":{"line":363,"column":0},"end":{"line":363,"column":38}},"363":{"start":{"line":364,"column":0},"end":{"line":364,"column":7}},"365":{"start":{"line":366,"column":0},"end":{"line":366,"column":63}},"366":{"start":{"line":367,"column":0},"end":{"line":367,"column":38}},"367":{"start":{"line":368,"column":0},"end":{"line":368,"column":37}},"368":{"start":{"line":369,"column":0},"end":{"line":369,"column":7}},"369":{"start":{"line":370,"column":0},"end":{"line":370,"column":5}},"371":{"start":{"line":372,"column":0},"end":{"line":372,"column":24}},"372":{"start":{"line":373,"column":0},"end":{"line":373,"column":34}},"373":{"start":{"line":374,"column":0},"end":{"line":374,"column":12}},"375":{"start":{"line":376,"column":0},"end":{"line":376,"column":12}},"376":{"start":{"line":377,"column":0},"end":{"line":377,"column":5}},"377":{"start":{"line":378,"column":0},"end":{"line":378,"column":3}},"379":{"start":{"line":380,"column":0},"end":{"line":380,"column":17}},"380":{"start":{"line":381,"column":0},"end":{"line":381,"column":1}}},"s":{"0":1,"35":1,"36":1,"37":1,"38":1,"39":1,"40":1,"41":1,"42":1,"43":1,"44":1,"45":1,"46":1,"47":1,"48":1,"49":1,"50":1,"51":1,"52":1,"53":1,"54":1,"55":1,"56":1,"57":1,"58":1,"59":1,"60":1,"61":1,"62":1,"63":1,"64":1,"65":1,"66":1,"67":1,"68":1,"69":1,"70":1,"71":1,"72":1,"73":1,"74":1,"75":1,"76":1,"77":1,"78":1,"79":1,"80":1,"81":1,"82":1,"83":1,"84":1,"85":1,"86":1,"87":1,"88":1,"89":1,"90":1,"91":1,"92":1,"98":1,"100":1,"101":1,"102":1,"103":1,"104":1,"107":1,"108":1,"109":1,"110":1,"111":1,"114":1,"115":1,"116":1,"117":1,"118":1,"121":1,"122":1,"123":1,"124":1,"125":1,"128":1,"129":1,"130":1,"131":1,"132":1,"135":1,"136":1,"137":1,"138":1,"139":1,"142":1,"143":1,"144":1,"145":1,"146":1,"149":1,"150":1,"151":1,"152":1,"153":1,"154":1,"159":1063947,"160":1063947,"161":1063947,"162":102896,"163":102896,"164":961051,"165":961051,"170":1063947,"171":1063947,"172":69373,"173":69373,"174":994574,"175":994574,"180":1,"181":354649,"182":354649,"183":354649,"185":354649,"186":38,"187":354611,"190":354649,"193":354649,"194":354649,"195":354649,"198":354649,"199":354649,"200":354649,"203":354649,"204":354649,"205":354649,"206":354649,"207":354649,"208":354649,"213":1,"217":4,"218":4,"222":4,"224":4,"225":32,"226":32,"227":32,"228":32,"229":32,"230":32,"231":32,"233":4,"234":4,"239":1,"240":91995,"241":91995,"242":91995,"243":91995,"244":91995,"245":91995,"246":91995,"249":91995,"250":91995,"251":91995,"252":91995,"253":91995,"255":91995,"256":91995,"261":1,"262":9,"263":9,"264":9,"265":9,"266":9,"267":2,"268":7,"271":9,"274":9,"275":9,"277":9,"278":20,"279":68,"280":68,"281":68,"282":68,"283":68,"285":68,"286":68,"290":68,"291":1570,"292":4582,"293":60,"294":60,"295":60,"296":4582,"297":1570,"298":1570,"300":68,"301":8,"302":8,"303":68,"304":12,"306":1,"307":1,"312":1,"313":6,"314":6,"315":6,"316":6,"317":6,"320":6,"321":3,"322":3,"323":6,"326":6,"327":42,"328":42,"331":42,"333":4200,"334":4200,"335":4200,"337":4200,"338":4200,"341":4200,"342":4200,"344":4200,"345":29986,"346":87397,"347":2094,"348":2094,"349":2094,"351":85303,"352":85303,"353":85303,"354":85303,"355":85303,"356":85303,"357":85303,"359":85303,"360":85303,"362":29986,"363":29986,"365":4200,"366":160,"367":160,"368":160,"369":4200,"371":42,"372":41,"373":42,"375":1,"376":1,"377":42,"379":6,"380":6},"branchMap":{"0":{"type":"branch","line":160,"loc":{"start":{"line":160,"column":0},"end":{"line":166,"column":1}},"locations":[{"start":{"line":160,"column":0},"end":{"line":166,"column":1}}]},"1":{"type":"branch","line":162,"loc":{"start":{"line":162,"column":29},"end":{"line":164,"column":3}},"locations":[{"start":{"line":162,"column":29},"end":{"line":164,"column":3}}]},"2":{"type":"branch","line":164,"loc":{"start":{"line":164,"column":2},"end":{"line":166,"column":1}},"locations":[{"start":{"line":164,"column":2},"end":{"line":166,"column":1}}]},"3":{"type":"branch","line":171,"loc":{"start":{"line":171,"column":0},"end":{"line":176,"column":1}},"locations":[{"start":{"line":171,"column":0},"end":{"line":176,"column":1}}]},"4":{"type":"branch","line":172,"loc":{"start":{"line":172,"column":26},"end":{"line":174,"column":3}},"locations":[{"start":{"line":172,"column":26},"end":{"line":174,"column":3}}]},"5":{"type":"branch","line":174,"loc":{"start":{"line":174,"column":2},"end":{"line":176,"column":1}},"locations":[{"start":{"line":174,"column":2},"end":{"line":176,"column":1}}]},"6":{"type":"branch","line":181,"loc":{"start":{"line":181,"column":7},"end":{"line":209,"column":1}},"locations":[{"start":{"line":181,"column":7},"end":{"line":209,"column":1}}]},"7":{"type":"branch","line":186,"loc":{"start":{"line":186,"column":31},"end":{"line":187,"column":62}},"locations":[{"start":{"line":186,"column":31},"end":{"line":187,"column":62}}]},"8":{"type":"branch","line":187,"loc":{"start":{"line":187,"column":37},"end":{"line":187,"column":62}},"locations":[{"start":{"line":187,"column":37},"end":{"line":187,"column":62}}]},"9":{"type":"branch","line":187,"loc":{"start":{"line":187,"column":61},"end":{"line":188,"column":12}},"locations":[{"start":{"line":187,"column":61},"end":{"line":188,"column":12}}]},"10":{"type":"branch","line":214,"loc":{"start":{"line":214,"column":7},"end":{"line":235,"column":1}},"locations":[{"start":{"line":214,"column":7},"end":{"line":235,"column":1}}]},"11":{"type":"branch","line":225,"loc":{"start":{"line":225,"column":78},"end":{"line":232,"column":3}},"locations":[{"start":{"line":225,"column":78},"end":{"line":232,"column":3}}]},"12":{"type":"branch","line":240,"loc":{"start":{"line":240,"column":7},"end":{"line":257,"column":1}},"locations":[{"start":{"line":240,"column":7},"end":{"line":257,"column":1}}]},"13":{"type":"branch","line":262,"loc":{"start":{"line":262,"column":7},"end":{"line":308,"column":1}},"locations":[{"start":{"line":262,"column":7},"end":{"line":308,"column":1}}]},"14":{"type":"branch","line":267,"loc":{"start":{"line":267,"column":44},"end":{"line":268,"column":70}},"locations":[{"start":{"line":267,"column":44},"end":{"line":268,"column":70}}]},"15":{"type":"branch","line":268,"loc":{"start":{"line":268,"column":45},"end":{"line":268,"column":70}},"locations":[{"start":{"line":268,"column":45},"end":{"line":268,"column":70}}]},"16":{"type":"branch","line":268,"loc":{"start":{"line":268,"column":69},"end":{"line":269,"column":20}},"locations":[{"start":{"line":268,"column":69},"end":{"line":269,"column":20}}]},"17":{"type":"branch","line":278,"loc":{"start":{"line":278,"column":36},"end":{"line":305,"column":3}},"locations":[{"start":{"line":278,"column":36},"end":{"line":305,"column":3}}]},"18":{"type":"branch","line":279,"loc":{"start":{"line":279,"column":50},"end":{"line":304,"column":5}},"locations":[{"start":{"line":279,"column":50},"end":{"line":304,"column":5}}]},"19":{"type":"branch","line":291,"loc":{"start":{"line":291,"column":46},"end":{"line":299,"column":7}},"locations":[{"start":{"line":291,"column":46},"end":{"line":299,"column":7}}]},"20":{"type":"branch","line":292,"loc":{"start":{"line":292,"column":34},"end":{"line":297,"column":9}},"locations":[{"start":{"line":292,"column":34},"end":{"line":297,"column":9}}]},"21":{"type":"branch","line":293,"loc":{"start":{"line":293,"column":66},"end":{"line":296,"column":11}},"locations":[{"start":{"line":293,"column":66},"end":{"line":296,"column":11}}]},"22":{"type":"branch","line":298,"loc":{"start":{"line":298,"column":32},"end":{"line":298,"column":38}},"locations":[{"start":{"line":298,"column":32},"end":{"line":298,"column":38}}]},"23":{"type":"branch","line":301,"loc":{"start":{"line":301,"column":29},"end":{"line":303,"column":7}},"locations":[{"start":{"line":301,"column":29},"end":{"line":303,"column":7}}]},"24":{"type":"branch","line":304,"loc":{"start":{"line":304,"column":4},"end":{"line":305,"column":3}},"locations":[{"start":{"line":304,"column":4},"end":{"line":305,"column":3}}]},"25":{"type":"branch","line":305,"loc":{"start":{"line":305,"column":2},"end":{"line":308,"column":1}},"locations":[{"start":{"line":305,"column":2},"end":{"line":308,"column":1}}]},"26":{"type":"branch","line":313,"loc":{"start":{"line":313,"column":7},"end":{"line":381,"column":1}},"locations":[{"start":{"line":313,"column":7},"end":{"line":381,"column":1}}]},"27":{"type":"branch","line":321,"loc":{"start":{"line":321,"column":46},"end":{"line":322,"column":70}},"locations":[{"start":{"line":321,"column":46},"end":{"line":322,"column":70}}]},"28":{"type":"branch","line":322,"loc":{"start":{"line":322,"column":45},"end":{"line":322,"column":70}},"locations":[{"start":{"line":322,"column":45},"end":{"line":322,"column":70}}]},"29":{"type":"branch","line":322,"loc":{"start":{"line":322,"column":69},"end":{"line":323,"column":20}},"locations":[{"start":{"line":322,"column":69},"end":{"line":323,"column":20}}]},"30":{"type":"branch","line":327,"loc":{"start":{"line":327,"column":33},"end":{"line":378,"column":3}},"locations":[{"start":{"line":327,"column":33},"end":{"line":378,"column":3}}]},"31":{"type":"branch","line":332,"loc":{"start":{"line":332,"column":34},"end":{"line":370,"column":5}},"locations":[{"start":{"line":332,"column":34},"end":{"line":370,"column":5}}]},"32":{"type":"branch","line":345,"loc":{"start":{"line":345,"column":43},"end":{"line":364,"column":7}},"locations":[{"start":{"line":345,"column":43},"end":{"line":364,"column":7}}]},"33":{"type":"branch","line":346,"loc":{"start":{"line":346,"column":34},"end":{"line":361,"column":9}},"locations":[{"start":{"line":346,"column":34},"end":{"line":361,"column":9}}]},"34":{"type":"branch","line":347,"loc":{"start":{"line":347,"column":80},"end":{"line":350,"column":11}},"locations":[{"start":{"line":347,"column":80},"end":{"line":350,"column":11}}]},"35":{"type":"branch","line":350,"loc":{"start":{"line":350,"column":10},"end":{"line":361,"column":9}},"locations":[{"start":{"line":350,"column":10},"end":{"line":361,"column":9}}]},"36":{"type":"branch","line":363,"loc":{"start":{"line":363,"column":32},"end":{"line":363,"column":38}},"locations":[{"start":{"line":363,"column":32},"end":{"line":363,"column":38}}]},"37":{"type":"branch","line":366,"loc":{"start":{"line":366,"column":10},"end":{"line":366,"column":62}},"locations":[{"start":{"line":366,"column":10},"end":{"line":366,"column":62}}]},"38":{"type":"branch","line":366,"loc":{"start":{"line":366,"column":62},"end":{"line":369,"column":7}},"locations":[{"start":{"line":366,"column":62},"end":{"line":369,"column":7}}]},"39":{"type":"branch","line":372,"loc":{"start":{"line":372,"column":23},"end":{"line":374,"column":11}},"locations":[{"start":{"line":372,"column":23},"end":{"line":374,"column":11}}]},"40":{"type":"branch","line":374,"loc":{"start":{"line":374,"column":4},"end":{"line":377,"column":5}},"locations":[{"start":{"line":374,"column":4},"end":{"line":377,"column":5}}]}},"b":{"0":[1063947],"1":[102896],"2":[961051],"3":[1063947],"4":[69373],"5":[994574],"6":[354649],"7":[38],"8":[8],"9":[354611],"10":[4],"11":[32],"12":[91995],"13":[9],"14":[2],"15":[1],"16":[7],"17":[20],"18":[68],"19":[1570],"20":[4582],"21":[60],"22":[60],"23":[8],"24":[12],"25":[1],"26":[6],"27":[3],"28":[1],"29":[3],"30":[42],"31":[4200],"32":[29986],"33":[87397],"34":[2094],"35":[85303],"36":[2094],"37":[2106],"38":[160],"39":[41],"40":[1]},"fnMap":{"0":{"name":"linearizeRgbChannel","decl":{"start":{"line":160,"column":0},"end":{"line":166,"column":1}},"loc":{"start":{"line":160,"column":0},"end":{"line":166,"column":1}},"line":160},"1":{"name":"delinearizeRgbChannel","decl":{"start":{"line":171,"column":0},"end":{"line":176,"column":1}},"loc":{"start":{"line":171,"column":0},"end":{"line":176,"column":1}},"line":171},"2":{"name":"simulateColorBlindness","decl":{"start":{"line":181,"column":7},"end":{"line":209,"column":1}},"loc":{"start":{"line":181,"column":7},"end":{"line":209,"column":1}},"line":181},"3":{"name":"simulateAllColorBlindness","decl":{"start":{"line":214,"column":7},"end":{"line":235,"column":1}},"loc":{"start":{"line":214,"column":7},"end":{"line":235,"column":1}},"line":214},"4":{"name":"areColorsDistinguishable","decl":{"start":{"line":240,"column":7},"end":{"line":257,"column":1}},"loc":{"start":{"line":240,"column":7},"end":{"line":257,"column":1}},"line":240},"5":{"name":"findColorBlindSafeAlternative","decl":{"start":{"line":262,"column":7},"end":{"line":308,"column":1}},"loc":{"start":{"line":262,"column":7},"end":{"line":308,"column":1}},"line":262},"6":{"name":"generateColorBlindSafePalette","decl":{"start":{"line":313,"column":7},"end":{"line":381,"column":1}},"loc":{"start":{"line":313,"column":7},"end":{"line":381,"column":1}},"line":313}},"f":{"0":1063947,"1":1063947,"2":354649,"3":4,"4":91995,"5":9,"6":6}}
,"/Users/tarek/development/creating-mcp/color-tools/src/colorConverter.ts": {"path":"/Users/tarek/development/creating-mcp/color-tools/src/colorConverter.ts","all":false,"statementMap":{"0":{"start":{"line":1,"column":0},"end":{"line":1,"column":124}},"4":{"start":{"line":5,"column":0},"end":{"line":5,"column":32}},"5":{"start":{"line":6,"column":0},"end":{"line":6,"column":27}},"6":{"start":{"line":7,"column":0},"end":{"line":7,"column":27}},"7":{"start":{"line":8,"column":0},"end":{"line":8,"column":27}},"8":{"start":{"line":9,"column":0},"end":{"line":9,"column":34}},"9":{"start":{"line":10,"column":0},"end":{"line":10,"column":42}},"10":{"start":{"line":11,"column":0},"end":{"line":11,"column":39}},"13":{"start":{"line":14,"column":0},"end":{"line":14,"column":28}},"14":{"start":{"line":15,"column":0},"end":{"line":15,"column":50}},"15":{"start":{"line":16,"column":0},"end":{"line":16,"column":50}},"16":{"start":{"line":17,"column":0},"end":{"line":17,"column":49}},"17":{"start":{"line":18,"column":0},"end":{"line":18,"column":2}},"20":{"start":{"line":21,"column":0},"end":{"line":21,"column":28}},"21":{"start":{"line":22,"column":0},"end":{"line":22,"column":51}},"22":{"start":{"line":23,"column":0},"end":{"line":23,"column":52}},"23":{"start":{"line":24,"column":0},"end":{"line":24,"column":50}},"24":{"start":{"line":25,"column":0},"end":{"line":25,"column":2}},"27":{"start":{"line":28,"column":0},"end":{"line":28,"column":56}},"28":{"start":{"line":29,"column":0},"end":{"line":29,"column":31}},"29":{"start":{"line":30,"column":0},"end":{"line":30,"column":25}},"30":{"start":{"line":31,"column":0},"end":{"line":31,"column":28}},"31":{"start":{"line":32,"column":0},"end":{"line":32,"column":46}},"34":{"start":{"line":35,"column":0},"end":{"line":35,"column":25}},"35":{"start":{"line":36,"column":0},"end":{"line":36,"column":63}},"36":{"start":{"line":37,"column":0},"end":{"line":37,"column":67}},"37":{"start":{"line":38,"column":0},"end":{"line":38,"column":51}},"38":{"start":{"line":39,"column":0},"end":{"line":39,"column":41}},"39":{"start":{"line":40,"column":0},"end":{"line":40,"column":71}},"40":{"start":{"line":41,"column":0},"end":{"line":41,"column":56}},"41":{"start":{"line":42,"column":0},"end":{"line":42,"column":62}},"42":{"start":{"line":43,"column":0},"end":{"line":43,"column":72}},"43":{"start":{"line":44,"column":0},"end":{"line":44,"column":67}},"44":{"start":{"line":45,"column":0},"end":{"line":45,"column":60}},"45":{"start":{"line":46,"column":0},"end":{"line":46,"column":2}},"48":{"start":{"line":49,"column":0},"end":{"line":49,"column":54}},"49":{"start":{"line":50,"column":0},"end":{"line":50,"column":33}},"50":{"start":{"line":51,"column":0},"end":{"line":51,"column":69}},"51":{"start":{"line":52,"column":0},"end":{"line":52,"column":34}},"52":{"start":{"line":53,"column":0},"end":{"line":53,"column":1}},"54":{"start":{"line":55,"column":0},"end":{"line":55,"column":55}},"55":{"start":{"line":56,"column":0},"end":{"line":56,"column":41}},"56":{"start":{"line":57,"column":0},"end":{"line":57,"column":75}},"57":{"start":{"line":58,"column":0},"end":{"line":58,"column":34}},"58":{"start":{"line":59,"column":0},"end":{"line":59,"column":1}},"61":{"start":{"line":62,"column":0},"end":{"line":62,"column":41}},"62":{"start":{"line":63,"column":0},"end":{"line":63,"column":88}},"63":{"start":{"line":64,"column":0},"end":{"line":64,"column":1}},"65":{"start":{"line":66,"column":0},"end":{"line":66,"column":48}},"66":{"start":{"line":67,"column":0},"end":{"line":67,"column":26}},"67":{"start":{"line":68,"column":0},"end":{"line":68,"column":81}},"68":{"start":{"line":69,"column":0},"end":{"line":69,"column":1}},"71":{"start":{"line":72,"column":0},"end":{"line":72,"column":23}},"72":{"start":{"line":73,"column":0},"end":{"line":73,"column":41}},"73":{"start":{"line":74,"column":0},"end":{"line":74,"column":49}},"75":{"start":{"line":76,"column":0},"end":{"line":76,"column":25}},"76":{"start":{"line":77,"column":0},"end":{"line":77,"column":38}},"77":{"start":{"line":78,"column":0},"end":{"line":78,"column":16}},"79":{"start":{"line":80,"column":0},"end":{"line":80,"column":29}},"80":{"start":{"line":81,"column":0},"end":{"line":81,"column":33}},"81":{"start":{"line":82,"column":0},"end":{"line":82,"column":5}},"82":{"start":{"line":83,"column":0},"end":{"line":83,"column":17}},"83":{"start":{"line":84,"column":0},"end":{"line":84,"column":3}},"85":{"start":{"line":86,"column":0},"end":{"line":86,"column":38}},"86":{"start":{"line":87,"column":0},"end":{"line":87,"column":30}},"87":{"start":{"line":88,"column":0},"end":{"line":88,"column":29}},"88":{"start":{"line":89,"column":0},"end":{"line":89,"column":49}},"90":{"start":{"line":91,"column":0},"end":{"line":91,"column":54}},"91":{"start":{"line":92,"column":0},"end":{"line":92,"column":35}},"92":{"start":{"line":93,"column":0},"end":{"line":93,"column":36}},"93":{"start":{"line":94,"column":0},"end":{"line":94,"column":7}},"94":{"start":{"line":95,"column":0},"end":{"line":95,"column":5}},"95":{"start":{"line":96,"column":0},"end":{"line":96,"column":31}},"96":{"start":{"line":97,"column":0},"end":{"line":97,"column":3}},"98":{"start":{"line":99,"column":0},"end":{"line":99,"column":17}},"99":{"start":{"line":100,"column":0},"end":{"line":100,"column":23}},"100":{"start":{"line":101,"column":0},"end":{"line":101,"column":3}},"101":{"start":{"line":102,"column":0},"end":{"line":102,"column":1}},"104":{"start":{"line":105,"column":0},"end":{"line":105,"column":46}},"106":{"start":{"line":107,"column":0},"end":{"line":107,"column":29}},"108":{"start":{"line":109,"column":0},"end":{"line":109,"column":58}},"109":{"start":{"line":110,"column":0},"end":{"line":110,"column":47}},"112":{"start":{"line":113,"column":0},"end":{"line":113,"column":49}},"113":{"start":{"line":114,"column":0},"end":{"line":114,"column":19}},"114":{"start":{"line":115,"column":0},"end":{"line":115,"column":5}},"117":{"start":{"line":118,"column":0},"end":{"line":118,"column":56}},"118":{"start":{"line":119,"column":0},"end":{"line":119,"column":58}},"119":{"start":{"line":120,"column":0},"end":{"line":120,"column":99}},"120":{"start":{"line":121,"column":0},"end":{"line":121,"column":58}},"121":{"start":{"line":122,"column":0},"end":{"line":122,"column":56}},"122":{"start":{"line":123,"column":0},"end":{"line":123,"column":56}},"123":{"start":{"line":124,"column":0},"end":{"line":124,"column":58}},"124":{"start":{"line":125,"column":0},"end":{"line":125,"column":56}},"125":{"start":{"line":126,"column":0},"end":{"line":126,"column":56}},"127":{"start":{"line":128,"column":0},"end":{"line":128,"column":16}},"128":{"start":{"line":129,"column":0},"end":{"line":129,"column":3}},"131":{"start":{"line":132,"column":0},"end":{"line":132,"column":77}},"132":{"start":{"line":133,"column":0},"end":{"line":133,"column":62}},"133":{"start":{"line":134,"column":0},"end":{"line":134,"column":37}},"135":{"start":{"line":136,"column":0},"end":{"line":136,"column":33}},"136":{"start":{"line":137,"column":0},"end":{"line":137,"column":47}},"139":{"start":{"line":140,"column":0},"end":{"line":140,"column":82}},"140":{"start":{"line":141,"column":0},"end":{"line":141,"column":73}},"141":{"start":{"line":142,"column":0},"end":{"line":142,"column":44}},"142":{"start":{"line":143,"column":0},"end":{"line":143,"column":50}},"143":{"start":{"line":144,"column":0},"end":{"line":144,"column":7}},"144":{"start":{"line":145,"column":0},"end":{"line":145,"column":45}},"145":{"start":{"line":146,"column":0},"end":{"line":146,"column":85}},"146":{"start":{"line":147,"column":0},"end":{"line":147,"column":7}},"147":{"start":{"line":148,"column":0},"end":{"line":148,"column":42}},"148":{"start":{"line":149,"column":0},"end":{"line":149,"column":5}},"150":{"start":{"line":151,"column":0},"end":{"line":151,"column":29}},"151":{"start":{"line":152,"column":0},"end":{"line":152,"column":17}},"152":{"start":{"line":153,"column":0},"end":{"line":153,"column":38}},"153":{"start":{"line":154,"column":0},"end":{"line":154,"column":17}},"154":{"start":{"line":155,"column":0},"end":{"line":155,"column":44}},"155":{"start":{"line":156,"column":0},"end":{"line":156,"column":18}},"156":{"start":{"line":157,"column":0},"end":{"line":157,"column":45}},"157":{"start":{"line":158,"column":0},"end":{"line":158,"column":17}},"158":{"start":{"line":159,"column":0},"end":{"line":159,"column":60}},"159":{"start":{"line":160,"column":0},"end":{"line":160,"column":18}},"160":{"start":{"line":161,"column":0},"end":{"line":161,"column":52}},"161":{"start":{"line":162,"column":0},"end":{"line":162,"column":40}},"162":{"start":{"line":163,"column":0},"end":{"line":163,"column":45}},"163":{"start":{"line":164,"column":0},"end":{"line":164,"column":17}},"164":{"start":{"line":165,"column":0},"end":{"line":165,"column":17}},"165":{"start":{"line":166,"column":0},"end":{"line":166,"column":60}},"166":{"start":{"line":167,"column":0},"end":{"line":167,"column":18}},"167":{"start":{"line":168,"column":0},"end":{"line":168,"column":62}},"168":{"start":{"line":169,"column":0},"end":{"line":169,"column":17}},"169":{"start":{"line":170,"column":0},"end":{"line":170,"column":60}},"170":{"start":{"line":171,"column":0},"end":{"line":171,"column":17}},"171":{"start":{"line":172,"column":0},"end":{"line":172,"column":60}},"172":{"start":{"line":173,"column":0},"end":{"line":173,"column":14}},"173":{"start":{"line":174,"column":0},"end":{"line":174,"column":20}},"174":{"start":{"line":175,"column":0},"end":{"line":175,"column":5}},"175":{"start":{"line":176,"column":0},"end":{"line":176,"column":3}},"178":{"start":{"line":179,"column":0},"end":{"line":179,"column":51}},"179":{"start":{"line":180,"column":0},"end":{"line":180,"column":41}},"180":{"start":{"line":181,"column":0},"end":{"line":181,"column":31}},"181":{"start":{"line":182,"column":0},"end":{"line":182,"column":63}},"184":{"start":{"line":185,"column":0},"end":{"line":185,"column":18}},"185":{"start":{"line":186,"column":0},"end":{"line":186,"column":21}},"186":{"start":{"line":187,"column":0},"end":{"line":187,"column":81}},"187":{"start":{"line":188,"column":0},"end":{"line":188,"column":42}},"188":{"start":{"line":189,"column":0},"end":{"line":189,"column":42}},"189":{"start":{"line":190,"column":0},"end":{"line":190,"column":14}},"190":{"start":{"line":191,"column":0},"end":{"line":191,"column":22}},"191":{"start":{"line":192,"column":0},"end":{"line":192,"column":42}},"192":{"start":{"line":193,"column":0},"end":{"line":193,"column":42}},"193":{"start":{"line":194,"column":0},"end":{"line":194,"column":42}},"194":{"start":{"line":195,"column":0},"end":{"line":195,"column":72}},"195":{"start":{"line":196,"column":0},"end":{"line":196,"column":14}},"196":{"start":{"line":197,"column":0},"end":{"line":197,"column":24}},"197":{"start":{"line":198,"column":0},"end":{"line":198,"column":46}},"198":{"start":{"line":199,"column":0},"end":{"line":199,"column":46}},"199":{"start":{"line":200,"column":0},"end":{"line":200,"column":46}},"200":{"start":{"line":201,"column":0},"end":{"line":201,"column":14}},"201":{"start":{"line":202,"column":0},"end":{"line":202,"column":26}},"202":{"start":{"line":203,"column":0},"end":{"line":203,"column":46}},"203":{"start":{"line":204,"column":0},"end":{"line":204,"column":46}},"204":{"start":{"line":205,"column":0},"end":{"line":205,"column":46}},"205":{"start":{"line":206,"column":0},"end":{"line":206,"column":76}},"206":{"start":{"line":207,"column":0},"end":{"line":207,"column":14}},"207":{"start":{"line":208,"column":0},"end":{"line":208,"column":14}},"208":{"start":{"line":209,"column":0},"end":{"line":209,"column":20}},"209":{"start":{"line":210,"column":0},"end":{"line":210,"column":5}},"212":{"start":{"line":213,"column":0},"end":{"line":213,"column":76}},"213":{"start":{"line":214,"column":0},"end":{"line":214,"column":18}},"214":{"start":{"line":215,"column":0},"end":{"line":215,"column":5}},"216":{"start":{"line":217,"column":0},"end":{"line":217,"column":58}},"217":{"start":{"line":218,"column":0},"end":{"line":218,"column":3}},"220":{"start":{"line":221,"column":0},"end":{"line":221,"column":44}},"221":{"start":{"line":222,"column":0},"end":{"line":222,"column":34}},"222":{"start":{"line":223,"column":0},"end":{"line":223,"column":73}},"223":{"start":{"line":224,"column":0},"end":{"line":224,"column":48}},"224":{"start":{"line":225,"column":0},"end":{"line":225,"column":6}},"226":{"start":{"line":227,"column":0},"end":{"line":227,"column":70}},"229":{"start":{"line":230,"column":0},"end":{"line":230,"column":44}},"230":{"start":{"line":231,"column":0},"end":{"line":231,"column":54}},"231":{"start":{"line":232,"column":0},"end":{"line":232,"column":33}},"232":{"start":{"line":233,"column":0},"end":{"line":233,"column":5}},"234":{"start":{"line":235,"column":0},"end":{"line":235,"column":20}},"235":{"start":{"line":236,"column":0},"end":{"line":236,"column":3}},"238":{"start":{"line":239,"column":0},"end":{"line":239,"column":34}},"239":{"start":{"line":240,"column":0},"end":{"line":240,"column":26}},"240":{"start":{"line":241,"column":0},"end":{"line":241,"column":26}},"241":{"start":{"line":242,"column":0},"end":{"line":242,"column":26}},"243":{"start":{"line":244,"column":0},"end":{"line":244,"column":34}},"244":{"start":{"line":245,"column":0},"end":{"line":245,"column":34}},"245":{"start":{"line":246,"column":0},"end":{"line":246,"column":27}},"246":{"start":{"line":247,"column":0},"end":{"line":247,"column":26}},"247":{"start":{"line":248,"column":0},"end":{"line":248,"column":24}},"249":{"start":{"line":250,"column":0},"end":{"line":250,"column":14}},"250":{"start":{"line":251,"column":0},"end":{"line":251,"column":14}},"252":{"start":{"line":253,"column":0},"end":{"line":253,"column":21}},"253":{"start":{"line":254,"column":0},"end":{"line":254,"column":50}},"254":{"start":{"line":255,"column":0},"end":{"line":255,"column":20}},"255":{"start":{"line":256,"column":0},"end":{"line":256,"column":15}},"256":{"start":{"line":257,"column":0},"end":{"line":257,"column":49}},"257":{"start":{"line":258,"column":0},"end":{"line":258,"column":16}},"258":{"start":{"line":259,"column":0},"end":{"line":259,"column":15}},"259":{"start":{"line":260,"column":0},"end":{"line":260,"column":33}},"260":{"start":{"line":261,"column":0},"end":{"line":261,"column":16}},"261":{"start":{"line":262,"column":0},"end":{"line":262,"column":15}},"262":{"start":{"line":263,"column":0},"end":{"line":263,"column":33}},"263":{"start":{"line":264,"column":0},"end":{"line":264,"column":16}},"264":{"start":{"line":265,"column":0},"end":{"line":265,"column":7}},"265":{"start":{"line":266,"column":0},"end":{"line":266,"column":13}},"266":{"start":{"line":267,"column":0},"end":{"line":267,"column":5}},"268":{"start":{"line":269,"column":0},"end":{"line":269,"column":12}},"269":{"start":{"line":270,"column":0},"end":{"line":270,"column":29}},"270":{"start":{"line":271,"column":0},"end":{"line":271,"column":29}},"271":{"start":{"line":272,"column":0},"end":{"line":272,"column":28}},"272":{"start":{"line":273,"column":0},"end":{"line":273,"column":6}},"273":{"start":{"line":274,"column":0},"end":{"line":274,"column":3}},"276":{"start":{"line":277,"column":0},"end":{"line":277,"column":34}},"277":{"start":{"line":278,"column":0},"end":{"line":278,"column":26}},"278":{"start":{"line":279,"column":0},"end":{"line":279,"column":26}},"279":{"start":{"line":280,"column":0},"end":{"line":280,"column":26}},"281":{"start":{"line":282,"column":0},"end":{"line":282,"column":40}},"283":{"start":{"line":284,"column":0},"end":{"line":284,"column":18}},"284":{"start":{"line":285,"column":0},"end":{"line":285,"column":20}},"285":{"start":{"line":286,"column":0},"end":{"line":286,"column":12}},"286":{"start":{"line":287,"column":0},"end":{"line":287,"column":60}},"287":{"start":{"line":288,"column":0},"end":{"line":288,"column":26}},"288":{"start":{"line":289,"column":0},"end":{"line":289,"column":26}},"289":{"start":{"line":290,"column":0},"end":{"line":290,"column":48}},"290":{"start":{"line":291,"column":0},"end":{"line":291,"column":30}},"291":{"start":{"line":292,"column":0},"end":{"line":292,"column":56}},"292":{"start":{"line":293,"column":0},"end":{"line":293,"column":17}},"293":{"start":{"line":294,"column":0},"end":{"line":294,"column":8}},"295":{"start":{"line":296,"column":0},"end":{"line":296,"column":54}},"296":{"start":{"line":297,"column":0},"end":{"line":297,"column":26}},"297":{"start":{"line":298,"column":0},"end":{"line":298,"column":33}},"298":{"start":{"line":299,"column":0},"end":{"line":299,"column":27}},"299":{"start":{"line":300,"column":0},"end":{"line":300,"column":33}},"300":{"start":{"line":301,"column":0},"end":{"line":301,"column":5}},"302":{"start":{"line":303,"column":0},"end":{"line":303,"column":12}},"303":{"start":{"line":304,"column":0},"end":{"line":304,"column":29}},"304":{"start":{"line":305,"column":0},"end":{"line":305,"column":29}},"305":{"start":{"line":306,"column":0},"end":{"line":306,"column":28}},"306":{"start":{"line":307,"column":0},"end":{"line":307,"column":6}},"307":{"start":{"line":308,"column":0},"end":{"line":308,"column":3}},"310":{"start":{"line":311,"column":0},"end":{"line":311,"column":34}},"311":{"start":{"line":312,"column":0},"end":{"line":312,"column":26}},"312":{"start":{"line":313,"column":0},"end":{"line":313,"column":26}},"313":{"start":{"line":314,"column":0},"end":{"line":314,"column":26}},"315":{"start":{"line":316,"column":0},"end":{"line":316,"column":34}},"316":{"start":{"line":317,"column":0},"end":{"line":317,"column":34}},"317":{"start":{"line":318,"column":0},"end":{"line":318,"column":27}},"318":{"start":{"line":319,"column":0},"end":{"line":319,"column":27}},"319":{"start":{"line":320,"column":0},"end":{"line":320,"column":50}},"321":{"start":{"line":322,"column":0},"end":{"line":322,"column":16}},"322":{"start":{"line":323,"column":0},"end":{"line":323,"column":21}},"323":{"start":{"line":324,"column":0},"end":{"line":324,"column":20}},"324":{"start":{"line":325,"column":0},"end":{"line":325,"column":15}},"325":{"start":{"line":326,"column":0},"end":{"line":326,"column":51}},"326":{"start":{"line":327,"column":0},"end":{"line":327,"column":16}},"327":{"start":{"line":328,"column":0},"end":{"line":328,"column":15}},"328":{"start":{"line":329,"column":0},"end":{"line":329,"column":35}},"329":{"start":{"line":330,"column":0},"end":{"line":330,"column":16}},"330":{"start":{"line":331,"column":0},"end":{"line":331,"column":15}},"331":{"start":{"line":332,"column":0},"end":{"line":332,"column":35}},"332":{"start":{"line":333,"column":0},"end":{"line":333,"column":16}},"333":{"start":{"line":334,"column":0},"end":{"line":334,"column":7}},"334":{"start":{"line":335,"column":0},"end":{"line":335,"column":15}},"335":{"start":{"line":336,"column":0},"end":{"line":336,"column":5}},"337":{"start":{"line":338,"column":0},"end":{"line":338,"column":12}},"338":{"start":{"line":339,"column":0},"end":{"line":339,"column":31}},"339":{"start":{"line":340,"column":0},"end":{"line":340,"column":38}},"340":{"start":{"line":341,"column":0},"end":{"line":341,"column":37}},"341":{"start":{"line":342,"column":0},"end":{"line":342,"column":6}},"342":{"start":{"line":343,"column":0},"end":{"line":343,"column":3}},"345":{"start":{"line":346,"column":0},"end":{"line":346,"column":34}},"346":{"start":{"line":347,"column":0},"end":{"line":347,"column":26}},"347":{"start":{"line":348,"column":0},"end":{"line":348,"column":26}},"348":{"start":{"line":349,"column":0},"end":{"line":349,"column":26}},"350":{"start":{"line":351,"column":0},"end":{"line":351,"column":43}},"352":{"start":{"line":353,"column":0},"end":{"line":353,"column":18}},"353":{"start":{"line":354,"column":0},"end":{"line":354,"column":23}},"354":{"start":{"line":355,"column":0},"end":{"line":355,"column":12}},"355":{"start":{"line":356,"column":0},"end":{"line":356,"column":34}},"356":{"start":{"line":357,"column":0},"end":{"line":357,"column":26}},"357":{"start":{"line":358,"column":0},"end":{"line":358,"column":28}},"358":{"start":{"line":359,"column":0},"end":{"line":359,"column":32}},"359":{"start":{"line":360,"column":0},"end":{"line":360,"column":38}},"361":{"start":{"line":362,"column":0},"end":{"line":362,"column":22}},"362":{"start":{"line":363,"column":0},"end":{"line":363,"column":46}},"363":{"start":{"line":364,"colum
[...]
"locations":[{"start":{"line":55,"column":28},"end":{"line":55,"column":53}}]},"11":{"type":"branch","line":61,"loc":{"start":{"line":61,"column":35},"end":{"line":63,"column":53}},"locations":[{"start":{"line":61,"column":35},"end":{"line":63,"column":53}}]},"12":{"type":"branch","line":62,"loc":{"start":{"line":62,"column":24},"end":{"line":62,"column":49}},"locations":[{"start":{"line":62,"column":24},"end":{"line":62,"column":49}}]},"13":{"type":"branch","line":62,"loc":{"start":{"line":62,"column":45},"end":{"line":63,"column":53}},"locations":[{"start":{"line":62,"column":45},"end":{"line":63,"column":53}}]},"14":{"type":"branch","line":63,"loc":{"start":{"line":63,"column":28},"end":{"line":63,"column":53}},"locations":[{"start":{"line":63,"column":28},"end":{"line":63,"column":53}}]},"15":{"type":"branch","line":69,"loc":{"start":{"line":69,"column":35},"end":{"line":71,"column":53}},"locations":[{"start":{"line":69,"column":35},"end":{"line":71,"column":53}}]},"16":{"type":"branch","line":70,"loc":{"start":{"line":70,"column":24},"end":{"line":70,"column":49}},"locations":[{"start":{"line":70,"column":24},"end":{"line":70,"column":49}}]},"17":{"type":"branch","line":70,"loc":{"start":{"line":70,"column":45},"end":{"line":71,"column":53}},"locations":[{"start":{"line":70,"column":45},"end":{"line":71,"column":53}}]},"18":{"type":"branch","line":71,"loc":{"start":{"line":71,"column":28},"end":{"line":71,"column":53}},"locations":[{"start":{"line":71,"column":28},"end":{"line":71,"column":53}}]},"19":{"type":"branch","line":77,"loc":{"start":{"line":77,"column":35},"end":{"line":79,"column":53}},"locations":[{"start":{"line":77,"column":35},"end":{"line":79,"column":53}}]},"20":{"type":"branch","line":78,"loc":{"start":{"line":78,"column":26},"end":{"line":78,"column":51}},"locations":[{"start":{"line":78,"column":26},"end":{"line":78,"column":51}}]},"21":{"type":"branch","line":78,"loc":{"start":{"line":78,"column":47},"end":{"line":79,"column":53}},"locations":[{"start":{"line":78,"column":47},"end":{"line":79,"column":53}}]},"22":{"type":"branch","line":79,"loc":{"start":{"line":79,"column":28},"end":{"line":79,"column":53}},"locations":[{"start":{"line":79,"column":28},"end":{"line":79,"column":53}}]},"23":{"type":"branch","line":85,"loc":{"start":{"line":85,"column":35},"end":{"line":87,"column":53}},"locations":[{"start":{"line":85,"column":35},"end":{"line":87,"column":53}}]},"24":{"type":"branch","line":86,"loc":{"start":{"line":86,"column":26},"end":{"line":86,"column":51}},"locations":[{"start":{"line":86,"column":26},"end":{"line":86,"column":51}}]},"25":{"type":"branch","line":86,"loc":{"start":{"line":86,"column":47},"end":{"line":87,"column":53}},"locations":[{"start":{"line":86,"column":47},"end":{"line":87,"column":53}}]},"26":{"type":"branch","line":87,"loc":{"start":{"line":87,"column":28},"end":{"line":87,"column":53}},"locations":[{"start":{"line":87,"column":28},"end":{"line":87,"column":53}}]},"27":{"type":"branch","line":93,"loc":{"start":{"line":93,"column":35},"end":{"line":95,"column":53}},"locations":[{"start":{"line":93,"column":35},"end":{"line":95,"column":53}}]},"28":{"type":"branch","line":94,"loc":{"start":{"line":94,"column":26},"end":{"line":94,"column":51}},"locations":[{"start":{"line":94,"column":26},"end":{"line":94,"column":51}}]},"29":{"type":"branch","line":94,"loc":{"start":{"line":94,"column":47},"end":{"line":95,"column":53}},"locations":[{"start":{"line":94,"column":47},"end":{"line":95,"column":53}}]}},"b":{"0":[3],"1":[18],"2":[108],"3":[648],"4":[3],"5":[648],"6":[108],"7":[648],"8":[270],"9":[165],"10":[0],"11":[648],"12":[270],"13":[165],"14":[0],"15":[648],"16":[270],"17":[165],"18":[45],"19":[648],"20":[108],"21":[45],"22":[0],"23":[648],"24":[108],"25":[45],"26":[0],"27":[648],"28":[108],"29":[45]},"fnMap":{"0":{"name":"generateWebSafeColors","decl":{"start":{"line":15,"column":0},"end":{"line":32,"column":1}},"loc":{"start":{"line":15,"column":0},"end":{"line":32,"column":1}},"line":15},"1":{"name":"categorizeWebSafeColors","decl":{"start":{"line":43,"column":0},"end":{"line":101,"column":1}},"loc":{"start":{"line":43,"column":0},"end":{"line":101,"column":1}},"line":43}},"f":{"0":3,"1":3}}
,"/Users/tarek/development/creating-mcp/color-tools/src/types/BrandedTypes.ts": {"path":"/Users/tarek/development/creating-mcp/color-tools/src/types/BrandedTypes.ts","all":true,"statementMap":{"63":{"start":{"line":64,"column":0},"end":{"line":64,"column":36}},"64":{"start":{"line":65,"column":0},"end":{"line":65,"column":59}},"65":{"start":{"line":66,"column":0},"end":{"line":66,"column":63}},"66":{"start":{"line":67,"column":0},"end":{"line":67,"column":92}},"67":{"start":{"line":68,"column":0},"end":{"line":68,"column":5}},"68":{"start":{"line":69,"column":0},"end":{"line":69,"column":29}},"69":{"start":{"line":70,"column":0},"end":{"line":70,"column":3}},"71":{"start":{"line":72,"column":0},"end":{"line":72,"column":59}},"72":{"start":{"line":73,"column":0},"end":{"line":73,"column":64}},"73":{"start":{"line":74,"column":0},"end":{"line":74,"column":90}},"74":{"start":{"line":75,"column":0},"end":{"line":75,"column":5}},"75":{"start":{"line":76,"column":0},"end":{"line":76,"column":29}},"76":{"start":{"line":77,"column":0},"end":{"line":77,"column":3}},"78":{"start":{"line":79,"column":0},"end":{"line":79,"column":67}},"79":{"start":{"line":80,"column":0},"end":{"line":80,"column":64}},"80":{"start":{"line":81,"column":0},"end":{"line":81,"column":94}},"81":{"start":{"line":82,"column":0},"end":{"line":82,"column":5}},"82":{"start":{"line":83,"column":0},"end":{"line":83,"column":33}},"83":{"start":{"line":84,"column":0},"end":{"line":84,"column":3}},"85":{"start":{"line":86,"column":0},"end":{"line":86,"column":63}},"86":{"start":{"line":87,"column":0},"end":{"line":87,"column":62}},"87":{"start":{"line":88,"column":0},"end":{"line":88,"column":90}},"88":{"start":{"line":89,"column":0},"end":{"line":89,"column":5}},"89":{"start":{"line":90,"column":0},"end":{"line":90,"column":31}},"90":{"start":{"line":91,"column":0},"end":{"line":91,"column":3}},"92":{"start":{"line":93,"column":0},"end":{"line":93,"column":67}},"93":{"start":{"line":94,"column":0},"end":{"line":94,"column":64}},"94":{"start":{"line":95,"column":0},"end":{"line":95,"column":94}},"95":{"start":{"line":96,"column":0},"end":{"line":96,"column":5}},"96":{"start":{"line":97,"column":0},"end":{"line":97,"column":33}},"97":{"start":{"line":98,"column":0},"end":{"line":98,"column":3}},"99":{"start":{"line":100,"column":0},"end":{"line":100,"column":69}},"100":{"start":{"line":101,"column":0},"end":{"line":101,"column":36}},"101":{"start":{"line":102,"column":0},"end":{"line":102,"column":78}},"102":{"start":{"line":103,"column":0},"end":{"line":103,"column":5}},"103":{"start":{"line":104,"column":0},"end":{"line":104,"column":34}},"104":{"start":{"line":105,"column":0},"end":{"line":105,"column":3}},"106":{"start":{"line":107,"column":0},"end":{"line":107,"column":61}},"107":{"start":{"line":108,"column":0},"end":{"line":108,"column":79}},"108":{"start":{"line":109,"column":0},"end":{"line":109,"column":34}},"109":{"start":{"line":110,"column":0},"end":{"line":110,"column":110}},"110":{"start":{"line":111,"column":0},"end":{"line":111,"column":5}},"111":{"start":{"line":112,"column":0},"end":{"line":112,"column":44}},"112":{"start":{"line":113,"column":0},"end":{"line":113,"column":3}},"115":{"start":{"line":116,"column":0},"end":{"line":116,"column":81}},"116":{"start":{"line":117,"column":0},"end":{"line":117,"column":12}},"117":{"start":{"line":118,"column":0},"end":{"line":118,"column":27}},"118":{"start":{"line":119,"column":0},"end":{"line":119,"column":27}},"119":{"start":{"line":120,"column":0},"end":{"line":120,"column":26}},"120":{"start":{"line":121,"column":0},"end":{"line":121,"column":6}},"121":{"start":{"line":122,"column":0},"end":{"line":122,"column":3}},"123":{"start":{"line":124,"column":0},"end":{"line":124,"column":94}},"124":{"start":{"line":125,"column":0},"end":{"line":125,"column":12}},"125":{"start":{"line":126,"column":0},"end":{"line":126,"column":27}},"126":{"start":{"line":127,"column":0},"end":{"line":127,"column":27}},"127":{"start":{"line":128,"column":0},"end":{"line":128,"column":27}},"128":{"start":{"line":129,"column":0},"end":{"line":129,"column":28}},"129":{"start":{"line":130,"column":0},"end":{"line":130,"column":6}},"130":{"start":{"line":131,"column":0},"end":{"line":131,"column":3}},"132":{"start":{"line":133,"column":0},"end":{"line":133,"column":81}},"133":{"start":{"line":134,"column":0},"end":{"line":134,"column":12}},"134":{"start":{"line":135,"column":0},"end":{"line":135,"column":27}},"135":{"start":{"line":136,"column":0},"end":{"line":136,"column":31}},"136":{"start":{"line":137,"column":0},"end":{"line":137,"column":30}},"137":{"start":{"line":138,"column":0},"end":{"line":138,"column":6}},"138":{"start":{"line":139,"column":0},"end":{"line":139,"column":3}},"140":{"start":{"line":141,"column":0},"end":{"line":141,"column":94}},"141":{"start":{"line":142,"column":0},"end":{"line":142,"column":12}},"142":{"start":{"line":143,"column":0},"end":{"line":143,"column":27}},"143":{"start":{"line":144,"column":0},"end":{"line":144,"column":31}},"144":{"start":{"line":145,"column":0},"end":{"line":145,"column":31}},"145":{"start":{"line":146,"column":0},"end":{"line":146,"column":28}},"146":{"start":{"line":147,"column":0},"end":{"line":147,"column":6}},"147":{"start":{"line":148,"column":0},"end":{"line":148,"column":3}},"149":{"start":{"line":150,"column":0},"end":{"line":150,"column":81}},"150":{"start":{"line":151,"column":0},"end":{"line":151,"column":12}},"151":{"start":{"line":152,"column":0},"end":{"line":152,"column":27}},"152":{"start":{"line":153,"column":0},"end":{"line":153,"column":31}},"153":{"start":{"line":154,"column":0},"end":{"line":154,"column":30}},"154":{"start":{"line":155,"column":0},"end":{"line":155,"column":6}},"155":{"start":{"line":156,"column":0},"end":{"line":156,"column":3}},"157":{"start":{"line":158,"column":0},"end":{"line":158,"column":94}},"158":{"start":{"line":159,"column":0},"end":{"line":159,"column":12}},"159":{"start":{"line":160,"column":0},"end":{"line":160,"column":31}},"160":{"start":{"line":161,"column":0},"end":{"line":161,"column":31}},"161":{"start":{"line":162,"column":0},"end":{"line":162,"column":31}},"162":{"start":{"line":163,"column":0},"end":{"line":163,"column":30}},"163":{"start":{"line":164,"column":0},"end":{"line":164,"column":6}},"164":{"start":{"line":165,"column":0},"end":{"line":165,"column":3}},"166":{"start":{"line":167,"column":0},"end":{"line":167,"column":81}},"167":{"start":{"line":168,"column":0},"end":{"line":168,"column":12}},"168":{"start":{"line":169,"column":0},"end":{"line":169,"column":31}},"169":{"start":{"line":170,"column":0},"end":{"line":170,"column":32}},"170":{"start":{"line":171,"column":0},"end":{"line":171,"column":31}},"171":{"start":{"line":172,"column":0},"end":{"line":172,"column":6}},"172":{"start":{"line":173,"column":0},"end":{"line":173,"column":3}},"174":{"start":{"line":175,"column":0},"end":{"line":175,"column":81}},"175":{"start":{"line":176,"column":0},"end":{"line":176,"column":82}},"176":{"start":{"line":177,"column":0},"end":{"line":177,"column":52}},"177":{"start":{"line":178,"column":0},"end":{"line":178,"column":5}},"178":{"start":{"line":179,"column":0},"end":{"line":179,"column":23}},"179":{"start":{"line":180,"column":0},"end":{"line":180,"column":3}},"183":{"start":{"line":184,"column":0},"end":{"line":184,"column":36}},"184":{"start":{"line":185,"column":0},"end":{"line":185,"column":65}},"185":{"start":{"line":186,"column":0},"end":{"line":186,"column":94}},"186":{"start":{"line":187,"column":0},"end":{"line":187,"column":3}},"188":{"start":{"line":189,"column":0},"end":{"line":189,"column":65}},"189":{"start":{"line":190,"column":0},"end":{"line":190,"column":67}},"190":{"start":{"line":191,"column":0},"end":{"line":191,"column":3}},"192":{"start":{"line":193,"column":0},"end":{"line":193,"column":73}},"193":{"start":{"line":194,"column":0},"end":{"line":194,"column":67}},"194":{"start":{"line":195,"column":0},"end":{"line":195,"column":3}},"196":{"start":{"line":197,"column":0},"end":{"line":197,"column":69}},"197":{"start":{"line":198,"column":0},"end":{"line":198,"column":65}},"198":{"start":{"line":199,"column":0},"end":{"line":199,"column":3}},"200":{"start":{"line":201,"column":0},"end":{"line":201,"column":67}},"201":{"start":{"line":202,"column":0},"end":{"line":202,"column":48}},"202":{"start":{"line":203,"column":0},"end":{"line":203,"column":79}},"203":{"start":{"line":204,"column":0},"end":{"line":204,"column":34}},"204":{"start":{"line":205,"column":0},"end":{"line":205,"column":3}},"206":{"start":{"line":207,"column":0},"end":{"line":207,"column":69}},"207":{"start":{"line":208,"column":0},"end":{"line":208,"column":12}},"208":{"start":{"line":209,"column":0},"end":{"line":209,"column":34}},"209":{"start":{"line":210,"column":0},"end":{"line":210,"column":23}},"210":{"start":{"line":211,"column":0},"end":{"line":211,"column":21}},"211":{"start":{"line":212,"column":0},"end":{"line":212,"column":21}},"212":{"start":{"line":213,"column":0},"end":{"line":213,"column":21}},"213":{"start":{"line":214,"column":0},"end":{"line":214,"column":37}},"214":{"start":{"line":215,"column":0},"end":{"line":215,"column":37}},"215":{"start":{"line":216,"column":0},"end":{"line":216,"column":34}},"217":{"start":{"line":218,"column":0},"end":{"line":218,"column":3}},"219":{"start":{"line":220,"column":0},"end":{"line":220,"column":71}},"220":{"start":{"line":221,"column":0},"end":{"line":221,"column":12}},"221":{"start":{"line":222,"column":0},"end":{"line":222,"column":28}},"222":{"start":{"line":223,"column":0},"end":{"line":223,"column":21}},"223":{"start":{"line":224,"column":0},"end":{"line":224,"column":36}},"225":{"start":{"line":226,"column":0},"end":{"line":226,"column":3}},"227":{"start":{"line":228,"column":0},"end":{"line":228,"column":69}},"228":{"start":{"line":229,"column":0},"end":{"line":229,"column":12}},"229":{"start":{"line":230,"column":0},"end":{"line":230,"column":34}},"230":{"start":{"line":231,"column":0},"end":{"line":231,"column":23}},"231":{"start":{"line":232,"column":0},"end":{"line":232,"column":21}},"232":{"start":{"line":233,"column":0},"end":{"line":233,"column":21}},"233":{"start":{"line":234,"column":0},"end":{"line":234,"column":21}},"234":{"start":{"line":235,"column":0},"end":{"line":235,"column":37}},"235":{"start":{"line":236,"column":0},"end":{"line":236,"column":41}},"236":{"start":{"line":237,"column":0},"end":{"line":237,"column":38}},"238":{"start":{"line":239,"column":0},"end":{"line":239,"column":3}},"240":{"start":{"line":241,"column":0},"end":{"line":241,"column":71}},"241":{"start":{"line":242,"column":0},"end":{"line":242,"column":12}},"242":{"start":{"line":243,"column":0},"end":{"line":243,"column":28}},"243":{"start":{"line":244,"column":0},"end":{"line":244,"column":21}},"244":{"start":{"line":245,"column":0},"end":{"line":245,"column":36}},"246":{"start":{"line":247,"column":0},"end":{"line":247,"column":3}},"250":{"start":{"line":251,"column":0},"end":{"line":251,"column":36}},"252":{"start":{"line":253,"column":0},"end":{"line":253,"column":88}},"253":{"start":{"line":254,"column":0},"end":{"line":254,"column":67}},"254":{"start":{"line":255,"column":0},"end":{"line":255,"column":3}},"256":{"start":{"line":257,"column":0},"end":{"line":257,"column":102}},"257":{"start":{"line":258,"column":0},"end":{"line":258,"column":79}},"258":{"start":{"line":259,"column":0},"end":{"line":259,"column":3}},"260":{"start":{"line":261,"column":0},"end":{"line":261,"column":88}},"261":{"start":{"line":262,"column":0},"end":{"line":262,"column":67}},"262":{"start":{"line":263,"column":0},"end":{"line":263,"column":3}},"264":{"start":{"line":265,"column":0},"end":{"line":265,"column":102}},"265":{"start":{"line":266,"column":0},"end":{"line":266,"column":79}},"266":{"start":{"line":267,"column":0},"end":{"line":267,"column":3}},"269":{"start":{"line":270,"column":0},"end":{"line":270,"column":86}},"270":{"start":{"line":271,"column":0},"end":{"line":271,"column":74}},"271":{"start":{"line":272,"column":0},"end":{"line":272,"column":3}},"273":{"start":{"line":274,"column":0},"end":{"line":274,"column":100}},"274":{"start":{"line":275,"column":0},"end":{"line":275,"column":13}},"275":{"start":{"line":276,"column":0},"end":{"line":276,"column":27}},"276":{"start":{"line":277,"column":0},"end":{"line":277,"column":27}},"277":{"start":{"line":278,"column":0},"end":{"line":278,"column":27}},"278":{"start":{"line":279,"column":0},"end":{"line":279,"column":26}},"279":{"start":{"line":280,"column":0},"end":{"line":280,"column":6}},"280":{"start":{"line":281,"column":0},"end":{"line":281,"column":3}},"282":{"start":{"line":283,"column":0},"end":{"line":283,"column":86}},"283":{"start":{"line":284,"column":0},"end":{"line":284,"column":74}},"284":{"start":{"line":285,"column":0},"end":{"line":285,"column":3}},"286":{"start":{"line":287,"column":0},"end":{"line":287,"column":100}},"287":{"start":{"line":288,"column":0},"end":{"line":288,"column":13}},"288":{"start":{"line":289,"column":0},"end":{"line":289,"column":27}},"289":{"start":{"line":290,"column":0},"end":{"line":290,"column":27}},"290":{"start":{"line":291,"column":0},"end":{"line":291,"column":27}},"291":{"start":{"line":292,"column":0},"end":{"line":292,"column":26}},"292":{"start":{"line":293,"column":0},"end":{"line":293,"column":6}},"293":{"start":{"line":294,"column":0},"end":{"line":294,"column":3}},"307":{"start":{"line":308,"column":0},"end":{"line":308,"column":61}},"308":{"start":{"line":309,"column":0},"end":{"line":309,"column":27}},"309":{"start":{"line":310,"column":0},"end":{"line":310,"column":32}},"310":{"start":{"line":311,"column":0},"end":{"line":311,"column":65}},"311":{"start":{"line":312,"column":0},"end":{"line":312,"column":2}}},"s":{"63":0,"64":0,"65":0,"66":0,"67":0,"68":0,"69":0,"71":0,"72":0,"73":0,"74":0,"75":0,"76":0,"78":0,"79":0,"80":0,"81":0,"82":0,"83":0,"85":0,"86":0,"87":0,"88":0,"89":0,"90":0,"92":0,"93":0,"94":0,"95":0,"96":0,"97":0,"99":0,"100":0,"101":0,"102":0,"103":0,"104":0,"106":0,"107":0,"108":0,"109":0,"110":0,"111":0,"112":0,"115":0,"116":0,"117":0,"118":0,"119":0,"120":0,"121":0,"123":0,"124":0,"125":0,"126":0,"127":0,"128":0,"129":0,"130":0,"132":0,"133":0,"134":0,"135":0,"136":0,"137":0,"138":0,"140":0,"141":0,"142":0,"143":0,"144":0,"145":0,"146":0,"147":0,"149":0,"150":0,"151":0,"152":0,"153":0,"154":0,"155":0,"157":0,"158":0,"159":0,"160":0,"161":0,"162":0,"163":0,"164":0,"166":0,"167":0,"168":0,"169":0,"170":0,"171":0,"172":0,"174":0,"175":0,"176":0,"177":0,"178":0,"179":0,"183":0,"184":0,"185":0,"186":0,"188":0,"189":0,"190":0,"192":0,"193":0,"194":0,"196":0,"197":0,"198":0,"200":0,"201":0,"202":0,"203":0,"204":0,"206":0,"207":0,"208":0,"209":0,"210":0,"211":0,"212":0,"213":0,"214":0,"215":0,"217":0,"219":0,"220":0,"221":0,"222":0,"223":0,"225":0,"227":0,"228":0,"229":0,"230":0,"231":0,"232":0,"233":0,"234":0,"235":0,"236":0,"238":0,"240":0,"241":0,"242":0,"243":0,"244":0,"246":0,"250":0,"252":0,"253":0,"254":0,"256":0,"257":0,"258":0,"260":0,"261":0,"262":0,"264":0,"265":0,"266":0,"269":0,"270":0,"271":0,"273":0,"274":0,"275":0,"276":0,"277":0,"278":0,"279":0,"280":0,"282":0,"283":0,"284":0,"286":0,"287":0,"288":0,"289":0,"290":0,"291":0,"292":0,"293":0,"307":0,"308":0,"309":0,"310":0,"311":0},"branchMap":{"0":{"type":"branch","line":1,"loc":{"start":{"line":1,"column":9556},"end":{"line":312,"column":2}},"locations":[{"start":{"line":1,"column":9556},"end":{"line":312,"column":2}}]}},"b":{"0":[1]},"fnMap":{"0":{"name":"(empty-report)","decl":{"start":{"line":1,"column":9556},"end":{"line":312,"column":2}},"loc":{"start":{"line":1,"column":9556},"end":{"line":312,"column":2}},"line":1}},"f":{"0":1}}
}
